<?xml version="1.0" encoding="UTF-8"?>
<testsuite name="BaselineMarried.atest Test" failures="1" tests="5" time="37.655" errors="0">
  <properties/>
  <testcase name="runModel (BaselineMarried[BaselineMarried])" time="36.195" classname="com.metascape.escape.testng.runtime.ParameterTest"/>
  <testcase name="runModel (BaselineMarried[BaselineMarried])" time="36.356" classname="com.metascape.escape.testng.runtime.ParameterTest"/>
  <testcase name="runModel (BaselineMarried[BaselineMarried])" time="36.914" classname="com.metascape.escape.testng.runtime.ParameterTest"/>
  <testcase name="runModel (BaselineMarried[BaselineMarried])" time="37.356" classname="com.metascape.escape.testng.runtime.ParameterTest">
    <failure type="java.lang.AssertionError" message="
Count Adult Condom High Intender Contraception Method 128.0 &gt; 127">
      <![CDATA[java.lang.AssertionError: 
Count Adult Condom High Intender Contraception Method 128.0 > 127
	at com.metascape.escape.testng.runtime.ParameterTest.runModel(ParameterTest.java:274)
	at java.util.concurrent.ThreadPoolExecutor$Worker.runTask(ThreadPoolExecutor.java:885)
	at java.util.concurrent.ThreadPoolExecutor$Worker.run(ThreadPoolExecutor.java:907)
	at java.lang.Thread.run(Thread.java:637)
... Removed 12 stack frames]]>
    </failure>
  </testcase>
  <testcase name="runModel (BaselineMarried[BaselineMarried])" time="37.619" classname="com.metascape.escape.testng.runtime.ParameterTest"/>
</testsuite>
