<?xml version="1.0" encoding="UTF-8"?>
<testsuite name="ContraPill4m Test" failures="0" tests="5" time="20.041" errors="0">
  <properties/>
  <testcase name="runModel (Contraception Pill 4m: Spot Check of Partner Sterilization Covariate for Pill Equation Among Marrieds [ContraPill4m])" time="19.808" classname="com.metascape.escape.testng.runtime.ParameterTest"/>
  <testcase name="runModel (Contraception Pill 4m: Spot Check of Partner Sterilization Covariate for Pill Equation Among Marrieds [ContraPill4m])" time="19.894" classname="com.metascape.escape.testng.runtime.ParameterTest"/>
  <testcase name="runModel (Contraception Pill 4m: Spot Check of Partner Sterilization Covariate for Pill Equation Among Marrieds [ContraPill4m])" time="19.9" classname="com.metascape.escape.testng.runtime.ParameterTest"/>
  <testcase name="runModel (Contraception Pill 4m: Spot Check of Partner Sterilization Covariate for Pill Equation Among Marrieds [ContraPill4m])" time="19.9" classname="com.metascape.escape.testng.runtime.ParameterTest"/>
  <testcase name="runModel (Contraception Pill 4m: Spot Check of Partner Sterilization Covariate for Pill Equation Among Marrieds [ContraPill4m])" time="19.9" classname="com.metascape.escape.testng.runtime.ParameterTest"/>
</testsuite>
