<?xml version="1.0" encoding="UTF-8"?>
<testsuite name="Beta Unit Test Married" failures="1" tests="1" time="29.457" errors="0">
  <properties/>
  <testcase name="executeFileTest" time="29.424" classname="com.metascape.ecscape.test.RunATest">
    <failure type="java.lang.AssertionError" message="Count Adult Moderate Frequency Coital Behavior Type 1228.0 &lt; 2391 expected:&lt;true&gt; but was:&lt;false&gt;">
      <![CDATA[java.lang.AssertionError: Count Adult Moderate Frequency Coital Behavior Type 1228.0 < 2391 expected:<true> but was:<false>
	at com.metascape.ecscape.test.RunATest.executeFileTest(RunATest.java:126)
	at java.util.concurrent.ThreadPoolExecutor$Worker.runTask(ThreadPoolExecutor.java:650)
	at java.util.concurrent.ThreadPoolExecutor$Worker.run(ThreadPoolExecutor.java:675)
	at java.lang.Thread.run(Thread.java:613)
... Removed 20 stack frames]]>
    </failure>
  </testcase>
</testsuite>
