<?xml version="1.0" encoding="UTF-8" ?>
<testsuites>
  <testsuite errors="0" failures="220" id="0" name="Test" package="" tests="342" time="5511.566">
      <properties />

      <testcase classname="com.metascape.escape.testng.runtime.ParameterTest" name="runModel (Condom 2b: Spot Check of Covariates High Condom Equation Among Unmarrieds [Cond2b])" time="9.098" />

      <testcase classname="com.metascape.escape.testng.runtime.ParameterTest" name="runModel (Sexual Behavior 9: Cross Check of Covariates - Unmarried Parameters[CoitalFrequency9])" time="138.48" />

      <testcase classname="com.metascape.escape.testng.runtime.ParameterTest" name="runModel (Sexual Behavior 19: Check of Married Low CoitFreq Thresholds [CoitalFrequency19])" time="151.997">
          <failure message="Series not found for constraint: Max Adult Sex Count in Lifetime" type="java.lang.AssertionError">
      <![CDATA[java.lang.AssertionError: Series not found for constraint: Max Adult Sex Count in Lifetime
	at com.metascape.escape.testng.runtime.ParameterTest.runModel(ParameterTest.java:185)
	at java.util.concurrent.ThreadPoolExecutor$Worker.runTask(ThreadPoolExecutor.java:885)
	at java.util.concurrent.ThreadPoolExecutor$Worker.run(ThreadPoolExecutor.java:907)
	at java.lang.Thread.run(Thread.java:637)
... Removed 12 stack frames]]>
    </failure>

      </testcase>

      <testcase classname="com.metascape.escape.testng.runtime.ParameterTest" name="runModel (AllContr 1: Check of Contraceptive Efficacy of All Methods Among Unmarrieds [AllContr1])" time="154.514">
          <failure message=" Sum Adult Pregnancies in Lifetime 851.0 &lt; 1155 Sum Adult Abortions in Lifetime 251.0 &lt; 369 Sum Adult Miscarriages in Lifetime 234.0 &lt; 353 Sum Adult Births in Lifetime 230.0 &lt; 295 Sum Adult Poor Births in Lifetime 121.0 &lt; 153" type="java.lang.AssertionError">
      <![CDATA[java.lang.AssertionError: 
Sum Adult Pregnancies in Lifetime 851.0 < 1155
Sum Adult Abortions in Lifetime 251.0 < 369
Sum Adult Miscarriages in Lifetime 234.0 < 353
Sum Adult Births in Lifetime 230.0 < 295
Sum Adult Poor Births in Lifetime 121.0 < 153
	at com.metascape.escape.testng.runtime.ParameterTest.runModel(ParameterTest.java:198)
	at java.util.concurrent.ThreadPoolExecutor$Worker.runTask(ThreadPoolExecutor.java:885)
	at java.util.concurrent.ThreadPoolExecutor$Worker.run(ThreadPoolExecutor.java:907)
	at java.lang.Thread.run(Thread.java:637)
... Removed 12 stack frames]]>
    </failure>

      </testcase>

      <testcase classname="com.metascape.escape.testng.runtime.ParameterTest" name="runModel (Sexual Behavior 17: Check of Married High CoitFreq Thresholds [CoitalFrequency17])" time="155.58">
          <failure message="Series not found for constraint: Max Adult Sex Count in Lifetime" type="java.lang.AssertionError">
      <![CDATA[java.lang.AssertionError: Series not found for constraint: Max Adult Sex Count in Lifetime
	at com.metascape.escape.testng.runtime.ParameterTest.runModel(ParameterTest.java:185)
	at java.util.concurrent.ThreadPoolExecutor$Worker.runTask(ThreadPoolExecutor.java:885)
	at java.util.concurrent.ThreadPoolExecutor$Worker.run(ThreadPoolExecutor.java:907)
	at java.lang.Thread.run(Thread.java:637)
... Removed 12 stack frames]]>
    </failure>

      </testcase>

      <testcase classname="com.metascape.escape.testng.runtime.ParameterTest" name="runModel (Miscarr 3: Spot Check of Covariates for Miscarriage Equation among Unmarrieds[Miscarr3])" time="155.606">
          <failure message=" Sum Adult Miscarriages in Lifetime 319.0 &gt; 0 Sum Adult Abortions in Lifetime 339.0 &lt; 369 Sum Adult Births in Lifetime 291.0 &lt; 295" type="java.lang.AssertionError">
      <![CDATA[java.lang.AssertionError: 
Sum Adult Miscarriages in Lifetime 319.0 > 0
Sum Adult Abortions in Lifetime 339.0 < 369
Sum Adult Births in Lifetime 291.0 < 295
	at com.metascape.escape.testng.runtime.ParameterTest.runModel(ParameterTest.java:198)
	at java.util.concurrent.ThreadPoolExecutor$Worker.runTask(ThreadPoolExecutor.java:885)
	at java.util.concurrent.ThreadPoolExecutor$Worker.run(ThreadPoolExecutor.java:907)
	at java.lang.Thread.run(Thread.java:637)
... Removed 12 stack frames]]>
    </failure>

      </testcase>

      <testcase classname="com.metascape.escape.testng.runtime.ParameterTest" name="runModel (Sexual Behavior 20: Check of Unmarried High CoitFreq Thresholds [CoitalFrequency20])" time="151.108">
          <failure message=" Average Adult Sex Count in Lifetime 675.5958032335741 &lt; 715 Count Adult High Frequency Coital Behavior Type 3482.0 &lt; 5814" type="java.lang.AssertionError">
      <![CDATA[java.lang.AssertionError: 
Average Adult Sex Count in Lifetime 675.5958032335741 < 715
Count Adult High Frequency Coital Behavior Type 3482.0 < 5814
	at com.metascape.escape.testng.runtime.ParameterTest.runModel(ParameterTest.java:198)
	at java.util.concurrent.ThreadPoolExecutor$Worker.runTask(ThreadPoolExecutor.java:885)
	at java.util.concurrent.ThreadPoolExecutor$Worker.run(ThreadPoolExecutor.java:907)
	at java.lang.Thread.run(Thread.java:637)
... Removed 12 stack frames]]>
    </failure>

      </testcase>

      <testcase classname="com.metascape.escape.testng.runtime.ParameterTest" name="runModel (Condom 6m: Check of Condom Efficacy Among Marrieds [Cond6m])" time="180.431">
          <failure message=" Count Adult Condom High Intender Contraception Method 1019.0 &lt; 2093 Sum Adult Pregnancies in Lifetime 72.0 &gt; 0 Sum Adult Abortions in Lifetime 21.0 &gt; 0 Sum Adult Miscarriages in Lifetime 23.0 &gt; 0 Sum Adult Births in Lifetime 18.0 &gt; 0 Sum Adult Poor Births in Lifetime 5.0 &gt; 0" type="java.lang.AssertionError">
      <![CDATA[java.lang.AssertionError: 
Count Adult Condom High Intender Contraception Method 1019.0 < 2093
Sum Adult Pregnancies in Lifetime 72.0 > 0
Sum Adult Abortions in Lifetime 21.0 > 0
Sum Adult Miscarriages in Lifetime 23.0 > 0
Sum Adult Births in Lifetime 18.0 > 0
Sum Adult Poor Births in Lifetime 5.0 > 0
	at com.metascape.escape.testng.runtime.ParameterTest.runModel(ParameterTest.java:198)
	at java.util.concurrent.ThreadPoolExecutor$Worker.runTask(ThreadPoolExecutor.java:885)
	at java.util.concurrent.ThreadPoolExecutor$Worker.run(ThreadPoolExecutor.java:907)
	at java.lang.Thread.run(Thread.java:637)
... Removed 12 stack frames]]>
    </failure>

      </testcase>

      <testcase classname="com.metascape.escape.testng.runtime.ParameterTest" name="runModel (Sexual Behavior 24: Check of Unmarried Sexual Behavior (Moderate Threshold) [CoitalFrequency24])" time="7.084">
          <failure message="Series not found for constraint: Max Adult Sex Count in Lifetime" type="java.lang.AssertionError">
      <![CDATA[java.lang.AssertionError: Series not found for constraint: Max Adult Sex Count in Lifetime
	at com.metascape.escape.testng.runtime.ParameterTest.runModel(ParameterTest.java:185)
	at java.util.concurrent.ThreadPoolExecutor$Worker.runTask(ThreadPoolExecutor.java:885)
	at java.util.concurrent.ThreadPoolExecutor$Worker.run(ThreadPoolExecutor.java:907)
	at java.lang.Thread.run(Thread.java:637)
... Removed 12 stack frames]]>
    </failure>

      </testcase>

      <testcase classname="com.metascape.escape.testng.runtime.ParameterTest" name="runModel (Abortion 1m: First Check of Baseline Factor for Abortion among Marrieds[Abort1m])" time="197.437">
          <failure message=" Sum Adult Miscarriages in Lifetime 253.0 &lt; 368" type="java.lang.AssertionError">
      <![CDATA[java.lang.AssertionError: 
Sum Adult Miscarriages in Lifetime 253.0 < 368
	at com.metascape.escape.testng.runtime.ParameterTest.runModel(ParameterTest.java:198)
	at java.util.concurrent.ThreadPoolExecutor$Worker.runTask(ThreadPoolExecutor.java:885)
	at java.util.concurrent.ThreadPoolExecutor$Worker.run(ThreadPoolExecutor.java:907)
	at java.lang.Thread.run(Thread.java:637)
... Removed 12 stack frames]]>
    </failure>

      </testcase>

      <testcase classname="com.metascape.escape.testng.runtime.ParameterTest" name="runModel (Sexual Behavior 26: Check of Lunar Days for Unmarrieds (high value) [CoitalFrequency26])" time="59.568">
          <failure message=" Average Adult Sex Count in Lifetime 218.01651186790505 &gt; 1 Average Adult Sex Partners in Lifetime 4.500859993120055 &gt; 1" type="java.lang.AssertionError">
      <![CDATA[java.lang.AssertionError: 
Average Adult Sex Count in Lifetime 218.01651186790505 > 1
Average Adult Sex Partners in Lifetime 4.500859993120055 > 1
	at com.metascape.escape.testng.runtime.ParameterTest.runModel(ParameterTest.java:198)
	at java.util.concurrent.ThreadPoolExecutor$Worker.runTask(ThreadPoolExecutor.java:885)
	at java.util.concurrent.ThreadPoolExecutor$Worker.run(ThreadPoolExecutor.java:907)
	at java.lang.Thread.run(Thread.java:637)
... Removed 11 stack frames]]>
    </failure>

      </testcase>

      <testcase classname="com.metascape.escape.testng.runtime.ParameterTest" name="runModel (Minimum Age 1: Check of Minimum Age Parameter for Unmarrieds [MinAge1])" time="60.272">
          <failure message=" Count Adult In Relationship 2852.0 &lt; 2900.92 Count Adult Pill Contraception Method 711.0 &lt; 711.55 Average Adult Sex Count in Lifetime 214.2624699002408 &lt; 642.58 Average Adult Sex Partners in Lifetime 4.4220846233230136 &lt; 12.35 Sum Adult Pregnancies in Lifetime 393.0 &lt; 994 Sum Adult Abortions in Lifetime 110.0 &lt; 286 Sum Adult Miscarriages in Lifetime 73.0 &lt; 284 Sum Adult Births in Lifetime 44.0 &lt; 229 Sum Adult Poor Births in Lifetime 25.0 &lt; 108" type="java.lang.AssertionError">
      <![CDATA[java.lang.AssertionError: 
Count Adult In Relationship 2852.0 < 2900.92
Count Adult Pill Contraception Method 711.0 < 711.55
Average Adult Sex Count in Lifetime 214.2624699002408 < 642.58
Average Adult Sex Partners in Lifetime 4.4220846233230136 < 12.35
Sum Adult Pregnancies in Lifetime 393.0 < 994
Sum Adult Abortions in Lifetime 110.0 < 286
Sum Adult Miscarriages in Lifetime 73.0 < 284
Sum Adult Births in Lifetime 44.0 < 229
Sum Adult Poor Births in Lifetime 25.0 < 108
	at com.metascape.escape.testng.runtime.ParameterTest.runModel(ParameterTest.java:198)
	at java.util.concurrent.ThreadPoolExecutor$Worker.runTask(ThreadPoolExecutor.java:885)
	at java.util.concurrent.ThreadPoolExecutor$Worker.run(ThreadPoolExecutor.java:907)
	at java.lang.Thread.run(Thread.java:637)
... Removed 11 stack frames]]>
    </failure>

      </testcase>

      <testcase classname="com.metascape.escape.testng.runtime.ParameterTest" name="runModel (Condom Pill 1: Check of CondomPill Efficacy Among Unmarrieds [CondPill1])" time="116.058">
          <failure message=" Count Adult Condom High Intender Contraception Method 1424.0 &lt; 2819 Count Adult Pill Contraception Method 1481.0 &lt; 2995" type="java.lang.AssertionError">
      <![CDATA[java.lang.AssertionError: 
Count Adult Condom High Intender Contraception Method 1424.0 < 2819
Count Adult Pill Contraception Method 1481.0 < 2995
	at com.metascape.escape.testng.runtime.ParameterTest.runModel(ParameterTest.java:198)
	at java.util.concurrent.ThreadPoolExecutor$Worker.runTask(ThreadPoolExecutor.java:885)
	at java.util.concurrent.ThreadPoolExecutor$Worker.run(ThreadPoolExecutor.java:907)
	at java.lang.Thread.run(Thread.java:637)
... Removed 12 stack frames]]>
    </failure>

      </testcase>

      <testcase classname="com.metascape.escape.testng.runtime.ParameterTest" name="runModel (Steril 2m: Spot Check of Covariates Sterilization Equations Among Marrieds [Steril2m])" time="159.574">
          <failure message=" Count Adult Sterilized Contraception Method 2054.0 &gt; 0" type="java.lang.AssertionError">
      <![CDATA[java.lang.AssertionError: 
Count Adult Sterilized Contraception Method 2054.0 > 0
	at com.metascape.escape.testng.runtime.ParameterTest.runModel(ParameterTest.java:198)
	at java.util.concurrent.ThreadPoolExecutor$Worker.runTask(ThreadPoolExecutor.java:885)
	at java.util.concurrent.ThreadPoolExecutor$Worker.run(ThreadPoolExecutor.java:907)
	at java.lang.Thread.run(Thread.java:637)
... Removed 12 stack frames]]>
    </failure>

      </testcase>

      <testcase classname="com.metascape.escape.testng.runtime.ParameterTest" name="runModel (Condom 6m: Check of Condom Efficacy Among Marrieds [Cond6m])" time="178.448">
          <failure message=" Count Adult Condom High Intender Contraception Method 1018.0 &lt; 2093 Sum Adult Pregnancies in Lifetime 58.0 &gt; 0 Sum Adult Abortions in Lifetime 19.0 &gt; 0 Sum Adult Miscarriages in Lifetime 9.0 &gt; 0 Sum Adult Births in Lifetime 15.0 &gt; 0 Sum Adult Poor Births in Lifetime 7.0 &gt; 0" type="java.lang.AssertionError">
      <![CDATA[java.lang.AssertionError: 
Count Adult Condom High Intender Contraception Method 1018.0 < 2093
Sum Adult Pregnancies in Lifetime 58.0 > 0
Sum Adult Abortions in Lifetime 19.0 > 0
Sum Adult Miscarriages in Lifetime 9.0 > 0
Sum Adult Births in Lifetime 15.0 > 0
Sum Adult Poor Births in Lifetime 7.0 > 0
	at com.metascape.escape.testng.runtime.ParameterTest.runModel(ParameterTest.java:198)
	at java.util.concurrent.ThreadPoolExecutor$Worker.runTask(ThreadPoolExecutor.java:885)
	at java.util.concurrent.ThreadPoolExecutor$Worker.run(ThreadPoolExecutor.java:907)
	at java.lang.Thread.run(Thread.java:637)
... Removed 12 stack frames]]>
    </failure>

      </testcase>

      <testcase classname="com.metascape.escape.testng.runtime.ParameterTest" name="runModel (Steril 4m: Cross Check of Married Covariates for Sterilization Equations Among Marrieds [Steril4m])" time="161.773" />

      <testcase classname="com.metascape.escape.testng.runtime.ParameterTest" name="runModel (Pill 1: Check of Baseline Factor for Pill Equation Among Unmarrieds [Pill1])" time="0.772" />

      <testcase classname="com.metascape.escape.testng.runtime.ParameterTest" name="runModel (Condom 1bm: Check of Baseline Factor for High Condom Equation Among Marrieds [Cond1bm])" time="158.636" />

      <testcase classname="com.metascape.escape.testng.runtime.ParameterTest" name="runModel (Pill 5: Cross Check of Married Covariates for Pill Equation Among Unmarrieds [Pill5])" time="1.721" />

      <testcase classname="com.metascape.escape.testng.runtime.ParameterTest" name="runModel (Condom Pill 1m: Check of Condom and Pill Efficacy Among Marrieds [CondPill1m])" time="196.055">
          <failure message=" Count Adult Condom High Intender Contraception Method 1085.0 &lt; 2093 Count Adult Pill Contraception Method 1015.0 &lt; 2093" type="java.lang.AssertionError">
      <![CDATA[java.lang.AssertionError: 
Count Adult Condom High Intender Contraception Method 1085.0 < 2093
Count Adult Pill Contraception Method 1015.0 < 2093
	at com.metascape.escape.testng.runtime.ParameterTest.runModel(ParameterTest.java:198)
	at java.util.concurrent.ThreadPoolExecutor$Worker.runTask(ThreadPoolExecutor.java:885)
	at java.util.concurrent.ThreadPoolExecutor$Worker.run(ThreadPoolExecutor.java:907)
	at java.lang.Thread.run(Thread.java:637)
... Removed 12 stack frames]]>
    </failure>

      </testcase>

      <testcase classname="com.metascape.escape.testng.runtime.ParameterTest" name="runModel (Sexual Behavior 30: Check of Initial-Sex Parameter (unmarried)[CoitalFrequency30])" time="50.573">
          <failure message=" Average Adult Sex Count in Lifetime 4.495356037151703 &gt; 0 Average Adult Sex Partners in Lifetime 4.495356037151703 &gt; 0" type="java.lang.AssertionError">
      <![CDATA[java.lang.AssertionError: 
Average Adult Sex Count in Lifetime 4.495356037151703 > 0
Average Adult Sex Partners in Lifetime 4.495356037151703 > 0
	at com.metascape.escape.testng.runtime.ParameterTest.runModel(ParameterTest.java:198)
	at java.util.concurrent.ThreadPoolExecutor$Worker.runTask(ThreadPoolExecutor.java:885)
	at java.util.concurrent.ThreadPoolExecutor$Worker.run(ThreadPoolExecutor.java:907)
	at java.lang.Thread.run(Thread.java:637)
... Removed 11 stack frames]]>
    </failure>

      </testcase>

      <testcase classname="com.metascape.escape.testng.runtime.ParameterTest" name="runModel (Condom 2m: Spot Check of Covariates Medium Condom Equation Among Marrieds [Cond2m])" time="105.718" />

      <testcase classname="com.metascape.escape.testng.runtime.ParameterTest" name="runModel (AllContr 1: Check of Contraceptive Efficacy of All Methods Among Unmarrieds [AllContr1])" time="148.572">
          <failure message=" Sum Adult Pregnancies in Lifetime 957.0 &lt; 1155 Sum Adult Abortions in Lifetime 285.0 &lt; 369 Sum Adult Miscarriages in Lifetime 289.0 &lt; 353 Sum Adult Births in Lifetime 240.0 &lt; 295 Sum Adult Poor Births in Lifetime 118.0 &lt; 153" type="java.lang.AssertionError">
      <![CDATA[java.lang.AssertionError: 
Sum Adult Pregnancies in Lifetime 957.0 < 1155
Sum Adult Abortions in Lifetime 285.0 < 369
Sum Adult Miscarriages in Lifetime 289.0 < 353
Sum Adult Births in Lifetime 240.0 < 295
Sum Adult Poor Births in Lifetime 118.0 < 153
	at com.metascape.escape.testng.runtime.ParameterTest.runModel(ParameterTest.java:198)
	at java.util.concurrent.ThreadPoolExecutor$Worker.runTask(ThreadPoolExecutor.java:885)
	at java.util.concurrent.ThreadPoolExecutor$Worker.run(ThreadPoolExecutor.java:907)
	at java.lang.Thread.run(Thread.java:637)
... Removed 11 stack frames]]>
    </failure>

      </testcase>

      <testcase classname="com.metascape.escape.testng.runtime.ParameterTest" name="runModel (Poor Birth 2: Second Check of Baseline Factor for Poor Birth among Unmarrieds[PoorBirth2])" time="143.078" />

      <testcase classname="com.metascape.escape.testng.runtime.ParameterTest" name="runModel (Sexual Behavior 12: Check of Married High CoitFreq Thresholds [CoitalFrequency12])" time="102.016">
          <failure message=" Average Adult Sex Count in Lifetime 501.0 &gt; 0 Average Adult Sex Partners in Lifetime 1.0 &gt; 0 Count Adult High Frequency Coital Behavior Type 0.0 &lt; 4186" type="java.lang.AssertionError">
      <![CDATA[java.lang.AssertionError: 
Average Adult Sex Count in Lifetime 501.0 > 0
Average Adult Sex Partners in Lifetime 1.0 > 0
Count Adult High Frequency Coital Behavior Type 0.0 < 4186
	at com.metascape.escape.testng.runtime.ParameterTest.runModel(ParameterTest.java:198)
	at java.util.concurrent.ThreadPoolExecutor$Worker.runTask(ThreadPoolExecutor.java:885)
	at java.util.concurrent.ThreadPoolExecutor$Worker.run(ThreadPoolExecutor.java:907)
	at java.lang.Thread.run(Thread.java:637)
... Removed 11 stack frames]]>
    </failure>

      </testcase>

      <testcase classname="com.metascape.escape.testng.runtime.ParameterTest" name="runModel (Steril 1: Check of Baseline Factor for Sterilization Equations Among Unmarrieds [Steril1])" time="101.617">
          <failure message=" Count Adult Sterilized Contraception Method 2904.0 &lt; 5814 Sum Adult Pregnancies in Lifetime 754.0 &gt; 0 Sum Adult Abortions in Lifetime 220.0 &gt; 0 Sum Adult Miscarriages in Lifetime 197.0 &gt; 0 Sum Adult Births in Lifetime 161.0 &gt; 0 Sum Adult Poor Births in Lifetime 85.0 &gt; 0" type="java.lang.AssertionError">
      <![CDATA[java.lang.AssertionError: 
Count Adult Sterilized Contraception Method 2904.0 < 5814
Sum Adult Pregnancies in Lifetime 754.0 > 0
Sum Adult Abortions in Lifetime 220.0 > 0
Sum Adult Miscarriages in Lifetime 197.0 > 0
Sum Adult Births in Lifetime 161.0 > 0
Sum Adult Poor Births in Lifetime 85.0 > 0
	at com.metascape.escape.testng.runtime.ParameterTest.runModel(ParameterTest.java:198)
	at java.util.concurrent.ThreadPoolExecutor$Worker.runTask(ThreadPoolExecutor.java:885)
	at java.util.concurrent.ThreadPoolExecutor$Worker.run(ThreadPoolExecutor.java:907)
	at java.lang.Thread.run(Thread.java:637)
... Removed 11 stack frames]]>
    </failure>

      </testcase>

      <testcase classname="com.metascape.escape.testng.runtime.ParameterTest" name="runModel (Minimum Age 1: Check of Minimum Age Parameter for Unmarrieds [MinAge1])" time="52.31">
          <failure message=" Average Adult Sex Count in Lifetime 219.8345373237014 &lt; 642.58 Average Adult Sex Partners in Lifetime 4.508083935328518 &lt; 12.35 Sum Adult Pregnancies in Lifetime 451.0 &lt; 994 Sum Adult Abortions in Lifetime 120.0 &lt; 286 Sum Adult Miscarriages in Lifetime 97.0 &lt; 284 Sum Adult Births in Lifetime 62.0 &lt; 229 Sum Adult Poor Births in Lifetime 32.0 &lt; 108" type="java.lang.AssertionError">
      <![CDATA[java.lang.AssertionError: 
Average Adult Sex Count in Lifetime 219.8345373237014 < 642.58
Average Adult Sex Partners in Lifetime 4.508083935328518 < 12.35
Sum Adult Pregnancies in Lifetime 451.0 < 994
Sum Adult Abortions in Lifetime 120.0 < 286
Sum Adult Miscarriages in Lifetime 97.0 < 284
Sum Adult Births in Lifetime 62.0 < 229
Sum Adult Poor Births in Lifetime 32.0 < 108
	at com.metascape.escape.testng.runtime.ParameterTest.runModel(ParameterTest.java:198)
	at java.util.concurrent.ThreadPoolExecutor$Worker.runTask(ThreadPoolExecutor.java:885)
	at java.util.concurrent.ThreadPoolExecutor$Worker.run(ThreadPoolExecutor.java:907)
	at java.lang.Thread.run(Thread.java:637)
... Removed 11 stack frames]]>
    </failure>

      </testcase>

      <testcase classname="com.metascape.escape.testng.runtime.ParameterTest" name="runModel (Abortion 2m: Second Check of Baseline Factor for Abortion among Marrieds[Abort2m])" time="136.418">
          <failure message=" Sum Adult Abortions in Lifetime 1592.0 &gt; 1400" type="java.lang.AssertionError">
      <![CDATA[java.lang.AssertionError: 
Sum Adult Abortions in Lifetime 1592.0 > 1400
	at com.metascape.escape.testng.runtime.ParameterTest.runModel(ParameterTest.java:198)
	at java.util.concurrent.ThreadPoolExecutor$Worker.runTask(ThreadPoolExecutor.java:885)
	at java.util.concurrent.ThreadPoolExecutor$Worker.run(ThreadPoolExecutor.java:907)
	at java.lang.Thread.run(Thread.java:637)
... Removed 11 stack frames]]>
    </failure>

      </testcase>

      <testcase classname="com.metascape.escape.testng.runtime.ParameterTest" name="runModel (Pill 2: Spot Check of Covariates Pill Equation Among Unmarrieds [Pill2])" time="0.656" />

      <testcase classname="com.metascape.escape.testng.runtime.ParameterTest" name="runModel (Sexual Behavior 30: Check of Initial-Sex Parameter (married)[CoitalFrequency31])" time="109.093">
          <failure message=" Average Adult Sex Count in Lifetime 501.0 &lt; 1300" type="java.lang.AssertionError">
      <![CDATA[java.lang.AssertionError: 
Average Adult Sex Count in Lifetime 501.0 < 1300
	at com.metascape.escape.testng.runtime.ParameterTest.runModel(ParameterTest.java:198)
	at java.util.concurrent.ThreadPoolExecutor$Worker.runTask(ThreadPoolExecutor.java:885)
	at java.util.concurrent.ThreadPoolExecutor$Worker.run(ThreadPoolExecutor.java:907)
	at java.lang.Thread.run(Thread.java:637)
... Removed 11 stack frames]]>
    </failure>

      </testcase>

      <testcase classname="com.metascape.escape.testng.runtime.ParameterTest" name="runModel (Preg Duration 2: Check of Minimum Age Parameter for Marrieds [PregDuration2])" time="150.004" />

      <testcase classname="com.metascape.escape.testng.runtime.ParameterTest" name="runModel (Miscarr 4: Cross Check of Baseline Factor for Miscarriage among Unmarrieds[Miscarr4])" time="140.366" />

      <testcase classname="com.metascape.escape.testng.runtime.ParameterTest" name="runModel (Condom 4bm: Spot Check of Partner Sterilization Covariate for Medium Condom Equation Among Marrieds [Cond4bm])" time="103.648">
          <failure message=" Count Adult Condom High Intender Contraception Method 99.0 &gt; 0 Count Adult Condom Medium Intender Contraception Method 326.0 &lt; 350" type="java.lang.AssertionError">
      <![CDATA[java.lang.AssertionError: 
Count Adult Condom High Intender Contraception Method 99.0 > 0
Count Adult Condom Medium Intender Contraception Method 326.0 < 350
	at com.metascape.escape.testng.runtime.ParameterTest.runModel(ParameterTest.java:198)
	at java.util.concurrent.ThreadPoolExecutor$Worker.runTask(ThreadPoolExecutor.java:885)
	at java.util.concurrent.ThreadPoolExecutor$Worker.run(ThreadPoolExecutor.java:907)
	at java.lang.Thread.run(Thread.java:637)
... Removed 11 stack frames]]>
    </failure>

      </testcase>

      <testcase classname="com.metascape.escape.testng.runtime.ParameterTest" name="runModel (Pill 1m: Check of Baseline Factor for Pill Equation Among Marrieds [Pill1m])" time="51.872" />

      <testcase classname="com.metascape.escape.testng.runtime.ParameterTest" name="runModel (Relationship Status 1: Check of p(rel begin) and p(rel end) parameters[RelStat1])" time="162.077" />

      <testcase classname="com.metascape.escape.testng.runtime.ParameterTest" name="runModel (Poor Birth 1m: First Check of Baseline Factor for Poor Births among Marrieds[PoorBirth1m])" time="140.885" />

      <testcase classname="com.metascape.escape.testng.runtime.ParameterTest" name="runModel (Poor Birth 2m: Second Check of Baseline Factor for Poor Birth among Marrieds[PoorBirth2m])" time="119.463">
          <failure message=" Sum Adult Births in Lifetime 259.0 &lt; 264 Sum Adult Poor Births in Lifetime 259.0 &lt; 264" type="java.lang.AssertionError">
      <![CDATA[java.lang.AssertionError: 
Sum Adult Births in Lifetime 259.0 < 264
Sum Adult Poor Births in Lifetime 259.0 < 264
	at com.metascape.escape.testng.runtime.ParameterTest.runModel(ParameterTest.java:198)
	at java.util.concurrent.ThreadPoolExecutor$Worker.runTask(ThreadPoolExecutor.java:885)
	at java.util.concurrent.ThreadPoolExecutor$Worker.run(ThreadPoolExecutor.java:907)
	at java.lang.Thread.run(Thread.java:637)
... Removed 11 stack frames]]>
    </failure>

      </testcase>

      <testcase classname="com.metascape.escape.testng.runtime.ParameterTest" name="runModel (Sexual Behavior 20: Check of Unmarried High CoitFreq Thresholds [CoitalFrequency20])" time="129.909">
          <failure message=" Average Adult Sex Count in Lifetime 675.1606467148263 &lt; 715 Count Adult High Frequency Coital Behavior Type 3505.0 &lt; 5814" type="java.lang.AssertionError">
      <![CDATA[java.lang.AssertionError: 
Average Adult Sex Count in Lifetime 675.1606467148263 < 715
Count Adult High Frequency Coital Behavior Type 3505.0 < 5814
	at com.metascape.escape.testng.runtime.ParameterTest.runModel(ParameterTest.java:198)
	at java.util.concurrent.ThreadPoolExecutor$Worker.runTask(ThreadPoolExecutor.java:885)
	at java.util.concurrent.ThreadPoolExecutor$Worker.run(ThreadPoolExecutor.java:907)
	at java.lang.Thread.run(Thread.java:637)
... Removed 11 stack frames]]>
    </failure>

      </testcase>

      <testcase classname="com.metascape.escape.testng.runtime.ParameterTest" name="runModel (Sexual Behavior 14: Check of Married Medium CoitFreq Thresholds [CoitalFrequency14])" time="57.352">
          <failure message=" Average Adult Sex Count in Lifetime 501.0 &gt; 0 Average Adult Sex Partners in Lifetime 1.0 &gt; 0 Count Adult Moderate Frequency Coital Behavior Type 3749.0 &lt; 4186" type="java.lang.AssertionError">
      <![CDATA[java.lang.AssertionError: 
Average Adult Sex Count in Lifetime 501.0 > 0
Average Adult Sex Partners in Lifetime 1.0 > 0
Count Adult Moderate Frequency Coital Behavior Type 3749.0 < 4186
	at com.metascape.escape.testng.runtime.ParameterTest.runModel(ParameterTest.java:198)
	at java.util.concurrent.ThreadPoolExecutor$Worker.runTask(ThreadPoolExecutor.java:885)
	at java.util.concurrent.ThreadPoolExecutor$Worker.run(ThreadPoolExecutor.java:907)
	at java.lang.Thread.run(Thread.java:637)
... Removed 11 stack frames]]>
    </failure>

      </testcase>

      <testcase classname="com.metascape.escape.testng.runtime.ParameterTest" name="runModel (Steril 4: Cross Check of Married Covariates for Sterilization Equations Among Unmarrieds [Steril4])" time="0.576" />

      <testcase classname="com.metascape.escape.testng.runtime.ParameterTest" name="runModel (Sexual Behavior 19: Check of Married Low CoitFreq Thresholds [CoitalFrequency19])" time="58.982">
          <failure message="Series not found for constraint: Max Adult Sex Count in Lifetime" type="java.lang.AssertionError">
      <![CDATA[java.lang.AssertionError: Series not found for constraint: Max Adult Sex Count in Lifetime
	at com.metascape.escape.testng.runtime.ParameterTest.runModel(ParameterTest.java:185)
	at java.util.concurrent.ThreadPoolExecutor$Worker.runTask(ThreadPoolExecutor.java:885)
	at java.util.concurrent.ThreadPoolExecutor$Worker.run(ThreadPoolExecutor.java:907)
	at java.lang.Thread.run(Thread.java:637)
... Removed 11 stack frames]]>
    </failure>

      </testcase>

      <testcase classname="com.metascape.escape.testng.runtime.ParameterTest" name="runModel (Relationship Status 1: Check of p(rel begin) and p(rel end) parameters[RelStat1])" time="148.305" />

      <testcase classname="com.metascape.escape.testng.runtime.ParameterTest" name="runModel (Poor Birth 3: Spot Check of Covariates for Poor Birth Equation among Unmarrieds[PoorBirth3])" time="129.78" />

      <testcase classname="com.metascape.escape.testng.runtime.ParameterTest" name="runModel (Miscarr 4m: Cross Check of Baseline Factor for Miscarriage among Marrieds[Miscarr4m])" time="87.698">
          <failure message=" Sum Adult Pregnancies in Lifetime 1216.0 &gt; 1212 Sum Adult Births in Lifetime 316.0 &gt; 314" type="java.lang.AssertionError">
      <![CDATA[java.lang.AssertionError: 
Sum Adult Pregnancies in Lifetime 1216.0 > 1212
Sum Adult Births in Lifetime 316.0 > 314
	at com.metascape.escape.testng.runtime.ParameterTest.runModel(ParameterTest.java:198)
	at java.util.concurrent.ThreadPoolExecutor$Worker.runTask(ThreadPoolExecutor.java:885)
	at java.util.concurrent.ThreadPoolExecutor$Worker.run(ThreadPoolExecutor.java:907)
	at java.lang.Thread.run(Thread.java:637)
... Removed 11 stack frames]]>
    </failure>

      </testcase>

      <testcase classname="com.metascape.escape.testng.runtime.ParameterTest" name="runModel (BaselineUnmarried.atest[BaselineUnmarried])" time="127.456" />

      <testcase classname="com.metascape.escape.testng.runtime.ParameterTest" name="runModel (Condom 1m: Check of Baseline Factor for Medium Condom Equation Among Marrieds [Cond1m])" time="72.434" />

      <testcase classname="com.metascape.escape.testng.runtime.ParameterTest" name="runModel (AllContr 1: Check of Contraceptive Efficacy of All Methods Among Unmarrieds [AllContr1])" time="139.93">
          <failure message=" Sum Adult Pregnancies in Lifetime 860.0 &lt; 1155 Sum Adult Abortions in Lifetime 258.0 &lt; 369 Sum Adult Miscarriages in Lifetime 241.0 &lt; 353 Sum Adult Births in Lifetime 237.0 &lt; 295 Sum Adult Poor Births in Lifetime 125.0 &lt; 153" type="java.lang.AssertionError">
      <![CDATA[java.lang.AssertionError: 
Sum Adult Pregnancies in Lifetime 860.0 < 1155
Sum Adult Abortions in Lifetime 258.0 < 369
Sum Adult Miscarriages in Lifetime 241.0 < 353
Sum Adult Births in Lifetime 237.0 < 295
Sum Adult Poor Births in Lifetime 125.0 < 153
	at com.metascape.escape.testng.runtime.ParameterTest.runModel(ParameterTest.java:198)
	at java.util.concurrent.ThreadPoolExecutor$Worker.runTask(ThreadPoolExecutor.java:885)
	at java.util.concurrent.ThreadPoolExecutor$Worker.run(ThreadPoolExecutor.java:907)
	at java.lang.Thread.run(Thread.java:637)
... Removed 11 stack frames]]>
    </failure>

      </testcase>

      <testcase classname="com.metascape.escape.testng.runtime.ParameterTest" name="runModel (Pill 3: Spot Check of Sexual Frequency Covariates for Pill Equation Among Unmarrieds [Pill3])" time="0.818">
          <failure message=" Count Adult Pill Contraception Method 773.0 &gt; 0" type="java.lang.AssertionError">
      <![CDATA[java.lang.AssertionError: 
Count Adult Pill Contraception Method 773.0 > 0
	at com.metascape.escape.testng.runtime.ParameterTest.runModel(ParameterTest.java:198)
	at java.util.concurrent.ThreadPoolExecutor$Worker.runTask(ThreadPoolExecutor.java:885)
	at java.util.concurrent.ThreadPoolExecutor$Worker.run(ThreadPoolExecutor.java:907)
	at java.lang.Thread.run(Thread.java:637)
... Removed 11 stack frames]]>
    </failure>

      </testcase>

      <testcase classname="com.metascape.escape.testng.runtime.ParameterTest" name="runModel (Sexual Behavior 22: Check of Unmarried Low CoitFreq Thresholds [CoitalFrequency22])" time="144.928">
          <failure message=" Average Adult Sex Count in Lifetime 675.1441348469212 &lt; 715 Count Adult Very Low Frequency Coital Behavior Type 559.0 &lt; 5814" type="java.lang.AssertionError">
      <![CDATA[java.lang.AssertionError: 
Average Adult Sex Count in Lifetime 675.1441348469212 < 715
Count Adult Very Low Frequency Coital Behavior Type 559.0 < 5814
	at com.metascape.escape.testng.runtime.ParameterTest.runModel(ParameterTest.java:198)
	at java.util.concurrent.ThreadPoolExecutor$Worker.runTask(ThreadPoolExecutor.java:885)
	at java.util.concurrent.ThreadPoolExecutor$Worker.run(ThreadPoolExecutor.java:907)
	at java.lang.Thread.run(Thread.java:637)
... Removed 11 stack frames]]>
    </failure>

      </testcase>

      <testcase classname="com.metascape.escape.testng.runtime.ParameterTest" name="runModel (Pill 5m: Cross Check of Married Covariates for Pill Equation Among Marrieds [Pill5m])" time="122.597" />

      <testcase classname="com.metascape.escape.testng.runtime.ParameterTest" name="runModel (Sexual Behavior 16: Check of Married Low CoitFreq Thresholds [CoitalFrequency16])" time="148.526">
          <failure message=" Average Adult Sex Count in Lifetime 501.0 &gt; 0 Average Adult Sex Partners in Lifetime 1.0 &gt; 0 Count Adult High Frequency Coital Behavior Type 3789.0 &lt; 4186" type="java.lang.AssertionError">
      <![CDATA[java.lang.AssertionError: 
Average Adult Sex Count in Lifetime 501.0 > 0
Average Adult Sex Partners in Lifetime 1.0 > 0
Count Adult High Frequency Coital Behavior Type 3789.0 < 4186
	at com.metascape.escape.testng.runtime.ParameterTest.runModel(ParameterTest.java:198)
	at java.util.concurrent.ThreadPoolExecutor$Worker.runTask(ThreadPoolExecutor.java:885)
	at java.util.concurrent.ThreadPoolExecutor$Worker.run(ThreadPoolExecutor.java:907)
	at java.lang.Thread.run(Thread.java:637)
... Removed 11 stack frames]]>
    </failure>

      </testcase>

      <testcase classname="com.metascape.escape.testng.runtime.ParameterTest" name="runModel (Sexual Behavior 15: Check of Unmarried Low CoitFreq Thresholds [CoitalFrequency15])" time="59.47">
          <failure message=" Average Adult Sex Count in Lifetime 215.10663914688683 &gt; 0 Average Adult Sex Partners in Lifetime 4.496044031647747 &gt; 0 Count Adult High Frequency Coital Behavior Type 5210.0 &lt; 5814" type="java.lang.AssertionError">
      <![CDATA[java.lang.AssertionError: 
Average Adult Sex Count in Lifetime 215.10663914688683 > 0
Average Adult Sex Partners in Lifetime 4.496044031647747 > 0
Count Adult High Frequency Coital Behavior Type 5210.0 < 5814
	at com.metascape.escape.testng.runtime.ParameterTest.runModel(ParameterTest.java:198)
	at java.util.concurrent.ThreadPoolExecutor$Worker.runTask(ThreadPoolExecutor.java:885)
	at java.util.concurrent.ThreadPoolExecutor$Worker.run(ThreadPoolExecutor.java:907)
	at java.lang.Thread.run(Thread.java:637)
... Removed 11 stack frames]]>
    </failure>

      </testcase>

      <testcase classname="com.metascape.escape.testng.runtime.ParameterTest" name="runModel (Sexual Behavior 1: Functionality of Moderate Married Sexual-Proclivity Baseline[CoitalFrequency1])" time="154.829" />

      <testcase classname="com.metascape.escape.testng.runtime.ParameterTest" name="runModel (Abortion 4: Cross Check of Baseline Factor for Abortion among Unmarrieds[Abort4])" time="158.24" />

      <testcase classname="com.metascape.escape.testng.runtime.ParameterTest" name="runModel (Pill 5m: Cross Check of Married Covariates for Pill Equation Among Marrieds [Pill5m])" time="146.584" />

      <testcase classname="com.metascape.escape.testng.runtime.ParameterTest" name="runModel (Sexual Behavior 6: Spot Check of Covariates - Education (moderate unmarried)[CoitalFrequency6])" time="0.664" />

      <testcase classname="com.metascape.escape.testng.runtime.ParameterTest" name="runModel (Abortion 3m: Spot Check of Covariates for Abortion Equation among Marrieds[Abort3m])" time="204.396">
          <failure message=" Sum Adult Miscarriages in Lifetime 310.0 &lt; 368" type="java.lang.AssertionError">
      <![CDATA[java.lang.AssertionError: 
Sum Adult Miscarriages in Lifetime 310.0 < 368
	at com.metascape.escape.testng.runtime.ParameterTest.runModel(ParameterTest.java:198)
	at java.util.concurrent.ThreadPoolExecutor$Worker.runTask(ThreadPoolExecutor.java:885)
	at java.util.concurrent.ThreadPoolExecutor$Worker.run(ThreadPoolExecutor.java:907)
	at java.lang.Thread.run(Thread.java:637)
... Removed 11 stack frames]]>
    </failure>

      </testcase>

      <testcase classname="com.metascape.escape.testng.runtime.ParameterTest" name="runModel (Pill 2m: Spot Check of Covariates Pill Equation Among Marrieds [Pill2m])" time="111.396" />

      <testcase classname="com.metascape.escape.testng.runtime.ParameterTest" name="runModel (Condom 4b: Spot Check of Partner Sterilization Covariate for Medium Condom Equation Among Unmarrieds [Cond4b])" time="0.643">
          <failure message=" Count Adult Condom High Intender Contraception Method 147.0 &gt; 0 Count Adult Condom Medium Intender Contraception Method 411.0 &lt; 500" type="java.lang.AssertionError">
      <![CDATA[java.lang.AssertionError: 
Count Adult Condom High Intender Contraception Method 147.0 > 0
Count Adult Condom Medium Intender Contraception Method 411.0 < 500
	at com.metascape.escape.testng.runtime.ParameterTest.runModel(ParameterTest.java:198)
	at java.util.concurrent.ThreadPoolExecutor$Worker.runTask(ThreadPoolExecutor.java:885)
	at java.util.concurrent.ThreadPoolExecutor$Worker.run(ThreadPoolExecutor.java:907)
	at java.lang.Thread.run(Thread.java:637)
... Removed 11 stack frames]]>
    </failure>

      </testcase>

      <testcase classname="com.metascape.escape.testng.runtime.ParameterTest" name="runModel (Sexual Behavior 23: Check of Unmarried Sexual Behavior (High Threshold) [CoitalFrequency23])" time="5.281">
          <failure message="Series not found for constraint: Max Adult Sex Count in Lifetime" type="java.lang.AssertionError">
      <![CDATA[java.lang.AssertionError: Series not found for constraint: Max Adult Sex Count in Lifetime
	at com.metascape.escape.testng.runtime.ParameterTest.runModel(ParameterTest.java:185)
	at java.util.concurrent.ThreadPoolExecutor$Worker.runTask(ThreadPoolExecutor.java:885)
	at java.util.concurrent.ThreadPoolExecutor$Worker.run(ThreadPoolExecutor.java:907)
	at java.lang.Thread.run(Thread.java:637)
... Removed 11 stack frames]]>
    </failure>

      </testcase>

      <testcase classname="com.metascape.escape.testng.runtime.ParameterTest" name="runModel (Sexual Behavior 23: Check of Unmarried Sexual Behavior (High Threshold) [CoitalFrequency23])" time="4.961">
          <failure message="Series not found for constraint: Max Adult Sex Count in Lifetime" type="java.lang.AssertionError">
      <![CDATA[java.lang.AssertionError: Series not found for constraint: Max Adult Sex Count in Lifetime
	at com.metascape.escape.testng.runtime.ParameterTest.runModel(ParameterTest.java:185)
	at java.util.concurrent.ThreadPoolExecutor$Worker.runTask(ThreadPoolExecutor.java:885)
	at java.util.concurrent.ThreadPoolExecutor$Worker.run(ThreadPoolExecutor.java:907)
	at java.lang.Thread.run(Thread.java:637)
... Removed 11 stack frames]]>
    </failure>

      </testcase>

      <testcase classname="com.metascape.escape.testng.runtime.ParameterTest" name="runModel (Pill 5: Cross Check of Married Covariates for Medium Condom Equation Among Unmarrieds [Cond5])" time="0.566" />

      <testcase classname="com.metascape.escape.testng.runtime.ParameterTest" name="runModel (Condom 7: Check of Condom Efficacy Among Unmarrieds [Cond6])" time="98.308">
          <failure message=" Count Adult Condom High Intender Contraception Method 1414.0 &lt; 2819 Sum Adult Pregnancies in Lifetime 67.0 &gt; 0 Sum Adult Abortions in Lifetime 12.0 &gt; 0 Sum Adult Miscarriages in Lifetime 29.0 &gt; 0 Sum Adult Births in Lifetime 16.0 &gt; 0 Sum Adult Poor Births in Lifetime 7.0 &gt; 0" type="java.lang.AssertionError">
      <![CDATA[java.lang.AssertionError: 
Count Adult Condom High Intender Contraception Method 1414.0 < 2819
Sum Adult Pregnancies in Lifetime 67.0 > 0
Sum Adult Abortions in Lifetime 12.0 > 0
Sum Adult Miscarriages in Lifetime 29.0 > 0
Sum Adult Births in Lifetime 16.0 > 0
Sum Adult Poor Births in Lifetime 7.0 > 0
	at com.metascape.escape.testng.runtime.ParameterTest.runModel(ParameterTest.java:198)
	at java.util.concurrent.ThreadPoolExecutor$Worker.runTask(ThreadPoolExecutor.java:885)
	at java.util.concurrent.ThreadPoolExecutor$Worker.run(ThreadPoolExecutor.java:907)
	at java.lang.Thread.run(Thread.java:637)
... Removed 11 stack frames]]>
    </failure>

      </testcase>

      <testcase classname="com.metascape.escape.testng.runtime.ParameterTest" name="runModel (Abortion 4m: Cross Check of Baseline Factor for Abortion among Marrieds[Abort4m])" time="166.203">
          <failure message=" Sum Adult Births in Lifetime 325.0 &gt; 314" type="java.lang.AssertionError">
      <![CDATA[java.lang.AssertionError: 
Sum Adult Births in Lifetime 325.0 > 314
	at com.metascape.escape.testng.runtime.ParameterTest.runModel(ParameterTest.java:198)
	at java.util.concurrent.ThreadPoolExecutor$Worker.runTask(ThreadPoolExecutor.java:885)
	at java.util.concurrent.ThreadPoolExecutor$Worker.run(ThreadPoolExecutor.java:907)
	at java.lang.Thread.run(Thread.java:637)
... Removed 11 stack frames]]>
    </failure>

      </testcase>

      <testcase classname="com.metascape.escape.testng.runtime.ParameterTest" name="runModel (Preg Duration 1: Check of Minimum Age Parameter for Unmarrieds [PregDuration1])" time="128.709">
          <failure message="Series not found for constraint: Max Adult Abortions in Lifetime" type="java.lang.AssertionError">
      <![CDATA[java.lang.AssertionError: Series not found for constraint: Max Adult Abortions in Lifetime
	at com.metascape.escape.testng.runtime.ParameterTest.runModel(ParameterTest.java:185)
	at java.util.concurrent.ThreadPoolExecutor$Worker.runTask(ThreadPoolExecutor.java:885)
	at java.util.concurrent.ThreadPoolExecutor$Worker.run(ThreadPoolExecutor.java:907)
	at java.lang.Thread.run(Thread.java:637)
... Removed 11 stack frames]]>
    </failure>

      </testcase>

      <testcase classname="com.metascape.escape.testng.runtime.ParameterTest" name="runModel (Sexual Behavior 30: Check of Initial-Sex Parameter (unmarried)[CoitalFrequency30])" time="45.778">
          <failure message=" Average Adult Sex Count in Lifetime 4.463364293085656 &gt; 0 Average Adult Sex Partners in Lifetime 4.463364293085656 &gt; 0" type="java.lang.AssertionError">
      <![CDATA[java.lang.AssertionError: 
Average Adult Sex Count in Lifetime 4.463364293085656 > 0
Average Adult Sex Partners in Lifetime 4.463364293085656 > 0
	at com.metascape.escape.testng.runtime.ParameterTest.runModel(ParameterTest.java:198)
	at java.util.concurrent.ThreadPoolExecutor$Worker.runTask(ThreadPoolExecutor.java:885)
	at java.util.concurrent.ThreadPoolExecutor$Worker.run(ThreadPoolExecutor.java:907)
	at java.lang.Thread.run(Thread.java:637)
... Removed 11 stack frames]]>
    </failure>

      </testcase>

      <testcase classname="com.metascape.escape.testng.runtime.ParameterTest" name="runModel (Steril 1m: Check of Baseline Factor for Sterilization Equations Among Marrieds [Steril1m])" time="76.845">
          <failure message=" Count Adult Sterilized Contraception Method 2060.0 &lt; 4186 Sum Adult Pregnancies in Lifetime 835.0 &gt; 0 Sum Adult Abortions in Lifetime 253.0 &gt; 0 Sum Adult Miscarriages in Lifetime 218.0 &gt; 0 Sum Adult Births in Lifetime 198.0 &gt; 0 Sum Adult Poor Births in Lifetime 103.0 &gt; 0" type="java.lang.AssertionError">
      <![CDATA[java.lang.AssertionError: 
Count Adult Sterilized Contraception Method 2060.0 < 4186
Sum Adult Pregnancies in Lifetime 835.0 > 0
Sum Adult Abortions in Lifetime 253.0 > 0
Sum Adult Miscarriages in Lifetime 218.0 > 0
Sum Adult Births in Lifetime 198.0 > 0
Sum Adult Poor Births in Lifetime 103.0 > 0
	at com.metascape.escape.testng.runtime.ParameterTest.runModel(ParameterTest.java:198)
	at java.util.concurrent.ThreadPoolExecutor$Worker.runTask(ThreadPoolExecutor.java:885)
	at java.util.concurrent.ThreadPoolExecutor$Worker.run(ThreadPoolExecutor.java:907)
	at java.lang.Thread.run(Thread.java:637)
... Removed 11 stack frames]]>
    </failure>

      </testcase>

      <testcase classname="com.metascape.escape.testng.runtime.ParameterTest" name="runModel (Abortion 1: First Check of Baseline Factor for Abortion among Unmarrieds[Abort1])" time="138.045">
          <failure message=" Sum Adult Miscarriages in Lifetime 297.0 &lt; 353" type="java.lang.AssertionError">
      <![CDATA[java.lang.AssertionError: 
Sum Adult Miscarriages in Lifetime 297.0 < 353
	at com.metascape.escape.testng.runtime.ParameterTest.runModel(ParameterTest.java:198)
	at java.util.concurrent.ThreadPoolExecutor$Worker.runTask(ThreadPoolExecutor.java:885)
	at java.util.concurrent.ThreadPoolExecutor$Worker.run(ThreadPoolExecutor.java:907)
	at java.lang.Thread.run(Thread.java:637)
... Removed 11 stack frames]]>
    </failure>

      </testcase>

      <testcase classname="com.metascape.escape.testng.runtime.ParameterTest" name="runModel (Sexual Behavior 22: Check of Unmarried Low CoitFreq Thresholds [CoitalFrequency22])" time="137.156">
          <failure message=" Average Adult Sex Count in Lifetime 672.501203990368 &lt; 715 Count Adult Very Low Frequency Coital Behavior Type 575.0 &lt; 5814" type="java.lang.AssertionError">
      <![CDATA[java.lang.AssertionError: 
Average Adult Sex Count in Lifetime 672.501203990368 < 715
Count Adult Very Low Frequency Coital Behavior Type 575.0 < 5814
	at com.metascape.escape.testng.runtime.ParameterTest.runModel(ParameterTest.java:198)
	at java.util.concurrent.ThreadPoolExecutor$Worker.runTask(ThreadPoolExecutor.java:885)
	at java.util.concurrent.ThreadPoolExecutor$Worker.run(ThreadPoolExecutor.java:907)
	at java.lang.Thread.run(Thread.java:637)
... Removed 11 stack frames]]>
    </failure>

      </testcase>

      <testcase classname="com.metascape.escape.testng.runtime.ParameterTest" name="runModel (Condom 4: Spot Check of Partner Sterilization Covariate for Medium Condom Equation Among Unmarrieds [Cond4])" time="0.756">
          <failure message=" Count Adult Condom Medium Intender Contraception Method 408.0 &gt; 0" type="java.lang.AssertionError">
      <![CDATA[java.lang.AssertionError: 
Count Adult Condom Medium Intender Contraception Method 408.0 > 0
	at com.metascape.escape.testng.runtime.ParameterTest.runModel(ParameterTest.java:198)
	at java.util.concurrent.ThreadPoolExecutor$Worker.runTask(ThreadPoolExecutor.java:885)
	at java.util.concurrent.ThreadPoolExecutor$Worker.run(ThreadPoolExecutor.java:907)
	at java.lang.Thread.run(Thread.java:637)
... Removed 11 stack frames]]>
    </failure>

      </testcase>

      <testcase classname="com.metascape.escape.testng.runtime.ParameterTest" name="runModel (Sexual Behavior 3: Functionality of Very Low Married Sexual-Proclivity Baseline[CoitalFrequency3])" time="132.677" />

      <testcase classname="com.metascape.escape.testng.runtime.ParameterTest" name="runModel (Sexual Behavior 14: Check of Married Medium CoitFreq Thresholds [CoitalFrequency14])" time="246.478">
          <failure message=" Average Adult Sex Count in Lifetime 501.0 &gt; 0 Average Adult Sex Partners in Lifetime 1.0 &gt; 0 Count Adult Moderate Frequency Coital Behavior Type 3789.0 &lt; 4186" type="java.lang.AssertionError">
      <![CDATA[java.lang.AssertionError: 
Average Adult Sex Count in Lifetime 501.0 > 0
Average Adult Sex Partners in Lifetime 1.0 > 0
Count Adult Moderate Frequency Coital Behavior Type 3789.0 < 4186
	at com.metascape.escape.testng.runtime.ParameterTest.runModel(ParameterTest.java:198)
	at java.util.concurrent.ThreadPoolExecutor$Worker.runTask(ThreadPoolExecutor.java:885)
	at java.util.concurrent.ThreadPoolExecutor$Worker.run(ThreadPoolExecutor.java:907)
	at java.lang.Thread.run(Thread.java:637)
... Removed 11 stack frames]]>
    </failure>

      </testcase>

      <testcase classname="com.metascape.escape.testng.runtime.ParameterTest" name="runModel (Pill 5m: Cross Check of Married Covariates for Pill Equation Among Marrieds [Pill5m])" time="268.659" />

      <testcase classname="com.metascape.escape.testng.runtime.ParameterTest" name="runModel (Sexual Behavior 5: Spot Check of Covariates - Age (moderate married)[CoitalFrequency5])" time="267.519" />

      <testcase classname="com.metascape.escape.testng.runtime.ParameterTest" name="runModel (Abortion 4m: Cross Check of Baseline Factor for Abortion among Marrieds[Abort4m])" time="330.917" />

      <testcase classname="com.metascape.escape.testng.runtime.ParameterTest" name="runModel (Steril 4: Cross Check of Married Covariates for Sterilization Equations Among Unmarrieds [Steril4])" time="0.848" />

      <testcase classname="com.metascape.escape.testng.runtime.ParameterTest" name="runModel (Sexual Behavior 18: Check of Married Medium CoitFreq Thresholds [CoitalFrequency18])" time="312.737">
          <failure message=" Maximum Adult Sex Count in Lifetime 501.0 &gt; 500 Average Adult Sex Count in Lifetime 501.0 &gt; 500 Count Adult Moderate Frequency Coital Behavior Type 3789.0 &lt; 4186" type="java.lang.AssertionError">
      <![CDATA[java.lang.AssertionError: 
Maximum Adult Sex Count in Lifetime 501.0 > 500
Average Adult Sex Count in Lifetime 501.0 > 500
Count Adult Moderate Frequency Coital Behavior Type 3789.0 < 4186
	at com.metascape.escape.testng.runtime.ParameterTest.runModel(ParameterTest.java:198)
	at java.util.concurrent.ThreadPoolExecutor$Worker.runTask(ThreadPoolExecutor.java:885)
	at java.util.concurrent.ThreadPoolExecutor$Worker.run(ThreadPoolExecutor.java:907)
	at java.lang.Thread.run(Thread.java:637)
... Removed 11 stack frames]]>
    </failure>

      </testcase>

      <testcase classname="com.metascape.escape.testng.runtime.ParameterTest" name="runModel (Pill 5bm: Cross Check of Married Covariates for High Condom Equation Among Marrieds [Cond5bm])" time="272.236" />

      <testcase classname="com.metascape.escape.testng.runtime.ParameterTest" name="runModel (Steril 1m: Check of Baseline Factor for Sterilization Equations Among Marrieds [Steril1m])" time="346.395">
          <failure message=" Count Adult Sterilized Contraception Method 2098.0 &lt; 4186 Sum Adult Pregnancies in Lifetime 830.0 &gt; 0 Sum Adult Abortions in Lifetime 238.0 &gt; 0 Sum Adult Miscarriages in Lifetime 239.0 &gt; 0 Sum Adult Births in Lifetime 194.0 &gt; 0 Sum Adult Poor Births in Lifetime 88.0 &gt; 0" type="java.lang.AssertionError">
      <![CDATA[java.lang.AssertionError: 
Count Adult Sterilized Contraception Method 2098.0 < 4186
Sum Adult Pregnancies in Lifetime 830.0 > 0
Sum Adult Abortions in Lifetime 238.0 > 0
Sum Adult Miscarriages in Lifetime 239.0 > 0
Sum Adult Births in Lifetime 194.0 > 0
Sum Adult Poor Births in Lifetime 88.0 > 0
	at com.metascape.escape.testng.runtime.ParameterTest.runModel(ParameterTest.java:198)
	at java.util.concurrent.ThreadPoolExecutor$Worker.runTask(ThreadPoolExecutor.java:885)
	at java.util.concurrent.ThreadPoolExecutor$Worker.run(ThreadPoolExecutor.java:907)
	at java.lang.Thread.run(Thread.java:637)
... Removed 11 stack frames]]>
    </failure>

      </testcase>

      <testcase classname="com.metascape.escape.testng.runtime.ParameterTest" name="runModel (Steril 1m: Check of Baseline Factor for Sterilization Equations Among Marrieds [Steril1m])" time="340.709">
          <failure message=" Count Adult Sterilized Contraception Method 2089.0 &lt; 4186 Sum Adult Pregnancies in Lifetime 824.0 &gt; 0 Sum Adult Abortions in Lifetime 248.0 &gt; 0 Sum Adult Miscarriages in Lifetime 217.0 &gt; 0 Sum Adult Births in Lifetime 198.0 &gt; 0 Sum Adult Poor Births in Lifetime 117.0 &gt; 0" type="java.lang.AssertionError">
      <![CDATA[java.lang.AssertionError: 
Count Adult Sterilized Contraception Method 2089.0 < 4186
Sum Adult Pregnancies in Lifetime 824.0 > 0
Sum Adult Abortions in Lifetime 248.0 > 0
Sum Adult Miscarriages in Lifetime 217.0 > 0
Sum Adult Births in Lifetime 198.0 > 0
Sum Adult Poor Births in Lifetime 117.0 > 0
	at com.metascape.escape.testng.runtime.ParameterTest.runModel(ParameterTest.java:198)
	at java.util.concurrent.ThreadPoolExecutor$Worker.runTask(ThreadPoolExecutor.java:885)
	at java.util.concurrent.ThreadPoolExecutor$Worker.run(ThreadPoolExecutor.java:907)
	at java.lang.Thread.run(Thread.java:637)
... Removed 11 stack frames]]>
    </failure>

      </testcase>

      <testcase classname="com.metascape.escape.testng.runtime.ParameterTest" name="runModel (Sterilization 3m: Spot Check of Sexual Frequency Covariates for Sterilization Equations Among Marrieds [Steril3m])" time="243.18">
          <failure message=" Count Adult Sterilized Contraception Method 2018.0 &gt; 0" type="java.lang.AssertionError">
      <![CDATA[java.lang.AssertionError: 
Count Adult Sterilized Contraception Method 2018.0 > 0
	at com.metascape.escape.testng.runtime.ParameterTest.runModel(ParameterTest.java:198)
	at java.util.concurrent.ThreadPoolExecutor$Worker.runTask(ThreadPoolExecutor.java:885)
	at java.util.concurrent.ThreadPoolExecutor$Worker.run(ThreadPoolExecutor.java:907)
	at java.lang.Thread.run(Thread.java:637)
... Removed 11 stack frames]]>
    </failure>

      </testcase>

      <testcase classname="com.metascape.escape.testng.runtime.ParameterTest" name="runModel (Pill 1m: Check of Baseline Factor for Pill Equation Among Marrieds [Pill1m])" time="215.642" />

      <testcase classname="com.metascape.escape.testng.runtime.ParameterTest" name="runModel (Condom 1m: Check of Baseline Factor for Medium Condom Equation Among Marrieds [Cond1m])" time="215.417">
          <failure message=" Count Adult Condom Medium Intender Contraception Method 763.0 &gt; 750" type="java.lang.AssertionError">
      <![CDATA[java.lang.AssertionError: 
Count Adult Condom Medium Intender Contraception Method 763.0 > 750
	at com.metascape.escape.testng.runtime.ParameterTest.runModel(ParameterTest.java:198)
	at java.util.concurrent.ThreadPoolExecutor$Worker.runTask(ThreadPoolExecutor.java:885)
	at java.util.concurrent.ThreadPoolExecutor$Worker.run(ThreadPoolExecutor.java:907)
	at java.lang.Thread.run(Thread.java:637)
... Removed 11 stack frames]]>
    </failure>

      </testcase>

      <testcase classname="com.metascape.escape.testng.runtime.ParameterTest" name="runModel (Pill 5bm: Cross Check of Married Covariates for High Condom Equation Among Marrieds [Cond5bm])" time="196.663" />

      <testcase classname="com.metascape.escape.testng.runtime.ParameterTest" name="runModel (Pill 6: Check of Pill Efficacy Among Unmarrieds [Pill6])" time="0.708">
          <failure message=" Count Adult Pill Contraception Method 1465.0 &lt; 2995" type="java.lang.AssertionError">
      <![CDATA[java.lang.AssertionError: 
Count Adult Pill Contraception Method 1465.0 < 2995
	at com.metascape.escape.testng.runtime.ParameterTest.runModel(ParameterTest.java:198)
	at java.util.concurrent.ThreadPoolExecutor$Worker.runTask(ThreadPoolExecutor.java:885)
	at java.util.concurrent.ThreadPoolExecutor$Worker.run(ThreadPoolExecutor.java:907)
	at java.lang.Thread.run(Thread.java:637)
... Removed 11 stack frames]]>
    </failure>

      </testcase>

      <testcase classname="com.metascape.escape.testng.runtime.ParameterTest" name="runModel (Condom 1bm: Check of Baseline Factor for High Condom Equation Among Marrieds [Cond1bm])" time="194.299" />

      <testcase classname="com.metascape.escape.testng.runtime.ParameterTest" name="runModel (Abortion 2: Second Check of Baseline Factor for Abortion among Unmarrieds[Abort2])" time="159.768">
          <failure message=" Sum Adult Abortions in Lifetime 1301.0 &gt; 1300" type="java.lang.AssertionError">
      <![CDATA[java.lang.AssertionError: 
Sum Adult Abortions in Lifetime 1301.0 > 1300
	at com.metascape.escape.testng.runtime.ParameterTest.runModel(ParameterTest.java:198)
	at java.util.concurrent.ThreadPoolExecutor$Worker.runTask(ThreadPoolExecutor.java:885)
	at java.util.concurrent.ThreadPoolExecutor$Worker.run(ThreadPoolExecutor.java:907)
	at java.lang.Thread.run(Thread.java:637)
... Removed 11 stack frames]]>
    </failure>

      </testcase>

      <testcase classname="com.metascape.escape.testng.runtime.ParameterTest" name="runModel (Minimum Age 1: Check of Minimum Age Parameter for Unmarrieds [MinAge1])" time="54.426">
          <failure message=" Count Adult In Relationship 2898.0 &lt; 2900.92 Count Adult Moderate Frequency Coital Behavior Type 1837.0 &gt; 1831.095 Average Adult Sex Count in Lifetime 216.69384244926042 &lt; 642.58 Average Adult Sex Partners in Lifetime 4.52046783625731 &lt; 12.35 Sum Adult Pregnancies in Lifetime 407.0 &lt; 994 Sum Adult Abortions in Lifetime 104.0 &lt; 286 Sum Adult Miscarriages in Lifetime 78.0 &lt; 284 Sum Adult Births in Lifetime 55.0 &lt; 229 Sum Adult Poor Births in Lifetime 29.0 &lt; 108" type="java.lang.AssertionError">
      <![CDATA[java.lang.AssertionError: 
Count Adult In Relationship 2898.0 < 2900.92
Count Adult Moderate Frequency Coital Behavior Type 1837.0 > 1831.095
Average Adult Sex Count in Lifetime 216.69384244926042 < 642.58
Average Adult Sex Partners in Lifetime 4.52046783625731 < 12.35
Sum Adult Pregnancies in Lifetime 407.0 < 994
Sum Adult Abortions in Lifetime 104.0 < 286
Sum Adult Miscarriages in Lifetime 78.0 < 284
Sum Adult Births in Lifetime 55.0 < 229
Sum Adult Poor Births in Lifetime 29.0 < 108
	at com.metascape.escape.testng.runtime.ParameterTest.runModel(ParameterTest.java:198)
	at java.util.concurrent.ThreadPoolExecutor$Worker.runTask(ThreadPoolExecutor.java:885)
	at java.util.concurrent.ThreadPoolExecutor$Worker.run(ThreadPoolExecutor.java:907)
	at java.lang.Thread.run(Thread.java:637)
... Removed 11 stack frames]]>
    </failure>

      </testcase>

      <testcase classname="com.metascape.escape.testng.runtime.ParameterTest" name="runModel (Pill 5: Cross Check of Married Covariates for Medium Condom Equation Among Unmarrieds [Cond5])" time="0.774" />

      <testcase classname="com.metascape.escape.testng.runtime.ParameterTest" name="runModel (Miscarr 2: Second Check of Baseline Factor for Miscarriage among Unmarrieds[Miscarr2])" time="162.321">
          <failure message=" Sum Adult Miscarriages in Lifetime 305.0 &lt; 500 Sum Adult Abortions in Lifetime 302.0 &gt; 0 Sum Adult Births in Lifetime 232.0 &gt; 0 Sum Adult Poor Births in Lifetime 116.0 &gt; 0" type="java.lang.AssertionError">
      <![CDATA[java.lang.AssertionError: 
Sum Adult Miscarriages in Lifetime 305.0 < 500
Sum Adult Abortions in Lifetime 302.0 > 0
Sum Adult Births in Lifetime 232.0 > 0
Sum Adult Poor Births in Lifetime 116.0 > 0
	at com.metascape.escape.testng.runtime.ParameterTest.runModel(ParameterTest.java:198)
	at java.util.concurrent.ThreadPoolExecutor$Worker.runTask(ThreadPoolExecutor.java:885)
	at java.util.concurrent.ThreadPoolExecutor$Worker.run(ThreadPoolExecutor.java:907)
	at java.lang.Thread.run(Thread.java:637)
... Removed 11 stack frames]]>
    </failure>

      </testcase>

      <testcase classname="com.metascape.escape.testng.runtime.ParameterTest" name="runModel (Steril 2m: Spot Check of Covariates Sterilization Equations Among Marrieds [Steril2m])" time="170.277">
          <failure message=" Count Adult Sterilized Contraception Method 2098.0 &gt; 0" type="java.lang.AssertionError">
      <![CDATA[java.lang.AssertionError: 
Count Adult Sterilized Contraception Method 2098.0 > 0
	at com.metascape.escape.testng.runtime.ParameterTest.runModel(ParameterTest.java:198)
	at java.util.concurrent.ThreadPoolExecutor$Worker.runTask(ThreadPoolExecutor.java:885)
	at java.util.concurrent.ThreadPoolExecutor$Worker.run(ThreadPoolExecutor.java:907)
	at java.lang.Thread.run(Thread.java:637)
... Removed 11 stack frames]]>
    </failure>

      </testcase>

      <testcase classname="com.metascape.escape.testng.runtime.ParameterTest" name="runModel (Poor Birth 3: Spot Check of Covariates for Poor Birth Equation among Unmarrieds[PoorBirth3])" time="154.774" />

      <testcase classname="com.metascape.escape.testng.runtime.ParameterTest" name="runModel (Abortion 1: First Check of Baseline Factor for Abortion among Unmarrieds[Abort1])" time="172.875">
          <failure message=" Sum Adult Miscarriages in Lifetime 255.0 &lt; 353" type="java.lang.AssertionError">
      <![CDATA[java.lang.AssertionError: 
Sum Adult Miscarriages in Lifetime 255.0 < 353
	at com.metascape.escape.testng.runtime.ParameterTest.runModel(ParameterTest.java:198)
	at java.util.concurrent.ThreadPoolExecutor$Worker.runTask(ThreadPoolExecutor.java:885)
	at java.util.concurrent.ThreadPoolExecutor$Worker.run(ThreadPoolExecutor.java:907)
	at java.lang.Thread.run(Thread.java:637)
... Removed 11 stack frames]]>
    </failure>

      </testcase>

      <testcase classname="com.metascape.escape.testng.runtime.ParameterTest" name="runModel (Condom 4m: Spot Check of Partner Sterilization Covariate for Medium Condom Equation Among Marrieds [Cond4m])" time="208.47">
          <failure message=" Count Adult Condom Medium Intender Contraception Method 296.0 &gt; 0" type="java.lang.AssertionError">
      <![CDATA[java.lang.AssertionError: 
Count Adult Condom Medium Intender Contraception Method 296.0 > 0
	at com.metascape.escape.testng.runtime.ParameterTest.runModel(ParameterTest.java:198)
	at java.util.concurrent.ThreadPoolExecutor$Worker.runTask(ThreadPoolExecutor.java:885)
	at java.util.concurrent.ThreadPoolExecutor$Worker.run(ThreadPoolExecutor.java:907)
	at java.lang.Thread.run(Thread.java:637)
... Removed 11 stack frames]]>
    </failure>

      </testcase>

      <testcase classname="com.metascape.escape.testng.runtime.ParameterTest" name="runModel (BaselineMarried.atest[BaselineMarried])" time="256.631">
          <failure message=" Count Adult Very Low Frequency Coital Behavior Type 449.0 &gt; 441" type="java.lang.AssertionError">
      <![CDATA[java.lang.AssertionError: 
Count Adult Very Low Frequency Coital Behavior Type 449.0 > 441
	at com.metascape.escape.testng.runtime.ParameterTest.runModel(ParameterTest.java:198)
	at java.util.concurrent.ThreadPoolExecutor$Worker.runTask(ThreadPoolExecutor.java:885)
	at java.util.concurrent.ThreadPoolExecutor$Worker.run(ThreadPoolExecutor.java:907)
	at java.lang.Thread.run(Thread.java:637)
... Removed 11 stack frames]]>
    </failure>

      </testcase>

      <testcase classname="com.metascape.escape.testng.runtime.ParameterTest" name="runModel (Steril 4m: Spot Check of Partner Sterilization Covariate for Male Sterilization Equation Among Marrieds [Steril5m])" time="211.05">
          <failure message=" Count Adult Sterilized Contraception Method 2059.0 &gt; 1200" type="java.lang.AssertionError">
      <![CDATA[java.lang.AssertionError: 
Count Adult Sterilized Contraception Method 2059.0 > 1200
	at com.metascape.escape.testng.runtime.ParameterTest.runModel(ParameterTest.java:198)
	at java.util.concurrent.ThreadPoolExecutor$Worker.runTask(ThreadPoolExecutor.java:885)
	at java.util.concurrent.ThreadPoolExecutor$Worker.run(ThreadPoolExecutor.java:907)
	at java.lang.Thread.run(Thread.java:637)
... Removed 11 stack frames]]>
    </failure>

      </testcase>

      <testcase classname="com.metascape.escape.testng.runtime.ParameterTest" name="runModel (Sexual Behavior 30: Check of Initial-Sex Parameter (married)[CoitalFrequency31])" time="236.219">
          <failure message=" Average Adult Sex Count in Lifetime 501.0 &lt; 1300" type="java.lang.AssertionError">
      <![CDATA[java.lang.AssertionError: 
Average Adult Sex Count in Lifetime 501.0 < 1300
	at com.metascape.escape.testng.runtime.ParameterTest.runModel(ParameterTest.java:198)
	at java.util.concurrent.ThreadPoolExecutor$Worker.runTask(ThreadPoolExecutor.java:885)
	at java.util.concurrent.ThreadPoolExecutor$Worker.run(ThreadPoolExecutor.java:907)
	at java.lang.Thread.run(Thread.java:637)
... Removed 11 stack frames]]>
    </failure>

      </testcase>

      <testcase classname="com.metascape.escape.testng.runtime.ParameterTest" name="runModel (Sexual Behavior 30: Check of Initial-Sex Parameter (unmarried)[CoitalFrequency30])" time="51.276">
          <failure message=" Average Adult Sex Count in Lifetime 4.547987616099071 &gt; 0 Average Adult Sex Partners in Lifetime 4.547987616099071 &gt; 0" type="java.lang.AssertionError">
      <![CDATA[java.lang.AssertionError: 
Average Adult Sex Count in Lifetime 4.547987616099071 > 0
Average Adult Sex Partners in Lifetime 4.547987616099071 > 0
	at com.metascape.escape.testng.runtime.ParameterTest.runModel(ParameterTest.java:198)
	at java.util.concurrent.ThreadPoolExecutor$Worker.runTask(ThreadPoolExecutor.java:885)
	at java.util.concurrent.ThreadPoolExecutor$Worker.run(ThreadPoolExecutor.java:907)
	at java.lang.Thread.run(Thread.java:637)
... Removed 11 stack frames]]>
    </failure>

      </testcase>

      <testcase classname="com.metascape.escape.testng.runtime.ParameterTest" name="runModel (Sexual Behavior 1: Functionality of Moderate Married Sexual-Proclivity Baseline[CoitalFrequency1])" time="167.266" />

      <testcase classname="com.metascape.escape.testng.runtime.ParameterTest" name="runModel (Poor Birth 3m: Spot Check of Covariates for Poor Birth Equation among Marrieds[PoorBirth3m])" time="267.939" />

      <testcase classname="com.metascape.escape.testng.runtime.ParameterTest" name="runModel (Poor Birth 4m: Cross Check of Baseline Factor for Poor Births among Marrieds[PoorBirth4m])" time="260.669" />

      <testcase classname="com.metascape.escape.testng.runtime.ParameterTest" name="runModel (Sexual Behavior 10: Cross Check of Covariates - Married Parameters[CoitalFrequency10])" time="0.818" />

      <testcase classname="com.metascape.escape.testng.runtime.ParameterTest" name="runModel (Poor Birth 4: Cross Check of Baseline Factor for Poor Births among Unmarrieds[PoorBirth4])" time="138.409" />

      <testcase classname="com.metascape.escape.testng.runtime.ParameterTest" name="runModel (BaselineUnmarried.atest[BaselineUnmarried])" time="146.421">
          <failure message=" Count Adult Condom Medium Intender Contraception Method 476.0 &gt; 461" type="java.lang.AssertionError">
      <![CDATA[java.lang.AssertionError: 
Count Adult Condom Medium Intender Contraception Method 476.0 > 461
	at com.metascape.escape.testng.runtime.ParameterTest.runModel(ParameterTest.java:198)
	at java.util.concurrent.ThreadPoolExecutor$Worker.runTask(ThreadPoolExecutor.java:885)
	at java.util.concurrent.ThreadPoolExecutor$Worker.run(ThreadPoolExecutor.java:907)
	at java.lang.Thread.run(Thread.java:637)
... Removed 11 stack frames]]>
    </failure>

      </testcase>

      <testcase classname="com.metascape.escape.testng.runtime.ParameterTest" name="runModel (Sterilization 3: Spot Check of Sexual Frequency Covariates for Sterilization Equation2 Among Unmarrieds [Steril3])" time="0.765">
          <failure message=" Count Adult Sterilized Contraception Method 2913.0 &gt; 0" type="java.lang.AssertionError">
      <![CDATA[java.lang.AssertionError: 
Count Adult Sterilized Contraception Method 2913.0 > 0
	at com.metascape.escape.testng.runtime.ParameterTest.runModel(ParameterTest.java:198)
	at java.util.concurrent.ThreadPoolExecutor$Worker.runTask(ThreadPoolExecutor.java:885)
	at java.util.concurrent.ThreadPoolExecutor$Worker.run(ThreadPoolExecutor.java:907)
	at java.lang.Thread.run(Thread.java:637)
... Removed 11 stack frames]]>
    </failure>

      </testcase>

      <testcase classname="com.metascape.escape.testng.runtime.ParameterTest" name="runModel (Relationship Status 1: Check of p(rel begin) and p(rel end) parameters[RelStat1])" time="186.43" />

      <testcase classname="com.metascape.escape.testng.runtime.ParameterTest" name="runModel (Sexual Behavior 6: Spot Check of Covariates - Education (moderate unmarried)[CoitalFrequency6])" time="0.723" />

      <testcase classname="com.metascape.escape.testng.runtime.ParameterTest" name="runModel (Poor Birth 1m: First Check of Baseline Factor for Poor Births among Marrieds[PoorBirth1m])" time="171.329" />

      <testcase classname="com.metascape.escape.testng.runtime.ParameterTest" name="runModel (Minimum Age 2: Check of Minimum Age Parameter for Marrieds [MinAge2])" time="147.962">
          <failure message=" Average Adult Sex Count in Lifetime 501.0 &lt; 1366 Sum Adult Pregnancies in Lifetime 387.0 &lt; 1045 Sum Adult Abortions in Lifetime 96.0 &lt; 287 Sum Adult Miscarriages in Lifetime 88.0 &lt; 283 Sum Adult Births in Lifetime 64.0 &lt; 264 Sum Adult Poor Births in Lifetime 28.0 &lt; 122" type="java.lang.AssertionError">
      <![CDATA[java.lang.AssertionError: 
Average Adult Sex Count in Lifetime 501.0 < 1366
Sum Adult Pregnancies in Lifetime 387.0 < 1045
Sum Adult Abortions in Lifetime 96.0 < 287
Sum Adult Miscarriages in Lifetime 88.0 < 283
Sum Adult Births in Lifetime 64.0 < 264
Sum Adult Poor Births in Lifetime 28.0 < 122
	at com.metascape.escape.testng.runtime.ParameterTest.runModel(ParameterTest.java:198)
	at java.util.concurrent.ThreadPoolExecutor$Worker.runTask(ThreadPoolExecutor.java:885)
	at java.util.concurrent.ThreadPoolExecutor$Worker.run(ThreadPoolExecutor.java:907)
	at java.lang.Thread.run(Thread.java:637)
... Removed 11 stack frames]]>
    </failure>

      </testcase>

      <testcase classname="com.metascape.escape.testng.runtime.ParameterTest" name="runModel (Sexual Behavior 24: Check of Unmarried Sexual Behavior (Moderate Threshold) [CoitalFrequency24])" time="6.804">
          <failure message="Series not found for constraint: Max Adult Sex Count in Lifetime" type="java.lang.AssertionError">
      <![CDATA[java.lang.AssertionError: Series not found for constraint: Max Adult Sex Count in Lifetime
	at com.metascape.escape.testng.runtime.ParameterTest.runModel(ParameterTest.java:185)
	at java.util.concurrent.ThreadPoolExecutor$Worker.runTask(ThreadPoolExecutor.java:885)
	at java.util.concurrent.ThreadPoolExecutor$Worker.run(ThreadPoolExecutor.java:907)
	at java.lang.Thread.run(Thread.java:637)
... Removed 11 stack frames]]>
    </failure>

      </testcase>

      <testcase classname="com.metascape.escape.testng.runtime.ParameterTest" name="runModel (Poor Birth 1: First Check of Baseline Factor for Poor Births among Unmarrieds[PoorBirth1])" time="141.95" />

      <testcase classname="com.metascape.escape.testng.runtime.ParameterTest" name="runModel (Abortion 3m: Spot Check of Covariates for Abortion Equation among Marrieds[Abort3m])" time="189.208">
          <failure message=" Sum Adult Miscarriages in Lifetime 258.0 &lt; 368" type="java.lang.AssertionError">
      <![CDATA[java.lang.AssertionError: 
Sum Adult Miscarriages in Lifetime 258.0 < 368
	at com.metascape.escape.testng.runtime.ParameterTest.runModel(ParameterTest.java:198)
	at java.util.concurrent.ThreadPoolExecutor$Worker.runTask(ThreadPoolExecutor.java:885)
	at java.util.concurrent.ThreadPoolExecutor$Worker.run(ThreadPoolExecutor.java:907)
	at java.lang.Thread.run(Thread.java:637)
... Removed 11 stack frames]]>
    </failure>

      </testcase>

      <testcase classname="com.metascape.escape.testng.runtime.ParameterTest" name="runModel (Poor Birth 4m: Cross Check of Baseline Factor for Poor Births among Marrieds[PoorBirth4m])" time="192.859">
          <failure message=" Sum Adult Poor Births in Lifetime 168.0 &gt; 167" type="java.lang.AssertionError">
      <![CDATA[java.lang.AssertionError: 
Sum Adult Poor Births in Lifetime 168.0 > 167
	at com.metascape.escape.testng.runtime.ParameterTest.runModel(ParameterTest.java:198)
	at java.util.concurrent.ThreadPoolExecutor$Worker.runTask(ThreadPoolExecutor.java:885)
	at java.util.concurrent.ThreadPoolExecutor$Worker.run(ThreadPoolExecutor.java:907)
	at java.lang.Thread.run(Thread.java:637)
... Removed 11 stack frames]]>
    </failure>

      </testcase>

      <testcase classname="com.metascape.escape.testng.runtime.ParameterTest" name="runModel (Sexual Behavior 11: Check of Unmarried High CoitFreq Thresholds [CoitalFrequency11])" time="52.639">
          <failure message="Series not found for constraint: Adult High Frequency Coital Behavior Type" type="java.lang.AssertionError">
      <![CDATA[java.lang.AssertionError: Series not found for constraint: Adult High Frequency Coital Behavior Type
	at com.metascape.escape.testng.runtime.ParameterTest.runModel(ParameterTest.java:185)
	at java.util.concurrent.ThreadPoolExecutor$Worker.runTask(ThreadPoolExecutor.java:885)
	at java.util.concurrent.ThreadPoolExecutor$Worker.run(ThreadPoolExecutor.java:907)
	at java.lang.Thread.run(Thread.java:637)
... Removed 11 stack frames]]>
    </failure>

      </testcase>

      <testcase classname="com.metascape.escape.testng.runtime.ParameterTest" name="runModel (Sexual Behavior 2: Functionality of Moderate Unmarried Sexual-Proclivity Baseline[CoitalFrequency2])" time="0.77" />

      <testcase classname="com.metascape.escape.testng.runtime.ParameterTest" name="runModel (Sexual Behavior 24: Check of Unmarried Sexual Behavior (Moderate Threshold) [CoitalFrequency24])" time="6.28">
          <failure message="Series not found for constraint: Max Adult Sex Count in Lifetime" type="java.lang.AssertionError">
      <![CDATA[java.lang.AssertionError: Series not found for constraint: Max Adult Sex Count in Lifetime
	at com.metascape.escape.testng.runtime.ParameterTest.runModel(ParameterTest.java:185)
	at java.util.concurrent.ThreadPoolExecutor$Worker.runTask(ThreadPoolExecutor.java:885)
	at java.util.concurrent.ThreadPoolExecutor$Worker.run(ThreadPoolExecutor.java:907)
	at java.lang.Thread.run(Thread.java:637)
... Removed 11 stack frames]]>
    </failure>

      </testcase>

      <testcase classname="com.metascape.escape.testng.runtime.ParameterTest" name="runModel (Sexual Behavior 11: Check of Unmarried High CoitFreq Thresholds [CoitalFrequency11])" time="51.799">
          <failure message="Series not found for constraint: Adult High Frequency Coital Behavior Type" type="java.lang.AssertionError">
      <![CDATA[java.lang.AssertionError: Series not found for constraint: Adult High Frequency Coital Behavior Type
	at com.metascape.escape.testng.runtime.ParameterTest.runModel(ParameterTest.java:185)
	at java.util.concurrent.ThreadPoolExecutor$Worker.runTask(ThreadPoolExecutor.java:885)
	at java.util.concurrent.ThreadPoolExecutor$Worker.run(ThreadPoolExecutor.java:907)
	at java.lang.Thread.run(Thread.java:637)
... Removed 11 stack frames]]>
    </failure>

      </testcase>

      <testcase classname="com.metascape.escape.testng.runtime.ParameterTest" name="runModel (Miscarr 4: Cross Check of Baseline Factor for Miscarriage among Unmarrieds[Miscarr4])" time="145.698" />

      <testcase classname="com.metascape.escape.testng.runtime.ParameterTest" name="runModel (Sexual Behavior 3: Functionality of Very Low Married Sexual-Proclivity Baseline[CoitalFrequency3])" time="143.056" />

      <testcase classname="com.metascape.escape.testng.runtime.ParameterTest" name="runModel (Condom 4bm: Spot Check of Partner Sterilization Covariate for Medium Condom Equation Among Marrieds [Cond4bm])" time="147.997">
          <failure message=" Count Adult Condom High Intender Contraception Method 102.0 &gt; 0 Count Adult Condom Medium Intender Contraception Method 313.0 &lt; 350" type="java.lang.AssertionError">
      <![CDATA[java.lang.AssertionError: 
Count Adult Condom High Intender Contraception Method 102.0 > 0
Count Adult Condom Medium Intender Contraception Method 313.0 < 350
	at com.metascape.escape.testng.runtime.ParameterTest.runModel(ParameterTest.java:198)
	at java.util.concurrent.ThreadPoolExecutor$Worker.runTask(ThreadPoolExecutor.java:885)
	at java.util.concurrent.ThreadPoolExecutor$Worker.run(ThreadPoolExecutor.java:907)
	at java.lang.Thread.run(Thread.java:637)
... Removed 11 stack frames]]>
    </failure>

      </testcase>

      <testcase classname="com.metascape.escape.testng.runtime.ParameterTest" name="runModel (Sexual Behavior 12: Check of Married High CoitFreq Thresholds [CoitalFrequency12])" time="169.581">
          <failure message=" Average Adult Sex Count in Lifetime 501.0 &gt; 0 Average Adult Sex Partners in Lifetime 1.0 &gt; 0 Count Adult High Frequency Coital Behavior Type 0.0 &lt; 4186" type="java.lang.AssertionError">
      <![CDATA[java.lang.AssertionError: 
Average Adult Sex Count in Lifetime 501.0 > 0
Average Adult Sex Partners in Lifetime 1.0 > 0
Count Adult High Frequency Coital Behavior Type 0.0 < 4186
	at com.metascape.escape.testng.runtime.ParameterTest.runModel(ParameterTest.java:198)
	at java.util.concurrent.ThreadPoolExecutor$Worker.runTask(ThreadPoolExecutor.java:885)
	at java.util.concurrent.ThreadPoolExecutor$Worker.run(ThreadPoolExecutor.java:907)
	at java.lang.Thread.run(Thread.java:637)
... Removed 11 stack frames]]>
    </failure>

      </testcase>

      <testcase classname="com.metascape.escape.testng.runtime.ParameterTest" name="runModel (Abortion 3m: Spot Check of Covariates for Abortion Equation among Marrieds[Abort3m])" time="207.01">
          <failure message=" Sum Adult Miscarriages in Lifetime 247.0 &lt; 368" type="java.lang.AssertionError">
      <![CDATA[java.lang.AssertionError: 
Sum Adult Miscarriages in Lifetime 247.0 < 368
	at com.metascape.escape.testng.runtime.ParameterTest.runModel(ParameterTest.java:198)
	at java.util.concurrent.ThreadPoolExecutor$Worker.runTask(ThreadPoolExecutor.java:885)
	at java.util.concurrent.ThreadPoolExecutor$Worker.run(ThreadPoolExecutor.java:907)
	at java.lang.Thread.run(Thread.java:637)
... Removed 11 stack frames]]>
    </failure>

      </testcase>

      <testcase classname="com.metascape.escape.testng.runtime.ParameterTest" name="runModel (Condom 7: Check of Condom Efficacy Among Unmarrieds [Cond6])" time="110.952">
          <failure message=" Count Adult Condom High Intender Contraception Method 1396.0 &lt; 2819 Sum Adult Pregnancies in Lifetime 69.0 &gt; 0 Sum Adult Abortions in Lifetime 24.0 &gt; 0 Sum Adult Miscarriages in Lifetime 14.0 &gt; 0 Sum Adult Births in Lifetime 15.0 &gt; 0 Sum Adult Poor Births in Lifetime 7.0 &gt; 0" type="java.lang.AssertionError">
      <![CDATA[java.lang.AssertionError: 
Count Adult Condom High Intender Contraception Method 1396.0 < 2819
Sum Adult Pregnancies in Lifetime 69.0 > 0
Sum Adult Abortions in Lifetime 24.0 > 0
Sum Adult Miscarriages in Lifetime 14.0 > 0
Sum Adult Births in Lifetime 15.0 > 0
Sum Adult Poor Births in Lifetime 7.0 > 0
	at com.metascape.escape.testng.runtime.ParameterTest.runModel(ParameterTest.java:198)
	at java.util.concurrent.ThreadPoolExecutor$Worker.runTask(ThreadPoolExecutor.java:885)
	at java.util.concurrent.ThreadPoolExecutor$Worker.run(ThreadPoolExecutor.java:907)
	at java.lang.Thread.run(Thread.java:637)
... Removed 11 stack frames]]>
    </failure>

      </testcase>

      <testcase classname="com.metascape.escape.testng.runtime.ParameterTest" name="runModel (Sexual Behavior 25: Check of Unmarried Sexual Behavior (Very Low Threshold) [CoitalFrequency25])" time="6.191">
          <failure message="Series not found for constraint: Max Adult Sex Count in Lifetime" type="java.lang.AssertionError">
      <![CDATA[java.lang.AssertionError: Series not found for constraint: Max Adult Sex Count in Lifetime
	at com.metascape.escape.testng.runtime.ParameterTest.runModel(ParameterTest.java:185)
	at java.util.concurrent.ThreadPoolExecutor$Worker.runTask(ThreadPoolExecutor.java:885)
	at java.util.concurrent.ThreadPoolExecutor$Worker.run(ThreadPoolExecutor.java:907)
	at java.lang.Thread.run(Thread.java:637)
... Removed 11 stack frames]]>
    </failure>

      </testcase>

[...]

      <testcase classname="com.metascape.escape.testng.runtime.ParameterTest" name="runModel (Condom Pill 1: Check of CondomandPill Efficacy Among Unmarrieds [CondPill1])" time="111.202" />

      <testcase classname="com.metascape.escape.testng.runtime.ParameterTest" name="runModel (Sexual Behavior 10: Cross Check of Covariates - Married Parameters[CoitalFrequency6])" time="0.855" />

      <testcase classname="com.metascape.escape.testng.runtime.ParameterTest" name="runModel (Miscarriage 1m: First Check of Baseline Factor for Miscarriage among Marrieds[PregOut_Miscarr1m])" time="418.987" />

      <testcase classname="com.metascape.escape.testng.runtime.ParameterTest" name="runModel (Sexual Behavior 20: Check of Unmarried High CoitFreq Thresholds [CoitalFrequencyHighCoit])" time="164.281">
          <failure message=" Average Adult Sex Count in Lifetime 501.20055039559685 &lt; 715 Count Adult High Frequency Coital Behavior Type 3496.0 &lt; 5814" type="java.lang.AssertionError">
      <![CDATA[java.lang.AssertionError: 
Average Adult Sex Count in Lifetime 501.20055039559685 < 715
Count Adult High Frequency Coital Behavior Type 3496.0 < 5814
	at com.metascape.escape.testng.runtime.ParameterTest.runModel(ParameterTest.java:224)
	at java.util.concurrent.ThreadPoolExecutor$Worker.runTask(ThreadPoolExecutor.java:885)
	at java.util.concurrent.ThreadPoolExecutor$Worker.run(ThreadPoolExecutor.java:907)
	at java.lang.Thread.run(Thread.java:637)
... Removed 11 stack frames]]>
    </failure>

      </testcase>

      <testcase classname="com.metascape.escape.testng.runtime.ParameterTest" name="runModel (Abortion 1: First Check of Baseline Factor for Abortion among Unmarrieds[PregOut_Abort1])" time="163.529" />

      <testcase classname="com.metascape.escape.testng.runtime.ParameterTest" name="runModel (Pill 5: Cross Check of Married Covariates for Pill Equation Among Unmarrieds [Pill5])" time="0.958" />

      <testcase classname="com.metascape.escape.testng.runtime.ParameterTest" name="runModel (Condom 2b: Spot Check of Covariates High Condom Equation Among Unmarrieds [Cond2b])" time="1.106" />

      <testcase classname="com.metascape.escape.testng.runtime.ParameterTest" name="runModel (Condom 3: Spot Check of Sexual Frequency Covariates for Medium Equation Among Unmarrieds [Cond3b])" time="1.88" />

      <testcase classname="com.metascape.escape.testng.runtime.ParameterTest" name="runModel (Steril Partner m: Check that partner sterilization count is working correctly[SterilPartnerm])" time="378.801" />

      <testcase classname="com.metascape.escape.testng.runtime.ParameterTest" name="runModel (Miscarr 4: Cross Check of Baseline Factor for Miscarriage among Unmarrieds[PregOut_Miscarr4])" time="183.186">
          <failure message=" Sum Adult Pregnancies in Lifetime 1362.0 &gt; 1155 Sum Adult Abortions in Lifetime 397.0 &gt; 369 Sum Adult Miscarriages in Lifetime 383.0 &gt; 353 Sum Adult Births in Lifetime 359.0 &gt; 295" type="java.lang.AssertionError">
      <![CDATA[java.lang.AssertionError: 
Sum Adult Pregnancies in Lifetime 1362.0 > 1155
Sum Adult Abortions in Lifetime 397.0 > 369
Sum Adult Miscarriages in Lifetime 383.0 > 353
Sum Adult Births in Lifetime 359.0 > 295
	at com.metascape.escape.testng.runtime.ParameterTest.runModel(ParameterTest.java:224)
	at java.util.concurrent.ThreadPoolExecutor$Worker.runTask(ThreadPoolExecutor.java:885)
	at java.util.concurrent.ThreadPoolExecutor$Worker.run(ThreadPoolExecutor.java:907)
	at java.lang.Thread.run(Thread.java:637)
... Removed 11 stack frames]]>
    </failure>

      </testcase>

      <testcase classname="com.metascape.escape.testng.runtime.ParameterTest" name="runModel (Pill 5m: Cross Check of Married Covariates for Pill Equation Among Marrieds [Pill5m])" time="455.175">
          <failure message=" Count Adult Pill Contraception Method 481.0 &lt; 482" type="java.lang.AssertionError">
      <![CDATA[java.lang.AssertionError: 
Count Adult Pill Contraception Method 481.0 < 482
	at com.metascape.escape.testng.runtime.ParameterTest.runModel(ParameterTest.java:224)
	at java.util.concurrent.ThreadPoolExecutor$Worker.runTask(ThreadPoolExecutor.java:885)
	at java.util.concurrent.ThreadPoolExecutor$Worker.run(ThreadPoolExecutor.java:907)
	at java.lang.Thread.run(Thread.java:637)
... Removed 11 stack frames]]>
    </failure>

      </testcase>

      <testcase classname="com.metascape.escape.testng.runtime.ParameterTest" name="runModel (Condom 3: Spot Check of Sexual Frequency Covariates for Medium Equation Among Unmarrieds [Cond3])" time="0.862" />

      <testcase classname="com.metascape.escape.testng.runtime.ParameterTest" name="runModel (Sexual Behavior 16: Check of Married Low CoitFreq Thresholds [CoitalFrequency9m])" time="492.101">
          <failure message=" Average Adult Sex Count in Lifetime 411.371237458194 &gt; 0 Average Adult Sex Partners in Lifetime 0.822742474916388 &gt; 0 Count Adult High Frequency Coital Behavior Type 3793.0 &lt; 4186" type="java.lang.AssertionError">
      <![CDATA[java.lang.AssertionError: 
Average Adult Sex Count in Lifetime 411.371237458194 > 0
Average Adult Sex Partners in Lifetime 0.822742474916388 > 0
Count Adult High Frequency Coital Behavior Type 3793.0 < 4186
	at com.metascape.escape.testng.runtime.ParameterTest.runModel(ParameterTest.java:224)
	at java.util.concurrent.ThreadPoolExecutor$Worker.runTask(ThreadPoolExecutor.java:885)
	at java.util.concurrent.ThreadPoolExecutor$Worker.run(ThreadPoolExecutor.java:907)
	at java.lang.Thread.run(Thread.java:637)
... Removed 11 stack frames]]>
    </failure>

      </testcase>

      <testcase classname="com.metascape.escape.testng.runtime.ParameterTest" name="runModel (Abortion 3m: Spot Check of Covariates for Abortion Equation among Marrieds[PregOut_Abort3m])" time="542.058" />

      <testcase classname="com.metascape.escape.testng.runtime.ParameterTest" name="runModel (Sexual Behavior 16: Check of Married Low CoitFreq Thresholds [CoitalFrequency9m])" time="502.135">
          <failure message=" Average Adult Sex Count in Lifetime 411.61012900143334 &gt; 0 Average Adult Sex Partners in Lifetime 0.8232202580028667 &gt; 0 Count Adult High Frequency Coital Behavior Type 3799.0 &lt; 4186" type="java.lang.AssertionError">
      <![CDATA[java.lang.AssertionError: 
Average Adult Sex Count in Lifetime 411.61012900143334 > 0
Average Adult Sex Partners in Lifetime 0.8232202580028667 > 0
Count Adult High Frequency Coital Behavior Type 3799.0 < 4186
	at com.metascape.escape.testng.runtime.ParameterTest.runModel(ParameterTest.java:224)
	at java.util.concurrent.ThreadPoolExecutor$Worker.runTask(ThreadPoolExecutor.java:885)
	at java.util.concurrent.ThreadPoolExecutor$Worker.run(ThreadPoolExecutor.java:907)
	at java.lang.Thread.run(Thread.java:637)
... Removed 11 stack frames]]>
    </failure>

      </testcase>

      <testcase classname="com.metascape.escape.testng.runtime.ParameterTest" name="runModel (Sexual Behavior 22: Check of Unmarried Low CoitFreq Thresholds [CoitalFrequencyLowCoit])" time="162.783">
          <failure message=" Average Adult Sex Count in Lifetime 503.15342277261783 &lt; 715 Count Adult Very Low Frequency Coital Behavior Type 589.0 &lt; 5814" type="java.lang.AssertionError">
      <![CDATA[java.lang.AssertionError: 
Average Adult Sex Count in Lifetime 503.15342277261783 < 715
Count Adult Very Low Frequency Coital Behavior Type 589.0 < 5814
	at com.metascape.escape.testng.runtime.ParameterTest.runModel(ParameterTest.java:224)
	at java.util.concurrent.ThreadPoolExecutor$Worker.runTask(ThreadPoolExecutor.java:885)
	at java.util.concurrent.ThreadPoolExecutor$Worker.run(ThreadPoolExecutor.java:907)
	at java.lang.Thread.run(Thread.java:637)
... Removed 11 stack frames]]>
    </failure>

      </testcase>

      <testcase classname="com.metascape.escape.testng.runtime.ParameterTest" name="runModel (Steril Male Partner m: Check that partner sterilization count is working correctly[SterilMalePartnerm])" time="436.562" />

      <testcase classname="com.metascape.escape.testng.runtime.ParameterTest" name="runModel (Sexual Behavior 26: Check of Lunar Days for Unmarrieds (high value) [CoitalFrequencyMenstrual])" time="52.451">
          <failure message=" Average Adult Sex Count in Lifetime 168.73202614379085 &gt; 1 Average Adult Sex Partners in Lifetime 3.517371861025112 &gt; 1" type="java.lang.AssertionError">
      <![CDATA[java.lang.AssertionError: 
Average Adult Sex Count in Lifetime 168.73202614379085 > 1
Average Adult Sex Partners in Lifetime 3.517371861025112 > 1
	at com.metascape.escape.testng.runtime.ParameterTest.runModel(ParameterTest.java:224)
	at java.util.concurrent.ThreadPoolExecutor$Worker.runTask(ThreadPoolExecutor.java:885)
	at java.util.concurrent.ThreadPoolExecutor$Worker.run(ThreadPoolExecutor.java:907)
	at java.lang.Thread.run(Thread.java:637)
... Removed 11 stack frames]]>
    </failure>

      </testcase>

      <testcase classname="com.metascape.escape.testng.runtime.ParameterTest" name="runModel (Sexual Behavior 10: Cross Check of Covariates - Married Parameters[CoitalFrequency6])" time="0.775" />

      <testcase classname="com.metascape.escape.testng.runtime.ParameterTest" name="runModel (Sexual Behavior 12: Check of Married High CoitFreq Thresholds [CoitalFrequency7m])" time="420.907">
          <failure message=" Average Adult Sex Count in Lifetime 500.0 &gt; 0 Average Adult Sex Partners in Lifetime 1.0 &gt; 0 Count Adult High Frequency Coital Behavior Type 0.0 &lt; 4186" type="java.lang.AssertionError">
      <![CDATA[java.lang.AssertionError: 
Average Adult Sex Count in Lifetime 500.0 > 0
Average Adult Sex Partners in Lifetime 1.0 > 0
Count Adult High Frequency Coital Behavior Type 0.0 < 4186
	at com.metascape.escape.testng.runtime.ParameterTest.runModel(ParameterTest.java:224)
	at java.util.concurrent.ThreadPoolExecutor$Worker.runTask(ThreadPoolExecutor.java:885)
	at java.util.concurrent.ThreadPoolExecutor$Worker.run(ThreadPoolExecutor.java:907)
	at java.lang.Thread.run(Thread.java:637)
... Removed 11 stack frames]]>
    </failure>

      </testcase>

      <testcase classname="com.metascape.escape.testng.runtime.ParameterTest" name="runModel (Sexual Behavior 20: Check of Unmarried High CoitFreq Thresholds [CoitalFrequencyHighCoit])" time="147.859">
          <failure message=" Average Adult Sex Count in Lifetime 504.30890952872375 &lt; 715 Count Adult High Frequency Coital Behavior Type 3457.0 &lt; 5814" type="java.lang.AssertionError">
      <![CDATA[java.lang.AssertionError: 
Average Adult Sex Count in Lifetime 504.30890952872375 < 715
Count Adult High Frequency Coital Behavior Type 3457.0 < 5814
	at com.metascape.escape.testng.runtime.ParameterTest.runModel(ParameterTest.java:224)
	at java.util.concurrent.ThreadPoolExecutor$Worker.runTask(ThreadPoolExecutor.java:885)
	at java.util.concurrent.ThreadPoolExecutor$Worker.run(ThreadPoolExecutor.java:907)
	at java.lang.Thread.run(Thread.java:637)
... Removed 11 stack frames]]>
    </failure>

      </testcase>

      <testcase classname="com.metascape.escape.testng.runtime.ParameterTest" name="runModel (Abortion 1m Check: Cross-check to abortion and married issuee.[PregOut_Abort1mCheck])" time="499.192">
          <failure message=" Sum Adult Pregnancies in Lifetime 8607.0 &lt; 9000" type="java.lang.AssertionError">
      <![CDATA[java.lang.AssertionError: 
Sum Adult Pregnancies in Lifetime 8607.0 < 9000
	at com.metascape.escape.testng.runtime.ParameterTest.runModel(ParameterTest.java:224)
	at java.util.concurrent.ThreadPoolExecutor$Worker.runTask(ThreadPoolExecutor.java:885)
	at java.util.concurrent.ThreadPoolExecutor$Worker.run(ThreadPoolExecutor.java:907)
	at java.lang.Thread.run(Thread.java:637)
... Removed 11 stack frames]]>
    </failure>

      </testcase>

      <testcase classname="com.metascape.escape.testng.runtime.ParameterTest" name="runModel (Sexual Behavior 13: Check of Unmarried Medium CoitFreq Thresholds [CoitalFrequency8])" time="55.204">
          <failure message=" Average Adult Sex Count in Lifetime 2.0495356037151704 &gt; 0 Average Adult Sex Partners in Lifetime 0.037495700034399726 &gt; 0 Count Adult High Frequency Coital Behavior Type 0.0 &lt; 5814" type="java.lang.AssertionError">
      <![CDATA[java.lang.AssertionError: 
Average Adult Sex Count in Lifetime 2.0495356037151704 > 0
Average Adult Sex Partners in Lifetime 0.037495700034399726 > 0
Count Adult High Frequency Coital Behavior Type 0.0 < 5814
	at com.metascape.escape.testng.runtime.ParameterTest.runModel(ParameterTest.java:224)
	at java.util.concurrent.ThreadPoolExecutor$Worker.runTask(ThreadPoolExecutor.java:885)
	at java.util.concurrent.ThreadPoolExecutor$Worker.run(ThreadPoolExecutor.java:907)
	at java.lang.Thread.run(Thread.java:637)
... Removed 11 stack frames]]>
    </failure>

      </testcase>

      <testcase classname="com.metascape.escape.testng.runtime.ParameterTest" name="runModel (Abortion 1: First Check of Baseline Factor for Abortion among Unmarrieds[PregOut_Abort1])" time="157.975" />

      <testcase classname="com.metascape.escape.testng.runtime.ParameterTest" name="runModel (Pill 5: Cross Check of Married Covariates for Medium Condom Equation Among Unmarrieds [Cond5])" time="1.011" />

      <testcase classname="com.metascape.escape.testng.runtime.ParameterTest" name="runModel (Preg Duration 1: Check of Minimum Age Parameter for Unmarrieds [PregDuration1])" time="167.937" />

      <testcase classname="com.metascape.escape.testng.runtime.ParameterTest" name="runModel (Poor Birth 2: Second Check of Baseline Factor for Poor Birth among Unmarrieds[PoorBirth2])" time="179.533">
          <failure message=" Sum Adult Births in Lifetime 333.0 &gt; 295 Sum Adult Poor Births in Lifetime 333.0 &gt; 295" type="java.lang.AssertionError">
      <![CDATA[java.lang.AssertionError: 
Sum Adult Births in Lifetime 333.0 > 295
Sum Adult Poor Births in Lifetime 333.0 > 295
	at com.metascape.escape.testng.runtime.ParameterTest.runModel(ParameterTest.java:224)
	at java.util.concurrent.ThreadPoolExecutor$Worker.runTask(ThreadPoolExecutor.java:885)
	at java.util.concurrent.ThreadPoolExecutor$Worker.run(ThreadPoolExecutor.java:907)
	at java.lang.Thread.run(Thread.java:637)
... Removed 11 stack frames]]>
    </failure>

      </testcase>

      <testcase classname="com.metascape.escape.testng.runtime.ParameterTest" name="runModel (Sexual Behavior 14: Check of Married Medium CoitFreq Thresholds [CoitalFrequency8m])" time="416.145">
          <failure message=" Average Adult Sex Count in Lifetime 4.061156235069278 &gt; 0 Average Adult Sex Partners in Lifetime 0.008122312470138558 &gt; 0 Count Adult Moderate Frequency Coital Behavior Type 3768.0 &lt; 4186" type="java.lang.AssertionError">
      <![CDATA[java.lang.AssertionError: 
Average Adult Sex Count in Lifetime 4.061156235069278 > 0
Average Adult Sex Partners in Lifetime 0.008122312470138558 > 0
Count Adult Moderate Frequency Coital Behavior Type 3768.0 < 4186
	at com.metascape.escape.testng.runtime.ParameterTest.runModel(ParameterTest.java:224)
	at java.util.concurrent.ThreadPoolExecutor$Worker.runTask(ThreadPoolExecutor.java:885)
	at java.util.concurrent.ThreadPoolExecutor$Worker.run(ThreadPoolExecutor.java:907)
	at java.lang.Thread.run(Thread.java:637)
... Removed 11 stack frames]]>
    </failure>

      </testcase>

      <testcase classname="com.metascape.escape.testng.runtime.ParameterTest" name="runModel (Condom 2bm: Spot Check of Covariates High Condom Equation Among Marrieds [Cond2bm])" time="422.147" />

      <testcase classname="com.metascape.escape.testng.runtime.ParameterTest" name="runModel (Periods In Year 2: Check of Periods in Year Parameter for Marrieds [PdsinYr1m])" time="459.56">
          <failure message=" Average Adult Sex Count in Lifetime 500.0 &lt; 1365 Sum Adult Pregnancies in Lifetime 500.0 &lt; 869 Sum Adult Abortions in Lifetime 111.0 &lt; 270 Sum Adult Miscarriages in Lifetime 121.0 &lt; 254 Sum Adult Births in Lifetime 90.0 &lt; 222 Sum Adult Poor Births in Lifetime 42.0 &lt; 106" type="java.lang.AssertionError">
      <![CDATA[java.lang.AssertionError: 
Average Adult Sex Count in Lifetime 500.0 < 1365
Sum Adult Pregnancies in Lifetime 500.0 < 869
Sum Adult Abortions in Lifetime 111.0 < 270
Sum Adult Miscarriages in Lifetime 121.0 < 254
Sum Adult Births in Lifetime 90.0 < 222
Sum Adult Poor Births in Lifetime 42.0 < 106
	at com.metascape.escape.testng.runtime.ParameterTest.runModel(ParameterTest.java:224)
	at java.util.concurrent.ThreadPoolExecutor$Worker.runTask(ThreadPoolExecutor.java:885)
	at java.util.concurrent.ThreadPoolExecutor$Worker.run(ThreadPoolExecutor.java:907)
	at java.lang.Thread.run(Thread.java:637)
... Removed 11 stack frames]]>
    </failure>

      </testcase>

      <testcase classname="com.metascape.escape.testng.runtime.ParameterTest" name="runModel (Pill 1m: Check of Baseline Factor for Pill Equation Among Marrieds [Pill1m])" time="434.962" />

      <testcase classname="com.metascape.escape.testng.runtime.ParameterTest" name="runModel (Pill 5m: Cross Check of Married Covariates for Medium Condom Equation Among Marrieds [Cond5m])" time="423.058">
          <failure message=" Count Adult Condom Medium Intender Contraception Method 283.0 &lt; 299" type="java.lang.AssertionError">
      <![CDATA[java.lang.AssertionError: 
Count Adult Condom Medium Intender Contraception Method 283.0 < 299
	at com.metascape.escape.testng.runtime.ParameterTest.runModel(ParameterTest.java:224)
	at java.util.concurrent.ThreadPoolExecutor$Worker.runTask(ThreadPoolExecutor.java:885)
	at java.util.concurrent.ThreadPoolExecutor$Worker.run(ThreadPoolExecutor.java:907)
	at java.lang.Thread.run(Thread.java:637)
... Removed 11 stack frames]]>
    </failure>

      </testcase>

      <testcase classname="com.metascape.escape.testng.runtime.ParameterTest" name="runModel (Abortion 2m: Second Check of Baseline Factor for Abortion among Marrieds[PregOut_Abort2m])" time="443.101" />

      <testcase classname="com.metascape.escape.testng.runtime.ParameterTest" name="runModel (Sexual Behavior 17: Check of Married High CoitFreq Thresholds [CoitalFrequencyHighCoitm])" time="296.896">
          <failure message=" Count Adult High Frequency Coital Behavior Type 0.0 &lt; 4186" type="java.lang.AssertionError">
      <![CDATA[java.lang.AssertionError: 
Count Adult High Frequency Coital Behavior Type 0.0 < 4186
	at com.metascape.escape.testng.runtime.ParameterTest.runModel(ParameterTest.java:224)
	at java.util.concurrent.ThreadPoolExecutor$Worker.runTask(ThreadPoolExecutor.java:885)
	at java.util.concurrent.ThreadPoolExecutor$Worker.run(ThreadPoolExecutor.java:907)
	at java.lang.Thread.run(Thread.java:637)
... Removed 11 stack frames]]>
    </failure>

      </testcase>

      <testcase classname="com.metascape.escape.testng.runtime.ParameterTest" name="runModel (Sexual Behavior 20: Check of Unmarried High CoitFreq Thresholds [CoitalFrequencyHighCoit])" time="114.554">
          <failure message=" Average Adult Sex Count in Lifetime 498.2205022359821 &lt; 715 Count Adult High Frequency Coital Behavior Type 3460.0 &lt; 5814" type="java.lang.AssertionError">
      <![CDATA[java.lang.AssertionError: 
Average Adult Sex Count in Lifetime 498.2205022359821 < 715
Count Adult High Frequency Coital Behavior Type 3460.0 < 5814
	at com.metascape.escape.testng.runtime.ParameterTest.runModel(ParameterTest.java:224)
	at java.util.concurrent.ThreadPoolExecutor$Worker.runTask(ThreadPoolExecutor.java:885)
	at java.util.concurrent.ThreadPoolExecutor$Worker.run(ThreadPoolExecutor.java:907)
	at java.lang.Thread.run(Thread.java:637)
... Removed 11 stack frames]]>
    </failure>

      </testcase>

      <testcase classname="com.metascape.escape.testng.runtime.ParameterTest" name="runModel (Condom Pill 1m: Check of CondomandPill Efficacy Among Marrieds [CondPill1m])" time="191.449" />

  </testsuite>
</testsuites>
