<?xml version="1.0" encoding="UTF-8"?>
<testsuite name="RhythmAllRhythmAllPill Test" failures="2" tests="2" time="46.795" errors="0">
  <properties/>
  <testcase name="runModel (Rhythm Method All Pill: All unmarrieds are pill users whom are all rhythm method users; this should reduce sex acts in lifetime by 10%.[RhythmAllPill])" time="46.68" classname="com.metascape.escape.testng.runtime.ParameterTest">
    <failure type="java.lang.AssertionError" message="
Count Adult Rhythm Method User 4368.0 &gt; 1550">
      <![CDATA[java.lang.AssertionError: 
Count Adult Rhythm Method User 4368.0 > 1550
	at com.metascape.escape.testng.runtime.ParameterTest.runModel(ParameterTest.java:274)
	at java.util.concurrent.ThreadPoolExecutor$Worker.runTask(ThreadPoolExecutor.java:885)
	at java.util.concurrent.ThreadPoolExecutor$Worker.run(ThreadPoolExecutor.java:907)
	at java.lang.Thread.run(Thread.java:637)
... Removed 12 stack frames]]>
    </failure>
  </testcase>
  <testcase name="runModel (Rhythm Method All: All unmarrieds are rhythm method users; this should reduce sex acts in lifetime by 10%.[RhythmAll])" time="46.712" classname="com.metascape.escape.testng.runtime.ParameterTest">
    <failure type="java.lang.AssertionError" message="
Count Adult Rhythm Method User 5244.0 &gt; 2350">
      <![CDATA[java.lang.AssertionError: 
Count Adult Rhythm Method User 5244.0 > 2350
	at com.metascape.escape.testng.runtime.ParameterTest.runModel(ParameterTest.java:274)
	at java.util.concurrent.ThreadPoolExecutor$Worker.runTask(ThreadPoolExecutor.java:885)
	at java.util.concurrent.ThreadPoolExecutor$Worker.run(ThreadPoolExecutor.java:907)
	at java.lang.Thread.run(Thread.java:637)
... Removed 12 stack frames]]>
    </failure>
  </testcase>
</testsuite>
