<testng-results>
  <reporter-output>
    <line>
      <![CDATA[<b>Contraception Condom 1m: Check of Baseline Factor for Medium Condom Equation Among Marrieds _1</b>]]>
    </line>
    <line>
      <![CDATA[<b>Rhythm Method None: No unmarrieds are rhythm method users; this is the default and all sex related outcomes should remain the same._1</b>]]>
    </line>
    <line>
      <![CDATA[<b>Contraception Condom Cond 5bm: Cross Check of Married Covariates for High Condom Equation Among Marrieds _0</b>]]>
    </line>
    <line>
      <![CDATA[<b>Coital Frequency Unmarried Once Daily_4</b>]]>
    </line>
    <line>
      <![CDATA[This test doubles the baseline factor for the medium condom equation among marrieds, which should have the effect of roughly doubling the number of men who are medium condom intenders relative to baseline.]]>
    </line>
    <line>
      <![CDATA[<b>Pregnancy Outcome Miscarriage 2m: Second Check of Baseline Factor for Miscarriage among Marrieds_0</b>]]>
    </line>
    <line>
      <![CDATA[<b>Contraception Sterilization 3m: Spot Check of Sexual Frequency Covariates for Sterilization Equations Among Marrieds _3</b>]]>
    </line>
    <line>
      <![CDATA[<b>Pregnancy Outcome Abortion 4: Cross Check of Baseline Factor for Abortion among Unmarrieds_4</b>]]>
    </line>
    <line>
      <![CDATA[<a href="../../tests/ContraCond1m.atest">Test File</a>]]>
    </line>
    <line>
      <![CDATA[<a href="../../tests/ContraCond1m.apar">Parameters</a>]]>
    </line>
    <line>
      <![CDATA[<a href="../logs/ContraCond1m_1.log">Log</a>]]>
    </line>
    <line>
      <![CDATA[<a href="../results/ContraCond1m_1.ares">Results</a>]]>
    </line>
    <line>
      <![CDATA[<a href="../../tests/RhythmNone.atest">Test File</a>]]>
    </line>
    <line>
      <![CDATA[<a href="../../tests/RhythmNone.apar">Parameters</a>]]>
    </line>
    <line>
      <![CDATA[<a href="../logs/RhythmNone_1.log">Log</a>]]>
    </line>
    <line>
      <![CDATA[<a href="../results/RhythmNone_1.ares">Results</a>]]>
    </line>
    <line>
      <![CDATA[<b>Pregnancy Outcome Poor Birth 4: Cross Check of Baseline Factor for Poor Births among Unmarrieds_4</b>]]>
    </line>
    <line>
      <![CDATA[This check ensures that no unmarrieds are having sex more than once a day.]]>
    </line>
    <line>
      <![CDATA[<a href="../../tests/CoitalFrequencyUnmarriedOnceDaily.atest">Test File</a>]]>
    </line>
    <line>
      <![CDATA[<a href="../../tests/CoitalFrequencyUnmarriedOnceDaily.apar">Parameters</a>]]>
    </line>
    <line>
      <![CDATA[<a href="../logs/CoitalFrequencyUnmarriedOnceDaily_4.log">Log</a>]]>
    </line>
    <line>
      <![CDATA[<a href="../results/CoitalFrequencyUnmarriedOnceDaily_4.ares">Results</a>]]>
    </line>
    <line>
      <![CDATA[This test sets all sexual proclivity factors equal to (-1*baseline) in the sterilization equations among marrieds, which should have the effect of eliminating sterilization in the simulation.]]>
    </line>
    <line>
      <![CDATA[<a href="../../tests/ContraSteril3m.atest">Test File</a>]]>
    </line>
    <line>
      <![CDATA[<a href="../../tests/ContraSteril3m.apar">Parameters</a>]]>
    </line>
    <line>
      <![CDATA[<a href="../logs/ContraSteril3m_3.log">Log</a>]]>
    </line>
    <line>
      <![CDATA[<a href="../results/ContraSteril3m_3.ares">Results</a>]]>
    </line>
    <line>
      <![CDATA[This test sets the baseline factor in the married miscarriage equation equal to one, which should eliminate births and abortions and increase the number of miscarriages relative to baseline.]]>
    </line>
    <line>
      <![CDATA[<a href="../../tests/PregOut_Miscarr2m.atest">Test File</a>]]>
    </line>
    <line>
      <![CDATA[<a href="../../tests/PregOut_Miscarr2m.apar">Parameters</a>]]>
    </line>
    <line>
      <![CDATA[<a href="../logs/PregOut_Miscarr2m_0.log">Log</a>]]>
    </line>
    <line>
      <![CDATA[This test sets all values for the pill covariates in the unmarried high condom equation equal to an extremely high number, which should have no effect on the number of high condom intenders among marrieds.]]>
    </line>
    <line>
      <![CDATA[This test sets all covariates in the unmarried abortion equation equal extremely high values, which should have no effect on pregnancy outcomes among unmarrieds.]]>
    </line>
    <line>
      <![CDATA[<a href="../../tests/ContraCond5bm.atest">Test File</a>]]>
    </line>
    <line>
      <![CDATA[<a href="../../tests/PregOut_Abort4.atest">Test File</a>]]>
    </line>
    <line>
      <![CDATA[<a href="../../tests/ContraCond5bm.apar">Parameters</a>]]>
    </line>
    <line>
      <![CDATA[<a href="../../tests/PregOut_Abort4.apar">Parameters</a>]]>
    </line>
    <line>
      <![CDATA[<a href="../logs/ContraCond5bm_0.log">Log</a>]]>
    </line>
    <line>
      <![CDATA[<a href="../logs/PregOut_Abort4_4.log">Log</a>]]>
    </line>
    <line>
      <![CDATA[<a href="../results/ContraCond5bm_0.ares">Results</a>]]>
    </line>
    <line>
      <![CDATA[<a href="../results/PregOut_Miscarr2m_0.ares">Results</a>]]>
    </line>
    <line>
      <![CDATA[<a href="../results/PregOut_Abort4_4.ares">Results</a>]]>
    </line>
    <line>
      <![CDATA[This test sets all covariates in the married poor birth equation equal extremely high values, which should have no effect on pregnancy outcomes among unmarrieds.]]>
    </line>
    <line>
      <![CDATA[<a href="../../tests/PregOut_PoorBirth4.atest">Test File</a>]]>
    </line>
    <line>
      <![CDATA[<a href="../../tests/PregOut_PoorBirth4.apar">Parameters</a>]]>
    </line>
    <line>
      <![CDATA[<a href="../logs/PregOut_PoorBirth4_4.log">Log</a>]]>
    </line>
    <line>
      <![CDATA[<a href="../results/PregOut_PoorBirth4_4.ares">Results</a>]]>
    </line>
    <line>
      <![CDATA[<b>Coital Frequency Married Once Daily_2</b>]]>
    </line>
    <line>
      <![CDATA[This check ensures that no unmarrieds are having sex more than once a day.]]>
    </line>
    <line>
      <![CDATA[<a href="../../tests/CoitalFrequencyMarriedOnceDaily.atest">Test File</a>]]>
    </line>
    <line>
      <![CDATA[<a href="../../tests/CoitalFrequencyMarriedOnceDaily.apar">Parameters</a>]]>
    </line>
    <line>
      <![CDATA[<a href="../logs/CoitalFrequencyMarriedOnceDaily_2.log">Log</a>]]>
    </line>
    <line>
      <![CDATA[<a href="../results/CoitalFrequencyMarriedOnceDaily_2.ares">Results</a>]]>
    </line>
    <line>
      <![CDATA[<b>Contraception Pill 3m: Spot Check of Sexual Frequency Covariates for Pill Equation Among Marrieds _1</b>]]>
    </line>
    <line>
      <![CDATA[This test sets all sexual proclivity factors equal to (-1*baseline) in the equation among marrieds, which should have the effect of eliminating pill use in the simulation.]]>
    </line>
    <line>
      <![CDATA[<a href="../../tests/ContraPill3m.atest">Test File</a>]]>
    </line>
    <line>
      <![CDATA[<a href="../../tests/ContraPill3m.apar">Parameters</a>]]>
    </line>
    <line>
      <![CDATA[<a href="../logs/ContraPill3m_1.log">Log</a>]]>
    </line>
    <line>
      <![CDATA[<a href="../results/ContraPill3m_1.ares">Results</a>]]>
    </line>
    <line>
      <![CDATA[<b>Pregnancy Outcome Poor Birth 3: Spot Check of Covariates for Poor Birth Equation among Unmarrieds_0</b>]]>
    </line>
    <line>
      <![CDATA[This test sets the Education covariates in the unmarried poor birth equation equal to (-1*baseline), which should eliminate poor births.]]>
    </line>
    <line>
      <![CDATA[<a href="../../tests/PregOut_PoorBirth3.atest">Test File</a>]]>
    </line>
    <line>
      <![CDATA[<a href="../../tests/PregOut_PoorBirth3.apar">Parameters</a>]]>
    </line>
    <line>
      <![CDATA[<a href="../logs/PregOut_PoorBirth3_0.log">Log</a>]]>
    </line>
    <line>
      <![CDATA[<a href="../results/PregOut_PoorBirth3_0.ares">Results</a>]]>
    </line>
    <line>
      <![CDATA[<b>Contraception Partners Sterilization All unmarried: Spot Check of Partner Sterilization Covariate for Sterilization Equation Among Unmarrieds _1</b>]]>
    </line>
    <line>
      <![CDATA[By making all sterilized, we should have the same number of partners in relationship as sterilized parnters.]]>
    </line>
    <line>
      <![CDATA[<a href="../../tests/ContraSterilAll.atest">Test File</a>]]>
    </line>
    <line>
      <![CDATA[<a href="../../tests/ContraSterilAll.apar">Parameters</a>]]>
    </line>
    <line>
      <![CDATA[<a href="../logs/ContraSterilAll_1.log">Log</a>]]>
    </line>
    <line>
      <![CDATA[<a href="../results/ContraSterilAll_1.ares">Results</a>]]>
    </line>
    <line>
      <![CDATA[<b>Contraception Sterilization Female Partner m: Check that partner sterilization count is working correctly_4</b>]]>
    </line>
    <line>
      <![CDATA[<a href="../../tests/ContraSterilPartnerFemalem.atest">Test File</a>]]>
    </line>
    <line>
      <![CDATA[<a href="../../tests/ContraSterilPartnerFemalem.apar">Parameters</a>]]>
    </line>
    <line>
      <![CDATA[<a href="../logs/ContraSterilPartnerFemalem_4.log">Log</a>]]>
    </line>
    <line>
      <![CDATA[<a href="../results/ContraSterilPartnerFemalem_4.ares">Results</a>]]>
    </line>
    <line>
      <![CDATA[<b>Pregnancy Outcome Miscarriage 3m: Spot Check of Covariates for Miscarriage Equation among Marrieds_4</b>]]>
    </line>
    <line>
      <![CDATA[This test sets the race covariates in the married miscarriage equation equal to (-1*baseline), which should eliminate miscarriages and increase the number of births (but not abortions) relative to baseline.]]>
    </line>
    <line>
      <![CDATA[<a href="../../tests/PregOut_Miscarr3m.atest">Test File</a>]]>
    </line>
    <line>
      <![CDATA[<a href="../../tests/PregOut_Miscarr3m.apar">Parameters</a>]]>
    </line>
    <line>
      <![CDATA[<a href="../logs/PregOut_Miscarr3m_4.log">Log</a>]]>
    </line>
    <line>
      <![CDATA[<a href="../results/PregOut_Miscarr3m_4.ares">Results</a>]]>
    </line>
    <line>
      <![CDATA[<b>Coital Frequency Low Coit Threshold Married: Check of Married Low CoitFreq Thresholds _1</b>]]>
    </line>
    <line>
      <![CDATA[This test assigns all married agents to the low coitfreq category and then sets the Minimum and Maximum thresholds for that category equal to 1, which should result in every agent having sex once a day.  This test also tests for whether married agents ever have sex more than once per day.]]>
    </line>
    <line>
      <![CDATA[<a href="../../tests/CoitalFrequencyLowCoitDailym.atest">Test File</a>]]>
    </line>
    <line>
      <![CDATA[<a href="../../tests/CoitalFrequencyLowCoitDailym.apar">Parameters</a>]]>
    </line>
    <line>
      <![CDATA[<a href="../logs/CoitalFrequencyLowCoitDailym_1.log">Log</a>]]>
    </line>
    <line>
      <![CDATA[<a href="../results/CoitalFrequencyLowCoitDailym_1.ares">Results</a>]]>
    </line>
    <line>
      <![CDATA[<b>Contraception Sterilization 4: Cross Check of Married Covariates for Sterilization Equations Among Unmarrieds _3</b>]]>
    </line>
    <line>
      <![CDATA[This test sets all values for the pill covariates in the married sterilization equations equal to an extremely high number, which should have no effect on sterilization among unmarrieds.]]>
    </line>
    <line>
      <![CDATA[<a href="../../tests/ContraSteril4.atest">Test File</a>]]>
    </line>
    <line>
      <![CDATA[<a href="../../tests/ContraSteril4.apar">Parameters</a>]]>
    </line>
    <line>
      <![CDATA[<a href="../logs/ContraSteril4_3.log">Log</a>]]>
    </line>
    <line>
      <![CDATA[<a href="../results/ContraSteril4_3.ares">Results</a>]]>
    </line>
    <line>
      <![CDATA[<b>Coital Frequency Low Coital Threshold daily: Check of Unmarried Low CoitFreq Thresholds _3</b>]]>
    </line>
    <line>
      <![CDATA[This test assigns all unmarried agents to the low coitfreq category and then sets the Minimum and Maximum thresholds for that category equal to 1, which should have no effect on coital frequency.]]>
    </line>
    <line>
      <![CDATA[<a href="../../tests/CoitalFrequencyLowCoitDaily.atest">Test File</a>]]>
    </line>
    <line>
      <![CDATA[<a href="../../tests/CoitalFrequencyLowCoitDaily.apar">Parameters</a>]]>
    </line>
    <line>
      <![CDATA[<a href="../logs/CoitalFrequencyLowCoitDaily_3.log">Log</a>]]>
    </line>
    <line>
      <![CDATA[<a href="../results/CoitalFrequencyLowCoitDaily_3.ares">Results</a>]]>
    </line>
    <line>
      <![CDATA[<b>Contraception Pill 3: Spot Check of Sexual Frequency Covariates for Pill Equation Among Unmarrieds _1</b>]]>
    </line>
    <line>
      <![CDATA[This test sets all sexual proclivity factors equal to (-1*baseline) in the equation among unmarrieds, which should have the effect of eliminating pill use in the simulation.]]>
    </line>
    <line>
      <![CDATA[<a href="../../tests/ContraPill3.atest">Test File</a>]]>
    </line>
    <line>
      <![CDATA[<a href="../../tests/ContraPill3.apar">Parameters</a>]]>
    </line>
    <line>
      <![CDATA[<a href="../logs/ContraPill3_1.log">Log</a>]]>
    </line>
    <line>
      <![CDATA[<a href="../results/ContraPill3_1.ares">Results</a>]]>
    </line>
    <line>
      <![CDATA[<b>Pregnancy Outcome Abortion Miscarriage 2m: Check Hypothesis that Miscarriages at .5 and Abortion at .5 Causes no births to occur and overall number of abortions and miscarriages to go up._2</b>]]>
    </line>
    <line>
      <![CDATA[This test sets the baseline factor in the married abortion equation equal to zero, which should eliminate abortions increase pregnancies somewhat, and increase the number of births and miscarriages relative to baseline.]]>
    </line>
    <line>
      <![CDATA[<a href="../../tests/PregOut_AbortMis2m.atest">Test File</a>]]>
    </line>
    <line>
      <![CDATA[<a href="../../tests/PregOut_AbortMis2m.apar">Parameters</a>]]>
    </line>
    <line>
      <![CDATA[<a href="../logs/PregOut_AbortMis2m_2.log">Log</a>]]>
    </line>
    <line>
      <![CDATA[<a href="../results/PregOut_AbortMis2m_2.ares">Results</a>]]>
    </line>
    <line>
      <![CDATA[<b>Pregnancy Outcome Miscarriage 4: Cross Check of Baseline Factor for Miscarriage among Unmarrieds_0</b>]]>
    </line>
    <line>
      <![CDATA[This test sets all covariates in the married miscarriage equation equal extremely high values, which should have no effect on pregnancy outcomes among unmarrieds.]]>
    </line>
    <line>
      <![CDATA[<a href="../../tests/PregOut_Miscarr4.atest">Test File</a>]]>
    </line>
    <line>
      <![CDATA[<a href="../../tests/PregOut_Miscarr4.apar">Parameters</a>]]>
    </line>
    <line>
      <![CDATA[<a href="../logs/PregOut_Miscarr4_0.log">Log</a>]]>
    </line>
    <line>
      <![CDATA[<a href="../results/PregOut_Miscarr4_0.ares">Results</a>]]>
    </line>
    <line>
      <![CDATA[<b>Coital Frequency 4m: Spot Check of Covariates - SES (very low married)_0</b>]]>
    </line>
    <line>
      <![CDATA[This test spot checks the SES-related demographic predictors of Coital Frequency within the very low married equation by setting all relevant covariates equal to (-1*baseline factor), which should result in no agents falling into this proclivity category.]]>
    </line>
    <line>
      <![CDATA[<a href="../../tests/CoitalFrequencyNoSESm.atest">Test File</a>]]>
    </line>
    <line>
      <![CDATA[<a href="../../tests/CoitalFrequencyNoSESm.apar">Parameters</a>]]>
    </line>
    <line>
      <![CDATA[<a href="../logs/CoitalFrequencyNoSESm_0.log">Log</a>]]>
    </line>
    <line>
      <![CDATA[<a href="../results/CoitalFrequencyNoSESm_0.ares">Results</a>]]>
    </line>
    <line>
      <![CDATA[<b>Coital Frequency 7m High Threshold None Married: Check of Married High CoitFreq Thresholds _4</b>]]>
    </line>
    <line>
      <![CDATA[This test assigns all married agents to the high coitfreq category and then sets the Minimum and Maximum thresholds for that category equal to zero, which should result in nobody having sex in the model.]]>
    </line>
    <line>
      <![CDATA[<a href="../../tests/CoitalFrequencyHighCoitNonem.atest">Test File</a>]]>
    </line>
    <line>
      <![CDATA[<a href="../../tests/CoitalFrequencyHighCoitNonem.apar">Parameters</a>]]>
    </line>
    <line>
      <![CDATA[<a href="../logs/CoitalFrequencyHighCoitNonem_4.log">Log</a>]]>
    </line>
    <line>
      <![CDATA[<a href="../results/CoitalFrequencyHighCoitNonem_4.ares">Results</a>]]>
    </line>
    <line>
      <![CDATA[<b>Contraception Sterilization Female Partner m: Check that partner sterilization count is working correctly_1</b>]]>
    </line>
    <line>
      <![CDATA[<a href="../../tests/ContraSterilPartnerFemalem.atest">Test File</a>]]>
    </line>
    <line>
      <![CDATA[<a href="../../tests/ContraSterilPartnerFemalem.apar">Parameters</a>]]>
    </line>
    <line>
      <![CDATA[<a href="../logs/ContraSterilPartnerFemalem_1.log">Log</a>]]>
    </line>
    <line>
      <![CDATA[<a href="../results/ContraSterilPartnerFemalem_1.ares">Results</a>]]>
    </line>
    <line>
      <![CDATA[<b>Coital Frequency Very Low Married: Functionality of Very Low Married Sexual-Proclivity Baseline_4</b>]]>
    </line>
    <line>
      <![CDATA[This test quadruples the baseline value of the very low married sexual-proclivity baseline factor. Since all demographic predictors are set equal to zero, this should roughly result in a quadrupling of the number of married sexual very lows.]]>
    </line>
    <line>
      <![CDATA[<a href="../../tests/CoitalFrequencyVeryLowm.atest">Test File</a>]]>
    </line>
    <line>
      <![CDATA[<a href="../../tests/CoitalFrequencyVeryLowm.apar">Parameters</a>]]>
    </line>
    <line>
      <![CDATA[<a href="../logs/CoitalFrequencyVeryLowm_4.log">Log</a>]]>
    </line>
    <line>
      <![CDATA[<a href="../results/CoitalFrequencyVeryLowm_4.ares">Results</a>]]>
    </line>
    <line>
      <![CDATA[<b>Periods In Year 1m: Check of Periods in Year Parameter for Marrieds _2</b>]]>
    </line>
    <line>
      <![CDATA[This test ensures that value the periods in year parameter has no effect on the model's outcomes for marrieds by setting periods in year equal to an extremely high value and comparing results to baseline.]]>
    </line>
    <line>
      <![CDATA[<a href="../../tests/PdsinYr1m.atest">Test File</a>]]>
    </line>
    <line>
      <![CDATA[<a href="../../tests/PdsinYr1m.apar">Parameters</a>]]>
    </line>
    <line>
      <![CDATA[<a href="../logs/PdsinYr1m_2.log">Log</a>]]>
    </line>
    <line>
      <![CDATA[<a href="../results/PdsinYr1m_2.ares">Results</a>]]>
    </line>
    <line>
      <![CDATA[<b>Relationship Status 1: Second check of p(rel begin) and p(rel end) parameters_0</b>]]>
    </line>
    <line>
      <![CDATA[This test changes the probability of entering into a relationship to zero.  This should result in no agents being in a relationship.]]>
    </line>
    <line>
      <![CDATA[<a href="../../tests/RelStat2.atest">Test File</a>]]>
    </line>
    <line>
      <![CDATA[<a href="../../tests/RelStat2.apar">Parameters</a>]]>
    </line>
    <line>
      <![CDATA[<a href="../logs/RelStat2_0.log">Log</a>]]>
    </line>
    <line>
      <![CDATA[<a href="../results/RelStat2_0.ares">Results</a>]]>
    </line>
    <line>
      <![CDATA[<b>Coital Frequency Low Coit Threshold Married: Check of Married Low CoitFreq Thresholds _3</b>]]>
    </line>
    <line>
      <![CDATA[This test assigns all married agents to the low coitfreq category and then sets the Minimum and Maximum thresholds for that category equal to 1, which should result in every agent having sex once a day.  This test also tests for whether married agents ever have sex more than once per day.]]>
    </line>
    <line>
      <![CDATA[<a href="../../tests/CoitalFrequencyLowCoitDailym.atest">Test File</a>]]>
    </line>
    <line>
      <![CDATA[<a href="../../tests/CoitalFrequencyLowCoitDailym.apar">Parameters</a>]]>
    </line>
    <line>
      <![CDATA[<a href="../logs/CoitalFrequencyLowCoitDailym_3.log">Log</a>]]>
    </line>
    <line>
      <![CDATA[<a href="../results/CoitalFrequencyLowCoitDailym_3.ares">Results</a>]]>
    </line>
    <line>
      <![CDATA[<b>Coital Frequency No Initial: Check of Initial-Sex Parameter (married)_0</b>]]>
    </line>
    <line>
      <![CDATA[This test sets the initial-sex coefficient equal to zero for the unmarried analysis, which should have no effect on coital frequency among marrieds (since this parameter should apply only to unmarrieds).]]>
    </line>
    <line>
      <![CDATA[<a href="../../tests/CoitalFrequencyNoInitialm.atest">Test File</a>]]>
    </line>
    <line>
      <![CDATA[<a href="../../tests/CoitalFrequencyNoInitialm.apar">Parameters</a>]]>
    </line>
    <line>
      <![CDATA[<a href="../logs/CoitalFrequencyNoInitialm_0.log">Log</a>]]>
    </line>
    <line>
      <![CDATA[<a href="../results/CoitalFrequencyNoInitialm_0.ares">Results</a>]]>
    </line>
    <line>
      <![CDATA[<b>Coital Frequency Moderate Freq None Married: Check of Married Medium CoitFreq Thresholds _4</b>]]>
    </line>
    <line>
      <![CDATA[This test assigns all married agents to the medium coitfreq category and then sets the Minimum and Maximum thresholds for that category equal to zero, which should result in nobody having sex in the model.]]>
    </line>
    <line>
      <![CDATA[<a href="../../tests/CoitalFrequencyModCoitNonem.atest">Test File</a>]]>
    </line>
    <line>
      <![CDATA[<a href="../../tests/CoitalFrequencyModCoitNonem.apar">Parameters</a>]]>
    </line>
    <line>
      <![CDATA[<a href="../logs/CoitalFrequencyModCoitNonem_4.log">Log</a>]]>
    </line>
    <line>
      <![CDATA[<a href="../results/CoitalFrequencyModCoitNonem_4.ares">Results</a>]]>
    </line>
    <line>
      <![CDATA[<b>Contraception Pill 4: Spot Check of Partner Sterilization Covariate for Pill Equation Among Unmarrieds _4</b>]]>
    </line>
    <line>
      <![CDATA[This test sets the partner sterilization factor equal to (-1*baseline) in the equation among unmarrieds, which should have no effect on pill use in the simulation.]]>
    </line>
    <line>
      <![CDATA[<a href="../../tests/ContraPill4.atest">Test File</a>]]>
    </line>
    <line>
      <![CDATA[<a href="../../tests/ContraPill4.apar">Parameters</a>]]>
    </line>
    <line>
      <![CDATA[<a href="../logs/ContraPill4_4.log">Log</a>]]>
    </line>
    <line>
      <![CDATA[<a href="../results/ContraPill4_4.ares">Results</a>]]>
    </line>
    <line>
      <![CDATA[<b>Coital Frequency High Coital Thresholds: Check of Unmarried High CoitFreq Thresholds _2</b>]]>
    </line>
    <line>
      <![CDATA[This test assigns all unmarried agents to the high coitfreq category and then sets the Minimum and Maximum thresholds for that category equal to 1, which should result in agents having the same amount of sex (this test is probably redundant).]]>
    </line>
    <line>
      <![CDATA[<a href="../../tests/CoitalFrequencyHighCoitDaily.atest">Test File</a>]]>
    </line>
    <line>
      <![CDATA[<a href="../../tests/CoitalFrequencyHighCoitDaily.apar">Parameters</a>]]>
    </line>
    <line>
      <![CDATA[<a href="../logs/CoitalFrequencyHighCoitDaily_2.log">Log</a>]]>
    </line>
    <line>
      <![CDATA[<a href="../results/CoitalFrequencyHighCoitDaily_2.ares">Results</a>]]>
    </line>
    <line>
      <![CDATA[<b>Pregnancy Outcome Poor Birth 3m: Spot Check of Covariates for Poor Birth Equation among Marrieds_3</b>]]>
    </line>
    <line>
      <![CDATA[This test sets the Education covariates in the married poor birth equation equal to (-1*baseline), which should eliminate poor births.]]>
    </line>
    <line>
      <![CDATA[<a href="../../tests/PregOut_PoorBirth3m.atest">Test File</a>]]>
    </line>
    <line>
      <![CDATA[<a href="../../tests/PregOut_PoorBirth3m.apar">Parameters</a>]]>
    </line>
    <line>
      <![CDATA[<a href="../logs/PregOut_PoorBirth3m_3.log">Log</a>]]>
    </line>
    <line>
      <![CDATA[<a href="../results/PregOut_PoorBirth3m_3.ares">Results</a>]]>
    </line>
    <line>
      <![CDATA[<b>Contraception Condom 1m: Check of Baseline Factor for Medium Condom Equation Among Marrieds _0</b>]]>
    </line>
    <line>
      <![CDATA[This test doubles the baseline factor for the medium condom equation among marrieds, which should have the effect of roughly doubling the number of men who are medium condom intenders relative to baseline.]]>
    </line>
    <line>
      <![CDATA[<a href="../../tests/ContraCond1m.atest">Test File</a>]]>
    </line>
    <line>
      <![CDATA[<a href="../../tests/ContraCond1m.apar">Parameters</a>]]>
    </line>
    <line>
      <![CDATA[<a href="../logs/ContraCond1m_0.log">Log</a>]]>
    </line>
    <line>
      <![CDATA[<a href="../results/ContraCond1m_0.ares">Results</a>]]>
    </line>
    <line>
      <![CDATA[<b>Coital Frequency High Coital Thresholds: Check of Unmarried High CoitFreq Thresholds _1</b>]]>
    </line>
    <line>
      <![CDATA[This test assigns all unmarried agents to the high coitfreq category and then sets the Minimum and Maximum thresholds for that category equal to 1, which should result in agents having the same amount of sex (this test is probably redundant).]]>
    </line>
    <line>
      <![CDATA[<a href="../../tests/CoitalFrequencyHighCoitDaily.atest">Test File</a>]]>
    </line>
    <line>
      <![CDATA[<a href="../../tests/CoitalFrequencyHighCoitDaily.apar">Parameters</a>]]>
    </line>
    <line>
      <![CDATA[<a href="../logs/CoitalFrequencyHighCoitDaily_1.log">Log</a>]]>
    </line>
    <line>
      <![CDATA[<a href="../results/CoitalFrequencyHighCoitDaily_1.ares">Results</a>]]>
    </line>
    <line>
      <![CDATA[<b>Coital Frequency Very Low: Functionality of Very Low Unmarried Sexual - Proclivity Baseline_4</b>]]>
    </line>
    <line>
      <![CDATA[This test quadruples the baseline value of the very low unmarried sexual-proclivity baseline factor. Since all demographic predictors are set equal to zero, this should roughly result in a quadrupling of the number of unmarried sexual very lows.]]>
    </line>
    <line>
      <![CDATA[<a href="../../tests/CoitalFrequencyVeryLow.atest">Test File</a>]]>
    </line>
    <line>
      <![CDATA[<a href="../../tests/CoitalFrequencyVeryLow.apar">Parameters</a>]]>
    </line>
    <line>
      <![CDATA[<a href="../logs/CoitalFrequencyVeryLow_4.log">Log</a>]]>
    </line>
    <line>
      <![CDATA[<a href="../results/CoitalFrequencyVeryLow_4.ares">Results</a>]]>
    </line>
    <line>
      <![CDATA[<b>Contraception Condom 4bm: Spot Check of Partner Sterilization Covariate for Medium Condom Equation Among Marrieds _3</b>]]>
    </line>
    <line>
      <![CDATA[This test sets the partner sterilization factor equal to (-1*baseline) in the high condom equation among marrieds, and making all females sterilized, which should have the effect of making all high intenders medium intenders.]]>
    </line>
    <line>
      <![CDATA[<a href="../../tests/ContraCond4bm.atest">Test File</a>]]>
    </line>
    <line>
      <![CDATA[<a href="../../tests/ContraCond4bm.apar">Parameters</a>]]>
    </line>
    <line>
      <![CDATA[<a href="../logs/ContraCond4bm_3.log">Log</a>]]>
    </line>
    <line>
      <![CDATA[<a href="../results/ContraCond4bm_3.ares">Results</a>]]>
    </line>
    <line>
      <![CDATA[<b>Contraception Condom 3: Spot Check of Sexual Frequency Covariates for Medium Equation Among Unmarrieds _3</b>]]>
    </line>
    <line>
      <![CDATA[This test sets all sexual proclivity factors equal to (-1*baseline) in the medium condom equation among unmarrieds, which should have the effect of eliminating medium condom intenders from the simulation.]]>
    </line>
    <line>
      <![CDATA[<a href="../../tests/ContraCond3.atest">Test File</a>]]>
    </line>
    <line>
      <![CDATA[<a href="../../tests/ContraCond3.apar">Parameters</a>]]>
    </line>
    <line>
      <![CDATA[<a href="../logs/ContraCond3_3.log">Log</a>]]>
    </line>
    <line>
      <![CDATA[<a href="../results/ContraCond3_3.ares">Results</a>]]>
    </line>
    <line>
      <![CDATA[<b>Pregnancy Outcome Abortion 4m: Cross Check of Baseline Factor for Abortion among Marrieds_0</b>]]>
    </line>
    <line>
      <![CDATA[This test sets all covariates in the unmarried abortion equation equal extremely high values, which should have no effect on pregnancy outcomes among marrieds.]]>
    </line>
    <line>
      <![CDATA[<a href="../../tests/PregOut_Abort4m.atest">Test File</a>]]>
    </line>
    <line>
      <![CDATA[<a href="../../tests/PregOut_Abort4m.apar">Parameters</a>]]>
    </line>
    <line>
      <![CDATA[<a href="../logs/PregOut_Abort4m_0.log">Log</a>]]>
    </line>
    <line>
      <![CDATA[<a href="../results/PregOut_Abort4m_0.ares">Results</a>]]>
    </line>
    <line>
      <![CDATA[<b>Coital Frequency Moderate Threshold: Check of Unmarried Moderate CoitFreq Thresholds _1</b>]]>
    </line>
    <line>
      <![CDATA[This test assigns all unmarried agents to the moderate coitfreq category and then sets the Minimum and Maximum thresholds for that category equal to 1, which should have no effect on Baseline.]]>
    </line>
    <line>
      <![CDATA[<a href="../../tests/CoitalFrequencyModCoitDaily.atest">Test File</a>]]>
    </line>
    <line>
      <![CDATA[<a href="../../tests/CoitalFrequencyModCoitDaily.apar">Parameters</a>]]>
    </line>
    <line>
      <![CDATA[<a href="../logs/CoitalFrequencyModCoitDaily_1.log">Log</a>]]>
    </line>
    <line>
      <![CDATA[<a href="../results/CoitalFrequencyModCoitDaily_1.ares">Results</a>]]>
    </line>
    <line>
      <![CDATA[<b>Contraception Condom 3: Spot Check of Sexual Frequency Covariates for Medium Equation Among Unmarrieds _4</b>]]>
    </line>
    <line>
      <![CDATA[This test sets all sexual-proclivity factors equal to (-1*baseline) in the high condom equation among unmarrieds, which should have the effect of eliminating high condom intenders from the simulation and turning that number of people into medium intenders.]]>
    </line>
    <line>
      <![CDATA[<a href="../../tests/ContraCond3b.atest">Test File</a>]]>
    </line>
    <line>
      <![CDATA[<a href="../../tests/ContraCond3b.apar">Parameters</a>]]>
    </line>
    <line>
      <![CDATA[<a href="../logs/ContraCond3b_4.log">Log</a>]]>
    </line>
    <line>
      <![CDATA[<a href="../results/ContraCond3b_4.ares">Results</a>]]>
    </line>
    <line>
      <![CDATA[<b>Coital Frequency Low Coit Threshold None Married: Check of Married Low CoitFreq Thresholds _2</b>]]>
    </line>
    <line>
      <![CDATA[This test assigns all married agents to the low coitfreq category and then sets the Minimum and Maximum thresholds for that category equal to zero, which should result in nobody having sex in the model.]]>
    </line>
    <line>
      <![CDATA[<a href="../../tests/CoitalFrequencyLowCoitNonem.atest">Test File</a>]]>
    </line>
    <line>
      <![CDATA[<a href="../../tests/CoitalFrequencyLowCoitNonem.apar">Parameters</a>]]>
    </line>
    <line>
      <![CDATA[<a href="../logs/CoitalFrequencyLowCoitNonem_2.log">Log</a>]]>
    </line>
    <line>
      <![CDATA[<a href="../results/CoitalFrequencyLowCoitNonem_2.ares">Results</a>]]>
    </line>
    <line>
      <![CDATA[<b>Coital Frequency High Coit Threshold: Check of Unmarried Coital Frequency (High Threshold) _1</b>]]>
    </line>
    <line>
      <![CDATA[This test sets the relationship probability to 100%, assigns all unmarried agents to the high coitfreq category, and then sets the Minimum and Maximum thresholds for that category equal to 1.  If Coital Frequency is working properly then sex count in lifetime should have a Maximum of no more than the number of periods, which is 50.]]>
    </line>
    <line>
      <![CDATA[<a href="../../tests/CoitalFrequencyHighCoitHighThresh.atest">Test File</a>]]>
    </line>
    <line>
      <![CDATA[<a href="../../tests/CoitalFrequencyHighCoitHighThresh.apar">Parameters</a>]]>
    </line>
    <line>
      <![CDATA[<a href="../logs/CoitalFrequencyHighCoitHighThresh_1.log">Log</a>]]>
    </line>
    <line>
      <![CDATA[<a href="../results/CoitalFrequencyHighCoitHighThresh_1.ares">Results</a>]]>
    </line>
    <line>
      <![CDATA[<b>Contraception Sterilization 1m: Check of Baseline Factor for Sterilization Equations Among Marrieds _2</b>]]>
    </line>
    <line>
      <![CDATA[This test sets the baseline factor for the sterilization equations among marrieds to one, which should have the effect sterilizing everyone.  This doubles as an efficacy test; if everyone is sterilized, there should be no pregnancies.]]>
    </line>
    <line>
      <![CDATA[<a href="../../tests/ContraSteril1m.atest">Test File</a>]]>
    </line>
    <line>
      <![CDATA[<a href="../../tests/ContraSteril1m.apar">Parameters</a>]]>
    </line>
    <line>
      <![CDATA[<a href="../logs/ContraSteril1m_2.log">Log</a>]]>
    </line>
    <line>
      <![CDATA[<a href="../results/ContraSteril1m_2.ares">Results</a>]]>
    </line>
    <line>
      <![CDATA[<b>Contraception Condom 2: Spot Check of Covariates Medium Condom Equation Among Unmarrieds _2</b>]]>
    </line>
    <line>
      <![CDATA[This test sets all race factors equal to (-1*baseline) in the medium condom equation among unmarrieds, which should have the effect of eliminating medium condom intenders from the simulation.]]>
    </line>
    <line>
      <![CDATA[<a href="../../tests/ContraCond2.atest">Test File</a>]]>
    </line>
    <line>
      <![CDATA[<a href="../../tests/ContraCond2.apar">Parameters</a>]]>
    </line>
    <line>
      <![CDATA[<a href="../logs/ContraCond2_2.log">Log</a>]]>
    </line>
    <line>
      <![CDATA[<a href="../results/ContraCond2_2.ares">Results</a>]]>
    </line>
    <line>
      <![CDATA[<b>Contraception Condom Cond 5b: Cross Check of Married Covariates for High Condom Equation Among Unmarrieds _3</b>]]>
    </line>
    <line>
      <![CDATA[This test sets all values for the pill covariates in the married high condom equation equal to an extremely high number, which should have no effect on the number of high condom intenders among unmarrieds.]]>
    </line>
    <line>
      <![CDATA[<a href="../../tests/ContraCond5b.atest">Test File</a>]]>
    </line>
    <line>
      <![CDATA[<a href="../../tests/ContraCond5b.apar">Parameters</a>]]>
    </line>
    <line>
      <![CDATA[<a href="../logs/ContraCond5b_3.log">Log</a>]]>
    </line>
    <line>
      <![CDATA[<a href="../results/ContraCond5b_3.ares">Results</a>]]>
    </line>
    <line>
      <![CDATA[<b>Coital Frequency High Coital Threshold: Check of Married High CoitFreq Thresholds _4</b>]]>
    </line>
    <line>
      <![CDATA[This test assigns all married agents to the high coitfreq category and then sets the Minimum and Maximum thresholds for that category equal to 1, which should result in every agent having sex once a day.  This test also tests for whether married agents ever have sex more than once per day.]]>
    </line>
    <line>
      <![CDATA[<a href="../../tests/CoitalFrequencyHighCoitDailym.atest">Test File</a>]]>
    </line>
    <line>
      <![CDATA[<a href="../../tests/CoitalFrequencyHighCoitDailym.apar">Parameters</a>]]>
    </line>
    <line>
      <![CDATA[<a href="../logs/CoitalFrequencyHighCoitDailym_4.log">Log</a>]]>
    </line>
    <line>
      <![CDATA[<a href="../results/CoitalFrequencyHighCoitDailym_4.ares">Results</a>]]>
    </line>
    <line>
      <![CDATA[<b>Contraception Pill 5m: Cross Check of Married Covariates for Pill Equation Among Marrieds _0</b>]]>
    </line>
    <line>
      <![CDATA[This test sets all values for the pill covariates in the unmarried equation equal to an extremely high number, which should have no effect on pill use among marrieds.]]>
    </line>
    <line>
      <![CDATA[<a href="../../tests/ContraPill5m.atest">Test File</a>]]>
    </line>
    <line>
      <![CDATA[<a href="../../tests/ContraPill5m.apar">Parameters</a>]]>
    </line>
    <line>
      <![CDATA[<a href="../logs/ContraPill5m_0.log">Log</a>]]>
    </line>
    <line>
      <![CDATA[<a href="../results/ContraPill5m_0.ares">Results</a>]]>
    </line>
    <line>
      <![CDATA[<b>Contraception Pill 1: Check of Baseline Factor for Pill Equation Among Unmarrieds _0</b>]]>
    </line>
    <line>
      <![CDATA[This test doubles the baseline factor for the pill equation among unmarrieds, which should have the effect of roughly doubling the number of women who are on the pill relative to baseline.]]>
    </line>
    <line>
      <![CDATA[<a href="../../tests/ContraPill1.atest">Test File</a>]]>
    </line>
    <line>
      <![CDATA[<a href="../../tests/ContraPill1.apar">Parameters</a>]]>
    </line>
    <line>
      <![CDATA[<a href="../logs/ContraPill1_0.log">Log</a>]]>
    </line>
    <line>
      <![CDATA[<a href="../results/ContraPill1_0.ares">Results</a>]]>
    </line>
    <line>
      <![CDATA[<b>Contraception Partners Sterilization All unmarried: Spot Check of Partner Sterilization Covariate for Sterilization Equation Among Unmarrieds _0</b>]]>
    </line>
    <line>
      <![CDATA[By making all sterilized, we should have the same number of partners in relationship as sterilized parnters.]]>
    </line>
    <line>
      <![CDATA[<a href="../../tests/ContraSterilAll.atest">Test File</a>]]>
    </line>
    <line>
      <![CDATA[<a href="../../tests/ContraSterilAll.apar">Parameters</a>]]>
    </line>
    <line>
      <![CDATA[<a href="../logs/ContraSterilAll_0.log">Log</a>]]>
    </line>
    <line>
      <![CDATA[<a href="../results/ContraSterilAll_0.ares">Results</a>]]>
    </line>
    <line>
      <![CDATA[<b>Coital Frequency 6 Crosschect Married: Cross Check of Covariates - Married Parameters_2</b>]]>
    </line>
    <line>
      <![CDATA[This test cross checks to ensure that the values of the married parameters have no effect on the distribution of coital frequency among unmarrieds. This is achieved by setting the relevant parameters equal to extremely large values and testing that it has no effect on the distribution of coital frequency types among unmarrieds.]]>
    </line>
    <line>
      <![CDATA[<a href="../../tests/CoitalFrequencyCrossUnmarried.atest">Test File</a>]]>
    </line>
    <line>
      <![CDATA[<a href="../../tests/CoitalFrequencyCrossUnmarried.apar">Parameters</a>]]>
    </line>
    <line>
      <![CDATA[<a href="../logs/CoitalFrequencyCrossUnmarried_2.log">Log</a>]]>
    </line>
    <line>
      <![CDATA[<a href="../results/CoitalFrequencyCrossUnmarried_2.ares">Results</a>]]>
    </line>
    <line>
      <![CDATA[<b>Pregnancy Outcome Poor Birth 1m: First Check of Baseline Factor for Poor Births among Marrieds_4</b>]]>
    </line>
    <line>
      <![CDATA[This test sets the baseline factor in the poor birth abortion equation equal to zero, which should eliminate poor births.]]>
    </line>
    <line>
      <![CDATA[<a href="../../tests/PregOut_PoorBirth1m.atest">Test File</a>]]>
    </line>
    <line>
      <![CDATA[<a href="../../tests/PregOut_PoorBirth1m.apar">Parameters</a>]]>
    </line>
    <line>
      <![CDATA[<a href="../logs/PregOut_PoorBirth1m_4.log">Log</a>]]>
    </line>
    <line>
      <![CDATA[<a href="../results/PregOut_PoorBirth1m_4.ares">Results</a>]]>
    </line>
    <line>
      <![CDATA[<b>Pregnancy Outcome Poor Birth 2m: Second Check of Baseline Factor for Poor Birth among Marrieds_2</b>]]>
    </line>
    <line>
      <![CDATA[This test sets the baseline factor in the married poor birth equation equal to one, which should make all births poor births.]]>
    </line>
    <line>
      <![CDATA[<a href="../../tests/PregOut_PoorBirth2m.atest">Test File</a>]]>
    </line>
    <line>
      <![CDATA[<a href="../../tests/PregOut_PoorBirth2m.apar">Parameters</a>]]>
    </line>
    <line>
      <![CDATA[<a href="../logs/PregOut_PoorBirth2m_2.log">Log</a>]]>
    </line>
    <line>
      <![CDATA[<a href="../results/PregOut_PoorBirth2m_2.ares">Results</a>]]>
    </line>
    <line>
      <![CDATA[<b>Coital Frequency 9 Low Coital Threshold None: Check of Unmarried Low CoitFreq Thresholds _4</b>]]>
    </line>
    <line>
      <![CDATA[This test assigns all unmarried agents to the low coitfreq category and then sets the Minimum and Maximum thresholds for that category equal to zero, which should result in nobody having sex in the model.]]>
    </line>
    <line>
      <![CDATA[<a href="../../tests/CoitalFrequencyLowCoitNone.atest">Test File</a>]]>
    </line>
    <line>
      <![CDATA[<a href="../../tests/CoitalFrequencyLowCoitNone.apar">Parameters</a>]]>
    </line>
    <line>
      <![CDATA[<a href="../logs/CoitalFrequencyLowCoitNone_4.log">Log</a>]]>
    </line>
    <line>
      <![CDATA[<a href="../results/CoitalFrequencyLowCoitNone_4.ares">Results</a>]]>
    </line>
    <line>
      <![CDATA[<b>Coital Frequency High Coital Thresholds: Check of Unmarried High CoitFreq Thresholds _4</b>]]>
    </line>
    <line>
      <![CDATA[This test assigns all unmarried agents to the high coitfreq category and then sets the Minimum and Maximum thresholds for that category equal to 1, which should result in agents having the same amount of sex (this test is probably redundant).]]>
    </line>
    <line>
      <![CDATA[<a href="../../tests/CoitalFrequencyHighCoitDaily.atest">Test File</a>]]>
    </line>
    <line>
      <![CDATA[<a href="../../tests/CoitalFrequencyHighCoitDaily.apar">Parameters</a>]]>
    </line>
    <line>
      <![CDATA[<a href="../logs/CoitalFrequencyHighCoitDaily_4.log">Log</a>]]>
    </line>
    <line>
      <![CDATA[<a href="../results/CoitalFrequencyHighCoitDaily_4.ares">Results</a>]]>
    </line>
    <line>
      <![CDATA[<b>Rhythm Method All Married: All marrieds are rhythm method users; this should reduce sex acts in lifetime by 10%._3</b>]]>
    </line>
    <line>
      <![CDATA[<a href="../../tests/RhythmAllm.atest">Test File</a>]]>
    </line>
    <line>
      <![CDATA[<a href="../../tests/RhythmAllm.apar">Parameters</a>]]>
    </line>
    <line>
      <![CDATA[<a href="../logs/RhythmAllm_3.log">Log</a>]]>
    </line>
    <line>
      <![CDATA[<a href="../results/RhythmAllm_3.ares">Results</a>]]>
    </line>
    <line>
      <![CDATA[<b>Coital Frequency MOd Coit Threshold Married: Check of Married Medium CoitFreq Thresholds _0</b>]]>
    </line>
    <line>
      <![CDATA[This test assigns all married agents to the medium coitfreq category and then sets the Minimum and Maximum thresholds for that category equal to 1, which should result in every agent having sex once a day.  This test also tests for whether married agents ever have sex more than once per day.]]>
    </line>
    <line>
      <![CDATA[<a href="../../tests/CoitalFrequencyModCoitDailym.atest">Test File</a>]]>
    </line>
    <line>
      <![CDATA[<a href="../../tests/CoitalFrequencyModCoitDailym.apar">Parameters</a>]]>
    </line>
    <line>
      <![CDATA[<a href="../logs/CoitalFrequencyModCoitDailym_0.log">Log</a>]]>
    </line>
    <line>
      <![CDATA[<a href="../results/CoitalFrequencyModCoitDailym_0.ares">Results</a>]]>
    </line>
    <line>
      <![CDATA[<b>Contraception Sterilization Women Men: Spot Check of Partner Sterilization Covariate for Male Sterilization Equation Among Marrieds _3</b>]]>
    </line>
    <line>
      <![CDATA[This test sets the partner sterilization factor equal to (-1*baseline) in the female sterilization equation among marrieds and male sterilization level to 1, which should make all males sterilized and half of women sterilized.]]>
    </line>
    <line>
      <![CDATA[<a href="../../tests/ContraSteril5WomenMen.atest">Test File</a>]]>
    </line>
    <line>
      <![CDATA[<a href="../../tests/ContraSteril5WomenMen.apar">Parameters</a>]]>
    </line>
    <line>
      <![CDATA[<a href="../logs/ContraSteril5WomenMen_3.log">Log</a>]]>
    </line>
    <line>
      <![CDATA[<a href="../results/ContraSteril5WomenMen_3.ares">Results</a>]]>
    </line>
    <line>
      <![CDATA[<b>Pregnancy Outcome Miscarriage 3m: Spot Check of Covariates for Miscarriage Equation among Marrieds_3</b>]]>
    </line>
    <line>
      <![CDATA[This test sets the race covariates in the married miscarriage equation equal to (-1*baseline), which should eliminate miscarriages and increase the number of births (but not abortions) relative to baseline.]]>
    </line>
    <line>
      <![CDATA[<a href="../../tests/PregOut_Miscarr3m.atest">Test File</a>]]>
    </line>
    <line>
      <![CDATA[<a href="../../tests/PregOut_Miscarr3m.apar">Parameters</a>]]>
    </line>
    <line>
      <![CDATA[<a href="../logs/PregOut_Miscarr3m_3.log">Log</a>]]>
    </line>
    <line>
      <![CDATA[<a href="../results/PregOut_Miscarr3m_3.ares">Results</a>]]>
    </line>
    <line>
      <![CDATA[<b>Pregnancy Outcome Abortion 2: Second Check of Baseline Factor for Abortion among Unmarrieds_2</b>]]>
    </line>
    <line>
      <![CDATA[This test sets the baseline factor in the unmarried abortion equation equal to one, which should eliminate births and miscarriages and increase the number of abortions relative to baseline. We expect slightly more pregnancies due to differences in period pregnant.]]>
    </line>
    <line>
      <![CDATA[<a href="../../tests/PregOut_Abort2.atest">Test File</a>]]>
    </line>
    <line>
      <![CDATA[<a href="../../tests/PregOut_Abort2.apar">Parameters</a>]]>
    </line>
    <line>
      <![CDATA[<a href="../logs/PregOut_Abort2_2.log">Log</a>]]>
    </line>
    <line>
      <![CDATA[<a href="../results/PregOut_Abort2_2.ares">Results</a>]]>
    </line>
    <line>
      <![CDATA[<b>Minimum Age 2: Check of Minimum Age Parameter for Marrieds _2</b>]]>
    </line>
    <line>
      <![CDATA[This test ensures that value the minimum-age parameter has no effect on the model's outcomes for marrieds by setting Minimum age equal to an extremely high value and comparing results to baseline.]]>
    </line>
    <line>
      <![CDATA[<a href="../../tests/MinAge1m.atest">Test File</a>]]>
    </line>
    <line>
      <![CDATA[<a href="../../tests/MinAge1m.apar">Parameters</a>]]>
    </line>
    <line>
      <![CDATA[<a href="../logs/MinAge1m_2.log">Log</a>]]>
    </line>
    <line>
      <![CDATA[<a href="../results/MinAge1m_2.ares">Results</a>]]>
    </line>
    <line>
      <![CDATA[<b>Pregnancy Outcome Poor Birth 4m: Cross Check of Baseline Factor for Poor Births among Marrieds_3</b>]]>
    </line>
    <line>
      <![CDATA[This test sets all covariates in the unmarried poor birth equation equal extremely high values, which should have no effect on pregnancy outcomes among marrieds.]]>
    </line>
    <line>
      <![CDATA[<a href="../../tests/PregOut_PoorBirth4m.atest">Test File</a>]]>
    </line>
    <line>
      <![CDATA[<a href="../../tests/PregOut_PoorBirth4m.apar">Parameters</a>]]>
    </line>
    <line>
      <![CDATA[<a href="../logs/PregOut_PoorBirth4m_3.log">Log</a>]]>
    </line>
    <line>
      <![CDATA[<a href="../results/PregOut_PoorBirth4m_3.ares">Results</a>]]>
    </line>
    <line>
      <![CDATA[<b>Contraception Sterilization 4: Cross Check of Married Covariates for Sterilization Equations Among Unmarrieds _4</b>]]>
    </line>
    <line>
      <![CDATA[This test sets all values for the pill covariates in the married sterilization equations equal to an extremely high number, which should have no effect on sterilization among unmarrieds.]]>
    </line>
    <line>
      <![CDATA[<a href="../../tests/ContraSteril4.atest">Test File</a>]]>
    </line>
    <line>
      <![CDATA[<a href="../../tests/ContraSteril4.apar">Parameters</a>]]>
    </line>
    <line>
      <![CDATA[<a href="../logs/ContraSteril4_4.log">Log</a>]]>
    </line>
    <line>
      <![CDATA[<a href="../results/ContraSteril4_4.ares">Results</a>]]>
    </line>
    <line>
      <![CDATA[<b>BaselineMarried_4</b>]]>
    </line>
    <line>
      <![CDATA[<a href="../../tests/BaselineMarried.atest">Test File</a>]]>
    </line>
    <line>
      <![CDATA[<a href="../../tests/BaselineMarried.apar">Parameters</a>]]>
    </line>
    <line>
      <![CDATA[<a href="../logs/BaselineMarried_4.log">Log</a>]]>
    </line>
    <line>
      <![CDATA[<a href="../results/BaselineMarried_4.ares">Results</a>]]>
    </line>
    <line>
      <![CDATA[<b>Pregnancy Outcome Poor Birth 1m: First Check of Baseline Factor for Poor Births among Marrieds_1</b>]]>
    </line>
    <line>
      <![CDATA[This test sets the baseline factor in the poor birth abortion equation equal to zero, which should eliminate poor births.]]>
    </line>
    <line>
      <![CDATA[<a href="../../tests/PregOut_PoorBirth1m.atest">Test File</a>]]>
    </line>
    <line>
      <![CDATA[<a href="../../tests/PregOut_PoorBirth1m.apar">Parameters</a>]]>
    </line>
    <line>
      <![CDATA[<a href="../logs/PregOut_PoorBirth1m_1.log">Log</a>]]>
    </line>
    <line>
      <![CDATA[<a href="../results/PregOut_PoorBirth1m_1.ares">Results</a>]]>
    </line>
    <line>
      <![CDATA[<b>Pregnancy Outcome Abortion 2m: Second Check of Baseline Factor for Abortion among Marrieds_1</b>]]>
    </line>
    <line>
      <![CDATA[This test sets the baseline factor in the married abortion equation equal to one, and period of abortion to the same as birth which should eliminate births and miscarriages and increase the number of abortions relative to baseline.]]>
    </line>
    <line>
      <![CDATA[<a href="../../tests/PregOut_Abort2m.atest">Test File</a>]]>
    </line>
    <line>
      <![CDATA[<a href="../../tests/PregOut_Abort2m.apar">Parameters</a>]]>
    </line>
    <line>
      <![CDATA[<a href="../logs/PregOut_Abort2m_1.log">Log</a>]]>
    </line>
    <line>
      <![CDATA[<a href="../results/PregOut_Abort2m_1.ares">Results</a>]]>
    </line>
    <line>
      <![CDATA[<b>Pregnancy Outcome Miscarriage 1m: First Check of Baseline Factor for Miscarriage among Marrieds_1</b>]]>
    </line>
    <line>
      <![CDATA[This test sets the baseline factor in the married miscarriage equation equal to zero, which should eliminate miscarriages increase the number of births (but not quite up to the same total because of gestation length) and lower abortions slightly relative to baseline.]]>
    </line>
    <line>
      <![CDATA[<a href="../../tests/PregOut_Miscarr1m.atest">Test File</a>]]>
    </line>
    <line>
      <![CDATA[<a href="../../tests/PregOut_Miscarr1m.apar">Parameters</a>]]>
    </line>
    <line>
      <![CDATA[<a href="../logs/PregOut_Miscarr1m_1.log">Log</a>]]>
    </line>
    <line>
      <![CDATA[<a href="../results/PregOut_Miscarr1m_1.ares">Results</a>]]>
    </line>
    <line>
      <![CDATA[<b>Contraception Sterilization Men Women 5m: Spot Check of Partner Sterilization Covariate for Male Sterilization Equation Among Marrieds _0</b>]]>
    </line>
    <line>
      <![CDATA[This test sets the partner sterilization factor equal to (-1*baseline) in the male sterilization equation among marrieds and women sterilization to 1.0, which should have no effect on male sterilization and make all females sterilized.]]>
    </line>
    <line>
      <![CDATA[<a href="../../tests/ContraSteril5MenWomenm.atest">Test File</a>]]>
    </line>
    <line>
      <![CDATA[<a href="../../tests/ContraSteril5MenWomenm.apar">Parameters</a>]]>
    </line>
    <line>
      <![CDATA[<a href="../logs/ContraSteril5MenWomenm_0.log">Log</a>]]>
    </line>
    <line>
      <![CDATA[<a href="../results/ContraSteril5MenWomenm_0.ares">Results</a>]]>
    </line>
    <line>
      <![CDATA[<b>Contraception Sterilization 4: Cross Check of Married Covariates for Sterilization Equations Among Unmarrieds _2</b>]]>
    </line>
    <line>
      <![CDATA[This test sets all values for the pill covariates in the married sterilization equations equal to an extremely high number, which should have no effect on sterilization among unmarrieds.]]>
    </line>
    <line>
      <![CDATA[<a href="../../tests/ContraSteril4.atest">Test File</a>]]>
    </line>
    <line>
      <![CDATA[<a href="../../tests/ContraSteril4.apar">Parameters</a>]]>
    </line>
    <line>
      <![CDATA[<a href="../logs/ContraSteril4_2.log">Log</a>]]>
    </line>
    <line>
      <![CDATA[<a href="../results/ContraSteril4_2.ares">Results</a>]]>
    </line>
    <line>
      <![CDATA[<b>BaselineZeroMarried_3</b>]]>
    </line>
    <line>
      <![CDATA[<a href="../../tests/BaselineZeroMarried.atest">Test File</a>]]>
    </line>
    <line>
      <![CDATA[<a href="../../tests/BaselineZeroMarried.apar">Parameters</a>]]>
    </line>
    <line>
      <![CDATA[<a href="../logs/BaselineZeroMarried_3.log">Log</a>]]>
    </line>
    <line>
      <![CDATA[<a href="../results/BaselineZeroMarried_3.ares">Results</a>]]>
    </line>
    <line>
      <![CDATA[<b>Contraception Pill 6m: Check of Pill Efficacy Among Marrieds _4</b>]]>
    </line>
    <line>
      <![CDATA[This test puts all women on the pill and sets efficacy to one, which should have the effect of generating no pregnancies.]]>
    </line>
    <line>
      <![CDATA[<a href="../../tests/ContraPill6m.atest">Test File</a>]]>
    </line>
    <line>
      <![CDATA[<a href="../../tests/ContraPill6m.apar">Parameters</a>]]>
    </line>
    <line>
      <![CDATA[<a href="../logs/ContraPill6m_4.log">Log</a>]]>
    </line>
    <line>
      <![CDATA[<a href="../results/ContraPill6m_4.ares">Results</a>]]>
    </line>
    <line>
      <![CDATA[<b>Coital Frequency Moderate Freq None Married: Check of Married Medium CoitFreq Thresholds _1</b>]]>
    </line>
    <line>
      <![CDATA[This test assigns all married agents to the medium coitfreq category and then sets the Minimum and Maximum thresholds for that category equal to zero, which should result in nobody having sex in the model.]]>
    </line>
    <line>
      <![CDATA[<a href="../../tests/CoitalFrequencyModCoitNonem.atest">Test File</a>]]>
    </line>
    <line>
      <![CDATA[<a href="../../tests/CoitalFrequencyModCoitNonem.apar">Parameters</a>]]>
    </line>
    <line>
      <![CDATA[<a href="../logs/CoitalFrequencyModCoitNonem_1.log">Log</a>]]>
    </line>
    <line>
      <![CDATA[<a href="../results/CoitalFrequencyModCoitNonem_1.ares">Results</a>]]>
    </line>
    <line>
      <![CDATA[<b>Pregnancy Outcome Miscarriage 2m: Second Check of Baseline Factor for Miscarriage among Marrieds_2</b>]]>
    </line>
    <line>
      <![CDATA[This test sets the baseline factor in the married miscarriage equation equal to one, which should eliminate births and abortions and increase the number of miscarriages relative to baseline.]]>
    </line>
    <line>
      <![CDATA[<a href="../../tests/PregOut_Miscarr2m.atest">Test File</a>]]>
    </line>
    <line>
      <![CDATA[<a href="../../tests/PregOut_Miscarr2m.apar">Parameters</a>]]>
    </line>
    <line>
      <![CDATA[<a href="../logs/PregOut_Miscarr2m_2.log">Log</a>]]>
    </line>
    <line>
      <![CDATA[<a href="../results/PregOut_Miscarr2m_2.ares">Results</a>]]>
    </line>
    <line>
      <![CDATA[<b>Preg Duration 1: Check of Minimum Age Parameter for Unmarrieds _1</b>]]>
    </line>
    <line>
      <![CDATA[This test changes the duration of pregnancies for abortions and births among unmarrieds such that there can be no more than one per run.  This can then be tested by looking at the number of births/abortions and verifying that the number of pregnancies is smaller than under baseline.]]>
    </line>
    <line>
      <![CDATA[<a href="../../tests/PregDuration1.atest">Test File</a>]]>
    </line>
    <line>
      <![CDATA[<a href="../../tests/PregDuration1.apar">Parameters</a>]]>
    </line>
    <line>
      <![CDATA[<a href="../logs/PregDuration1_1.log">Log</a>]]>
    </line>
    <line>
      <![CDATA[<a href="../results/PregDuration1_1.ares">Results</a>]]>
    </line>
    <line>
      <![CDATA[<b>Pregnancy Outcome Abortion Miscarriage 1m: Check Hypothesis that Miscariages at 1.0 and Abortion at 0.0 Causes all Miscarriages and overall number of pregnancies to go up._2</b>]]>
    </line>
    <line>
      <![CDATA[This test sets the baseline factor in the married abortion equation equal to zero, which should eliminate abortions and births and cause miscarriages relative to baseline.]]>
    </line>
    <line>
      <![CDATA[<a href="../../tests/PregOut_AbortMis1m.atest">Test File</a>]]>
    </line>
    <line>
      <![CDATA[<a href="../../tests/PregOut_AbortMis1m.apar">Parameters</a>]]>
    </line>
    <line>
      <![CDATA[<a href="../logs/PregOut_AbortMis1m_2.log">Log</a>]]>
    </line>
    <line>
      <![CDATA[<a href="../results/PregOut_AbortMis1m_2.ares">Results</a>]]>
    </line>
    <line>
      <![CDATA[<b>Coital Frequency 7 High CoitFrew Threhsold: Check of Unmarried High CoitFreq Thresholds _1</b>]]>
    </line>
    <line>
      <![CDATA[This test assigns all unmarried agents to the high coitfreq category and then sets the Minimum and Maximum thresholds for that category equal to zero, which should result in nobody having sex in the model.]]>
    </line>
    <line>
      <![CDATA[<a href="../../tests/CoitalFrequencyHighCoitNone.atest">Test File</a>]]>
    </line>
    <line>
      <![CDATA[<a href="../../tests/CoitalFrequencyHighCoitNone.apar">Parameters</a>]]>
    </line>
    <line>
      <![CDATA[<a href="../logs/CoitalFrequencyHighCoitNone_1.log">Log</a>]]>
    </line>
    <line>
      <![CDATA[<a href="../results/CoitalFrequencyHighCoitNone_1.ares">Results</a>]]>
    </line>
    <line>
      <![CDATA[<b>Coital Frequency Low Coit Threshold Married: Check of Married Low CoitFreq Thresholds _4</b>]]>
    </line>
    <line>
      <![CDATA[This test assigns all married agents to the low coitfreq category and then sets the Minimum and Maximum thresholds for that category equal to 1, which should result in every agent having sex once a day.  This test also tests for whether married agents ever have sex more than once per day.]]>
    </line>
    <line>
      <![CDATA[<a href="../../tests/CoitalFrequencyLowCoitDailym.atest">Test File</a>]]>
    </line>
    <line>
      <![CDATA[<a href="../../tests/CoitalFrequencyLowCoitDailym.apar">Parameters</a>]]>
    </line>
    <line>
      <![CDATA[<a href="../logs/CoitalFrequencyLowCoitDailym_4.log">Log</a>]]>
    </line>
    <line>
      <![CDATA[<a href="../results/CoitalFrequencyLowCoitDailym_4.ares">Results</a>]]>
    </line>
    <line>
      <![CDATA[<b>Coital Frequency Double Moderate: Functionality of Moderate Unmarried Sexual-Proclivity Baseline_4</b>]]>
    </line>
    <line>
      <![CDATA[This test doubles the baseline value of the moderate unmarried sexual-proclivity baseline factor. Since all demographic predictors are set equal to zero, this should roughly result in a doubling of the number of unmarried sexual moderates.]]>
    </line>
    <line>
      <![CDATA[<a href="../../tests/CoitalFrequencyDoubleMod.atest">Test File</a>]]>
    </line>
    <line>
      <![CDATA[<a href="../../tests/CoitalFrequencyDoubleMod.apar">Parameters</a>]]>
    </line>
    <line>
      <![CDATA[<a href="../logs/CoitalFrequencyDoubleMod_4.log">Log</a>]]>
    </line>
    <line>
      <![CDATA[<a href="../results/CoitalFrequencyDoubleMod_4.ares">Results</a>]]>
    </line>
    <line>
      <![CDATA[<b>Coital Frequency No Age Married: Spot Check of Covariates - Age (moderate married)_0</b>]]>
    </line>
    <line>
      <![CDATA[This test spot checks the age-related demographic predictors of Coital Frequency within the moderate married equation by setting all relevant covariates equal to (-1*baseline factor), which should result in no agents falling into this proclivity category.]]>
    </line>
    <line>
      <![CDATA[<a href="../../tests/CoitalFrequencyNoAgem.atest">Test File</a>]]>
    </line>
    <line>
      <![CDATA[<a href="../../tests/CoitalFrequencyNoAgem.apar">Parameters</a>]]>
    </line>
    <line>
      <![CDATA[<a href="../logs/CoitalFrequencyNoAgem_0.log">Log</a>]]>
    </line>
    <line>
      <![CDATA[<a href="../results/CoitalFrequencyNoAgem_0.ares">Results</a>]]>
    </line>
    <line>
      <![CDATA[<b>Contraception Cond 5: Cross Check of Married Covariates for Medium Condom Equation Among Unmarrieds _0</b>]]>
    </line>
    <line>
      <![CDATA[This test sets all values for the pill covariates in the married medium condom equation equal to an extremely high number, which should have no effect on the number of medium condom intenders among unmarrieds.]]>
    </line>
    <line>
      <![CDATA[<a href="../../tests/ContraCond5.atest">Test File</a>]]>
    </line>
    <line>
      <![CDATA[<a href="../../tests/ContraCond5.apar">Parameters</a>]]>
    </line>
    <line>
      <![CDATA[<a href="../logs/ContraCond5_0.log">Log</a>]]>
    </line>
    <line>
      <![CDATA[<a href="../results/ContraCond5_0.ares">Results</a>]]>
    </line>
    <line>
      <![CDATA[<b>Pregnancy Outcome Miscarriage 1m Check: Cross-check to ensure that miscarraiges ae assigned._2</b>]]>
    </line>
    <line>
      <![CDATA[By setting total gestational period to 1 we eliminate issues of bias toward any given category caused by time spent pregnant.]]>
    </line>
    <line>
      <![CDATA[<a href="../../tests/PregOut_CheckAllMism.atest">Test File</a>]]>
    </line>
    <line>
      <![CDATA[<a href="../../tests/PregOut_CheckAllMism.apar">Parameters</a>]]>
    </line>
    <line>
      <![CDATA[<a href="../logs/PregOut_CheckAllMism_2.log">Log</a>]]>
    </line>
    <line>
      <![CDATA[<a href="../results/PregOut_CheckAllMism_2.ares">Results</a>]]>
    </line>
    <line>
      <![CDATA[<b>Contraception Sterilization Women Men 5m: Spot Check of Partner Sterilization Covariate for Male Sterilization Equation Among Marrieds _2</b>]]>
    </line>
    <line>
      <![CDATA[This test sets the partner sterilization factor equal to (-1*baseline) in the female sterilization equation among marrieds and male sterilization level to 1, which should make all males sterilized and no females sterilized.]]>
    </line>
    <line>
      <![CDATA[<a href="../../tests/ContraSteril5WomenMenm.atest">Test File</a>]]>
    </line>
    <line>
      <![CDATA[<a href="../../tests/ContraSteril5WomenMenm.apar">Parameters</a>]]>
    </line>
    <line>
      <![CDATA[<a href="../logs/ContraSteril5WomenMenm_2.log">Log</a>]]>
    </line>
    <line>
      <![CDATA[<a href="../results/ContraSteril5WomenMenm_2.ares">Results</a>]]>
    </line>
    <line>
      <![CDATA[<b>Contraception Condom 6m: Check of Condom Efficacy Among Marrieds _4</b>]]>
    </line>
    <line>
      <![CDATA[This test makes all men high condom intenders and sets condom failure rate to 100%, which should have the effect of eliminating all pregnancies in the model.]]>
    </line>
    <line>
      <![CDATA[<a href="../../tests/ContraCond6m.atest">Test File</a>]]>
    </line>
    <line>
      <![CDATA[<a href="../../tests/ContraCond6m.apar">Parameters</a>]]>
    </line>
    <line>
      <![CDATA[<a href="../logs/ContraCond6m_4.log">Log</a>]]>
    </line>
    <line>
      <![CDATA[<a href="../results/ContraCond6m_4.ares">Results</a>]]>
    </line>
    <line>
      <![CDATA[<b>Contraception Pill 6: Check of Pill Efficacy Among Unmarrieds _3</b>]]>
    </line>
    <line>
      <![CDATA[This test puts all women on the pill and sets efficacy to one, which should have the effect of generating no pregnancies.]]>
    </line>
    <line>
      <![CDATA[<a href="../../tests/ContraPill6.atest">Test File</a>]]>
    </line>
    <line>
      <![CDATA[<a href="../../tests/ContraPill6.apar">Parameters</a>]]>
    </line>
    <line>
      <![CDATA[<a href="../logs/ContraPill6_3.log">Log</a>]]>
    </line>
    <line>
      <![CDATA[<a href="../results/ContraPill6_3.ares">Results</a>]]>
    </line>
    <line>
      <![CDATA[<b>Coital Frequency Very Low Married: Functionality of Very Low Married Sexual-Proclivity Baseline_1</b>]]>
    </line>
    <line>
      <![CDATA[This test quadruples the baseline value of the very low married sexual-proclivity baseline factor. Since all demographic predictors are set equal to zero, this should roughly result in a quadrupling of the number of married sexual very lows.]]>
    </line>
    <line>
      <![CDATA[<a href="../../tests/CoitalFrequencyVeryLowm.atest">Test File</a>]]>
    </line>
    <line>
      <![CDATA[<a href="../../tests/CoitalFrequencyVeryLowm.apar">Parameters</a>]]>
    </line>
    <line>
      <![CDATA[<a href="../logs/CoitalFrequencyVeryLowm_1.log">Log</a>]]>
    </line>
    <line>
      <![CDATA[<a href="../results/CoitalFrequencyVeryLowm_1.ares">Results</a>]]>
    </line>
    <line>
      <![CDATA[<b>Pregnancy Outcome Abortion 3m: Spot Check of Covariates for Abortion Equation among Marrieds_0</b>]]>
    </line>
    <line>
      <![CDATA[This test sets the SES covariates in the married abortion equation equal to (-1*baseline), which should eliminate abortions and increase the number of births and slightly lower the number of miscarriages relative to baseline.]]>
    </line>
    <line>
      <![CDATA[<a href="../../tests/PregOut_Abort3m.atest">Test File</a>]]>
    </line>
    <line>
      <![CDATA[<a href="../../tests/PregOut_Abort3m.apar">Parameters</a>]]>
    </line>
    <line>
      <![CDATA[<a href="../logs/PregOut_Abort3m_0.log">Log</a>]]>
    </line>
    <line>
      <![CDATA[<a href="../results/PregOut_Abort3m_0.ares">Results</a>]]>
    </line>
    <line>
      <![CDATA[<b>Coital Frequency Cross Married: Cross Check of Covariates - Married Parameters_1</b>]]>
    </line>
    <line>
      <![CDATA[This test cross checks to ensure that the values of the unmarried parameters have no effect on the distribution of coital frequency among marrieds. This is achieved by setting the relevant parameters equal to extremely large values and testing that it has no effect on the distribution of coital frequency types among marrieds.]]>
    </line>
    <line>
      <![CDATA[<a href="../../tests/CoitalFrequencyCrossMarried.atest">Test File</a>]]>
    </line>
    <line>
      <![CDATA[<a href="../../tests/CoitalFrequencyCrossMarried.apar">Parameters</a>]]>
    </line>
    <line>
      <![CDATA[<a href="../logs/CoitalFrequencyCrossMarried_1.log">Log</a>]]>
    </line>
    <line>
      <![CDATA[<a href="../results/CoitalFrequencyCrossMarried_1.ares">Results</a>]]>
    </line>
    <line>
      <![CDATA[<b>Coital Frequency Low Coital Threshold: Check of Unmarried Coital Frequency (Very Low Threshold) _4</b>]]>
    </line>
    <line>
      <![CDATA[This test sets the relationship probability to 100%, assigns all unmarried agents to the low coitfreq category, and then sets the Minimum and Maximum thresholds for that category equal to 1.  If Coital Frequency is working properly then sex count in lifetime should have a Maximum of no more than the number of periods, which is 50.]]>
    </line>
    <line>
      <![CDATA[<a href="../../tests/CoitalFrequencyLowCoitMax.atest">Test File</a>]]>
    </line>
    <line>
      <![CDATA[<a href="../../tests/CoitalFrequencyLowCoitMax.apar">Parameters</a>]]>
    </line>
    <line>
      <![CDATA[<a href="../logs/CoitalFrequencyLowCoitMax_4.log">Log</a>]]>
    </line>
    <line>
      <![CDATA[<a href="../results/CoitalFrequencyLowCoitMax_4.ares">Results</a>]]>
    </line>
    <line>
      <![CDATA[<b>Preg Duration 1: Check of Minimum Age Parameter for Unmarrieds _3</b>]]>
    </line>
    <line>
      <![CDATA[This test changes the duration of pregnancies for abortions and births among unmarrieds such that there can be no more than one per run.  This can then be tested by looking at the number of births/abortions and verifying that the number of pregnancies is smaller than under baseline.]]>
    </line>
    <line>
      <![CDATA[<a href="../../tests/PregDuration1.atest">Test File</a>]]>
    </line>
    <line>
      <![CDATA[<a href="../../tests/PregDuration1.apar">Parameters</a>]]>
    </line>
    <line>
      <![CDATA[<a href="../logs/PregDuration1_3.log">Log</a>]]>
    </line>
    <line>
      <![CDATA[<a href="../results/PregDuration1_3.ares">Results</a>]]>
    </line>
    <line>
      <![CDATA[<b>Contraception Sterilization Men Women: Spot Check of Partner Sterilization Covariate for Male Sterilization Equation Among Marrieds _2</b>]]>
    </line>
    <line>
      <![CDATA[This test sets the partner sterilization factor equal to (-1*baseline) in the male sterilization equation among marrieds and women sterilization to 1.0, which should have no effect on male sterilization and make all females sterilized.]]>
    </line>
    <line>
      <![CDATA[<a href="../../tests/ContraSteril5MenWomen.atest">Test File</a>]]>
    </line>
    <line>
      <![CDATA[<a href="../../tests/ContraSteril5MenWomen.apar">Parameters</a>]]>
    </line>
    <line>
      <![CDATA[<a href="../logs/ContraSteril5MenWomen_2.log">Log</a>]]>
    </line>
    <line>
      <![CDATA[<a href="../results/ContraSteril5MenWomen_2.ares">Results</a>]]>
    </line>
    <line>
      <![CDATA[<b>Coital Frequency 9 Low Coital Threshold None: Check of Unmarried Low CoitFreq Thresholds _3</b>]]>
    </line>
    <line>
      <![CDATA[This test assigns all unmarried agents to the low coitfreq category and then sets the Minimum and Maximum thresholds for that category equal to zero, which should result in nobody having sex in the model.]]>
    </line>
    <line>
      <![CDATA[<a href="../../tests/CoitalFrequencyLowCoitNone.atest">Test File</a>]]>
    </line>
    <line>
      <![CDATA[<a href="../../tests/CoitalFrequencyLowCoitNone.apar">Parameters</a>]]>
    </line>
    <line>
      <![CDATA[<a href="../logs/CoitalFrequencyLowCoitNone_3.log">Log</a>]]>
    </line>
    <line>
      <![CDATA[<a href="../results/CoitalFrequencyLowCoitNone_3.ares">Results</a>]]>
    </line>
    <line>
      <![CDATA[<b>Contraception Sterilization 2: Spot Check of Covariates Sterilization Equations Among Unmarrieds _3</b>]]>
    </line>
    <line>
      <![CDATA[This test sets all SES factors equal to (-1*baseline) in the sterilization equations among unmarrieds, which should have the effect of eliminating sterilization in the simulation.]]>
    </line>
    <line>
      <![CDATA[<a href="../../tests/ContraSteril2.atest">Test File</a>]]>
    </line>
    <line>
      <![CDATA[<a href="../../tests/ContraSteril2.apar">Parameters</a>]]>
    </line>
    <line>
      <![CDATA[<a href="../logs/ContraSteril2_3.log">Log</a>]]>
    </line>
    <line>
      <![CDATA[<a href="../results/ContraSteril2_3.ares">Results</a>]]>
    </line>
    <line>
      <![CDATA[<b>Contraception All 1m: Check of Contraceptive Efficacy of All Methods Among Marrieds _2</b>]]>
    </line>
    <line>
      <![CDATA[This test sets contraceptive failure rate for the pill, condom, and pill+condom to one, which should have the effect of increasing the number of pregnancies relative to baseline.]]>
    </line>
    <line>
      <![CDATA[<a href="../../tests/ContraAll1m.atest">Test File</a>]]>
    </line>
    <line>
      <![CDATA[<a href="../../tests/ContraAll1m.apar">Parameters</a>]]>
    </line>
    <line>
      <![CDATA[<a href="../logs/ContraAll1m_2.log">Log</a>]]>
    </line>
    <line>
      <![CDATA[<a href="../results/ContraAll1m_2.ares">Results</a>]]>
    </line>
    <line>
      <![CDATA[<b>Coital Frequency Menstrual None: Check of Lunar Days for Unmarrieds (low value) _0</b>]]>
    </line>
    <line>
      <![CDATA[This test assigns an extremely low value to lunar days, which should result in no change in sex occurance relative to baseline.]]>
    </line>
    <line>
      <![CDATA[<a href="../../tests/CoitalFrequencyMenstrualNone.atest">Test File</a>]]>
    </line>
    <line>
      <![CDATA[<a href="../../tests/CoitalFrequencyMenstrualNone.apar">Parameters</a>]]>
    </line>
    <line>
      <![CDATA[<a href="../logs/CoitalFrequencyMenstrualNone_0.log">Log</a>]]>
    </line>
    <line>
      <![CDATA[<a href="../results/CoitalFrequencyMenstrualNone_0.ares">Results</a>]]>
    </line>
    <line>
      <![CDATA[<b>Contraception Condom 3: Spot Check of Sexual Frequency Covariates for Medium Equation Among Unmarrieds _2</b>]]>
    </line>
    <line>
      <![CDATA[This test sets all sexual proclivity factors equal to (-1*baseline) in the medium condom equation among unmarrieds, which should have the effect of eliminating medium condom intenders from the simulation.]]>
    </line>
    <line>
      <![CDATA[<a href="../../tests/ContraCond3.atest">Test File</a>]]>
    </line>
    <line>
      <![CDATA[<a href="../../tests/ContraCond3.apar">Parameters</a>]]>
    </line>
    <line>
      <![CDATA[<a href="../logs/ContraCond3_2.log">Log</a>]]>
    </line>
    <line>
      <![CDATA[<a href="../results/ContraCond3_2.ares">Results</a>]]>
    </line>
    <line>
      <![CDATA[<b>Contraception Pill 2: Spot Check of Covariates Pill Equation Among Unmarrieds _2</b>]]>
    </line>
    <line>
      <![CDATA[This test sets all age factors equal to (-1*baseline) in the equation among unmarrieds, which should have the effect of eliminating pill use in the simulation.]]>
    </line>
    <line>
      <![CDATA[<a href="../../tests/ContraPill2.atest">Test File</a>]]>
    </line>
    <line>
      <![CDATA[<a href="../../tests/ContraPill2.apar">Parameters</a>]]>
    </line>
    <line>
      <![CDATA[<a href="../logs/ContraPill2_2.log">Log</a>]]>
    </line>
    <line>
      <![CDATA[<a href="../results/ContraPill2_2.ares">Results</a>]]>
    </line>
    <line>
      <![CDATA[<b>Pregnancy Outcome Poor Birth 1: First Check of Baseline Factor for Poor Births among Unmarrieds_2</b>]]>
    </line>
    <line>
      <![CDATA[This test sets the baseline factor in the poor birth abortion equation equal to zero, which should eliminate poor births.]]>
    </line>
    <line>
      <![CDATA[<a href="../../tests/PregOut_PoorBirth1.atest">Test File</a>]]>
    </line>
    <line>
      <![CDATA[<a href="../../tests/PregOut_PoorBirth1.apar">Parameters</a>]]>
    </line>
    <line>
      <![CDATA[<a href="../logs/PregOut_PoorBirth1_2.log">Log</a>]]>
    </line>
    <line>
      <![CDATA[<a href="../results/PregOut_PoorBirth1_2.ares">Results</a>]]>
    </line>
    <line>
      <![CDATA[<b>Contraception Condom 2: Spot Check of Covariates Medium Condom Equation Among Unmarrieds _0</b>]]>
    </line>
    <line>
      <![CDATA[This test sets all race factors equal to (-1*baseline) in the medium condom equation among unmarrieds, which should have the effect of eliminating medium condom intenders from the simulation.]]>
    </line>
    <line>
      <![CDATA[<a href="../../tests/ContraCond2.atest">Test File</a>]]>
    </line>
    <line>
      <![CDATA[<a href="../../tests/ContraCond2.apar">Parameters</a>]]>
    </line>
    <line>
      <![CDATA[<a href="../logs/ContraCond2_0.log">Log</a>]]>
    </line>
    <line>
      <![CDATA[<a href="../results/ContraCond2_0.ares">Results</a>]]>
    </line>
    <line>
      <![CDATA[<b>Contraception Condom 2m: Spot Check of Covariates Medium Condom Equation Among Marrieds _2</b>]]>
    </line>
    <line>
      <![CDATA[This test sets all race factors equal to (-1*baseline) in the medium condom equation among marrieds, which should have the effect of eliminating medium condom intenders from the simulation.]]>
    </line>
    <line>
      <![CDATA[<a href="../../tests/ContraCond2m.atest">Test File</a>]]>
    </line>
    <line>
      <![CDATA[<a href="../../tests/ContraCond2m.apar">Parameters</a>]]>
    </line>
    <line>
      <![CDATA[<a href="../logs/ContraCond2m_2.log">Log</a>]]>
    </line>
    <line>
      <![CDATA[<a href="../results/ContraCond2m_2.ares">Results</a>]]>
    </line>
    <line>
      <![CDATA[<b>Coital Frequency High Coital Threshold: Check of Married High CoitFreq Thresholds _2</b>]]>
    </line>
    <line>
      <![CDATA[This test assigns all married agents to the high coitfreq category and then sets the Minimum and Maximum thresholds for that category equal to 1, which should result in every agent having sex once a day.  This test also tests for whether married agents ever have sex more than once per day.]]>
    </line>
    <line>
      <![CDATA[<a href="../../tests/CoitalFrequencyHighCoitDailym.atest">Test File</a>]]>
    </line>
    <line>
      <![CDATA[<a href="../../tests/CoitalFrequencyHighCoitDailym.apar">Parameters</a>]]>
    </line>
    <line>
      <![CDATA[<a href="../logs/CoitalFrequencyHighCoitDailym_2.log">Log</a>]]>
    </line>
    <line>
      <![CDATA[<a href="../results/CoitalFrequencyHighCoitDailym_2.ares">Results</a>]]>
    </line>
    <line>
      <![CDATA[<b>BaselineZeroUnmarried_3</b>]]>
    </line>
    <line>
      <![CDATA[<a href="../../tests/BaselineZeroUnmarried.atest">Test File</a>]]>
    </line>
    <line>
      <![CDATA[<a href="../../tests/BaselineZeroUnmarried.apar">Parameters</a>]]>
    </line>
    <line>
      <![CDATA[<a href="../logs/BaselineZeroUnmarried_3.log">Log</a>]]>
    </line>
    <line>
      <![CDATA[<a href="../results/BaselineZeroUnmarried_3.ares">Results</a>]]>
    </line>
    <line>
      <![CDATA[<b>Pregnancy Outcome Miscarriage 1: First Check of Baseline Factor for Miscarriage among Unmarrieds_0</b>]]>
    </line>
    <line>
      <![CDATA[This test sets the baseline factor in the unmarried miscarriage equation equal to zero, which should eliminate miscarriages and increase the number of births and slightly decrease the number of abortions (check this) relative to baseline.]]>
    </line>
    <line>
      <![CDATA[<a href="../../tests/PregOut_Miscarr1.atest">Test File</a>]]>
    </line>
    <line>
      <![CDATA[<a href="../../tests/PregOut_Miscarr1.apar">Parameters</a>]]>
    </line>
    <line>
      <![CDATA[<a href="../logs/PregOut_Miscarr1_0.log">Log</a>]]>
    </line>
    <line>
      <![CDATA[<a href="../results/PregOut_Miscarr1_0.ares">Results</a>]]>
    </line>
    <line>
      <![CDATA[<b>Pregnancy Outcome Abortion 3: Spot Check of Covariates for Abortion Equation among Unmarrieds_0</b>]]>
    </line>
    <line>
      <![CDATA[This test sets the SES covariates in the unmarried abortion equation equal to (-1*baseline), which should eliminate abortions increase the number of births and slghtly lower miscarriages relative to baseline.]]>
    </line>
    <line>
      <![CDATA[<a href="../../tests/PregOut_Abort3.atest">Test File</a>]]>
    </line>
    <line>
      <![CDATA[<a href="../../tests/PregOut_Abort3.apar">Parameters</a>]]>
    </line>
    <line>
      <![CDATA[<a href="../logs/PregOut_Abort3_0.log">Log</a>]]>
    </line>
    <line>
      <![CDATA[<a href="../results/PregOut_Abort3_0.ares">Results</a>]]>
    </line>
    <line>
      <![CDATA[<b>Coital Frequency Double Moderate: Functionality of Moderate Unmarried Sexual-Proclivity Baseline_0</b>]]>
    </line>
    <line>
      <![CDATA[This test doubles the baseline value of the moderate unmarried sexual-proclivity baseline factor. Since all demographic predictors are set equal to zero, this should roughly result in a doubling of the number of unmarried sexual moderates.]]>
    </line>
    <line>
      <![CDATA[<a href="../../tests/CoitalFrequencyDoubleMod.atest">Test File</a>]]>
    </line>
    <line>
      <![CDATA[<a href="../../tests/CoitalFrequencyDoubleMod.apar">Parameters</a>]]>
    </line>
    <line>
      <![CDATA[<a href="../logs/CoitalFrequencyDoubleMod_0.log">Log</a>]]>
    </line>
    <line>
      <![CDATA[<a href="../results/CoitalFrequencyDoubleMod_0.ares">Results</a>]]>
    </line>
    <line>
      <![CDATA[<b>Pregnancy Outcome Miscarriage 1m Check: Cross-check to ensure that miscarraiges ae assigned._4</b>]]>
    </line>
    <line>
      <![CDATA[By setting total gestational period to 1 we eliminate issues of bias toward any given category caused by time spent pregnant.]]>
    </line>
    <line>
      <![CDATA[<a href="../../tests/PregOut_CheckAllMism.atest">Test File</a>]]>
    </line>
    <line>
      <![CDATA[<a href="../../tests/PregOut_CheckAllMism.apar">Parameters</a>]]>
    </line>
    <line>
[...]
	at org.testng.Assert.fail(Assert.java:84)
	at com.metascape.escape.testng.runtime.ParameterTest.runModel(ParameterTest.java:274)
	at sun.reflect.GeneratedMethodAccessor2247.invoke(Unknown Source)
	at sun.reflect.DelegatingMethodAccessorImpl.invoke(DelegatingMethodAccessorImpl.java:25)
	at java.lang.reflect.Method.invoke(Method.java:597)
	at org.testng.internal.MethodHelper.invokeMethod(MethodHelper.java:580)
	at org.testng.internal.Invoker.invokeMethod(Invoker.java:478)
	at org.testng.internal.Invoker.invokeTestMethod(Invoker.java:617)
	at org.testng.internal.Invoker.invokeTestMethods(Invoker.java:885)
	at org.testng.internal.TestMethodWorker.invokeTestMethods(TestMethodWorker.java:126)
	at org.testng.internal.TestMethodWorker.run(TestMethodWorker.java:110)
	at org.testng.internal.thread.ThreadUtil$CountDownLatchedRunnable.run(ThreadUtil.java:132)
	at java.util.concurrent.ThreadPoolExecutor$Worker.runTask(ThreadPoolExecutor.java:885)
	at java.util.concurrent.ThreadPoolExecutor$Worker.run(ThreadPoolExecutor.java:907)
	at java.lang.Thread.run(Thread.java:637)
]]>
            </full-stacktrace>
          </exception>
        </test-method>
        <test-method status="PASS" signature="runModel()" name="runModel (Pregnancy Outcome Miscarriage 3: Spot Check of Covariates for Miscarriage Equation among Unmarrieds[PregOut_Miscarr3])" duration-ms="98430" started-at="2009-03-23T16:40:51Z" finished-at="2009-03-23T16:42:29Z">
        </test-method>
        <test-method status="FAIL" signature="runModel()" name="runModel (BaselineZeroMarried[BaselineZeroMarried])" duration-ms="9734" started-at="2009-03-23T17:03:25Z" finished-at="2009-03-23T17:03:35Z">
          <exception class="java.lang.AssertionError">
            <message>
              <![CDATA[
Count Adult Pill Contraception Method 570.0 > 568]]>
            </message>
            <full-stacktrace>
              <![CDATA[java.lang.AssertionError: 
Count Adult Pill Contraception Method 570.0 &gt; 568
	at org.testng.Assert.fail(Assert.java:84)
	at com.metascape.escape.testng.runtime.ParameterTest.runModel(ParameterTest.java:274)
	at sun.reflect.GeneratedMethodAccessor2247.invoke(Unknown Source)
	at sun.reflect.DelegatingMethodAccessorImpl.invoke(DelegatingMethodAccessorImpl.java:25)
	at java.lang.reflect.Method.invoke(Method.java:597)
	at org.testng.internal.MethodHelper.invokeMethod(MethodHelper.java:580)
	at org.testng.internal.Invoker.invokeMethod(Invoker.java:478)
	at org.testng.internal.Invoker.invokeTestMethod(Invoker.java:617)
	at org.testng.internal.Invoker.invokeTestMethods(Invoker.java:885)
	at org.testng.internal.TestMethodWorker.invokeTestMethods(TestMethodWorker.java:126)
	at org.testng.internal.TestMethodWorker.run(TestMethodWorker.java:110)
	at org.testng.internal.thread.ThreadUtil$CountDownLatchedRunnable.run(ThreadUtil.java:132)
	at java.util.concurrent.ThreadPoolExecutor$Worker.runTask(ThreadPoolExecutor.java:885)
	at java.util.concurrent.ThreadPoolExecutor$Worker.run(ThreadPoolExecutor.java:907)
	at java.lang.Thread.run(Thread.java:637)
]]>
            </full-stacktrace>
          </exception>
        </test-method>
        <test-method status="PASS" signature="runModel()" name="runModel (Coital Frequency Menstrual None: Check of Lunar Days for Unmarrieds (low value) [CoitalFrequencyMenstrualNone])" duration-ms="100948" started-at="2009-03-23T16:28:20Z" finished-at="2009-03-23T16:30:01Z">
        </test-method>
        <test-method status="PASS" signature="runModel()" name="runModel (Contraception Pill 6: Check of Pill Efficacy Among Unmarrieds [ContraPill6])" duration-ms="1028" started-at="2009-03-23T16:37:04Z" finished-at="2009-03-23T16:37:05Z">
        </test-method>
        <test-method status="PASS" signature="runModel()" name="runModel (Contraception Sterilization Men Women 5m: Spot Check of Partner Sterilization Covariate for Male Sterilization Equation Among Marrieds [ContraSteril5MenWomenm])" duration-ms="7976" started-at="2009-03-23T16:36:36Z" finished-at="2009-03-23T16:36:44Z">
        </test-method>
        <test-method status="PASS" signature="runModel()" name="runModel (Minimum Age 1: Check of Minimum Age Parameter for Unmarrieds [MinAge1])" duration-ms="95520" started-at="2009-03-23T16:57:23Z" finished-at="2009-03-23T16:58:59Z">
        </test-method>
        <test-method status="PASS" signature="runModel()" name="runModel (Contraception Condom 1b: Check of Baseline Factor for High Condom Equation Among Unmarrieds [ContraCond1b])" duration-ms="885" started-at="2009-03-23T16:52:51Z" finished-at="2009-03-23T16:52:52Z">
        </test-method>
        <test-method status="PASS" signature="runModel()" name="runModel (Pregnancy Outcome Birth 1m Check: Cross-check to ensure that births are assigned.[PregOut_CheckAllBirthm])" duration-ms="26352" started-at="2009-03-23T16:35:58Z" finished-at="2009-03-23T16:36:24Z">
        </test-method>
        <test-method status="PASS" signature="runModel()" name="runModel (Contraception All 1: Check of Contraceptive Efficacy of All Methods Among Unmarrieds [ContraAll1])" duration-ms="104534" started-at="2009-03-23T16:54:58Z" finished-at="2009-03-23T16:56:42Z">
        </test-method>
        <test-method status="PASS" signature="runModel()" name="runModel (Pregnancy Outcome Miscarriage 2: Second Check of Baseline Factor for Miscarriage among Unmarrieds[PregOut_Miscarr2])" duration-ms="133263" started-at="2009-03-23T17:03:29Z" finished-at="2009-03-23T17:05:42Z">
        </test-method>
        <test-method status="PASS" signature="runModel()" name="runModel (Coital Frequency Low Coit Threshold Married: Check of Married Low CoitFreq Thresholds [CoitalFrequencyLowCoitDailym])" duration-ms="13992" started-at="2009-03-23T16:32:43Z" finished-at="2009-03-23T16:32:57Z">
        </test-method>
        <test-method status="PASS" signature="runModel()" name="runModel (Coital Frequency No Edu: Spot Check of Covariates - Education (moderate unmarried)[CoitalFrequencyNoEdu])" duration-ms="895" started-at="2009-03-23T16:30:01Z" finished-at="2009-03-23T16:30:02Z">
        </test-method>
        <test-method status="PASS" signature="runModel()" name="runModel (Coital Frequency Very Low: Functionality of Very Low Unmarried Sexual - Proclivity Baseline[CoitalFrequencyVeryLow])" duration-ms="2125" started-at="2009-03-23T16:24:20Z" finished-at="2009-03-23T16:24:22Z">
        </test-method>
        <test-method status="PASS" signature="runModel()" name="runModel (Contraception Pill 5m: Cross Check of Married Covariates for Pill Equation Among Marrieds [ContraPill5m])" duration-ms="10254" started-at="2009-03-23T16:36:38Z" finished-at="2009-03-23T16:36:49Z">
        </test-method>
        <test-method status="PASS" signature="runModel()" name="runModel (Contraception Pill 2: Spot Check of Covariates Pill Equation Among Unmarrieds [ContraPill2])" duration-ms="990" started-at="2009-03-23T17:10:27Z" finished-at="2009-03-23T17:10:28Z">
        </test-method>
        <test-method status="PASS" signature="runModel()" name="runModel (Coital Frequency 4m: Spot Check of Covariates - SES (very low married)[CoitalFrequencyNoSESm])" duration-ms="9212" started-at="2009-03-23T16:59:06Z" finished-at="2009-03-23T16:59:15Z">
        </test-method>
        <test-method status="PASS" signature="runModel()" name="runModel (Contraception Pill 1m: Check of Baseline Factor for Pill Equation Among Marrieds [ContraPill1m])" duration-ms="3977" started-at="2009-03-23T16:45:40Z" finished-at="2009-03-23T16:45:44Z">
        </test-method>
        <test-method status="PASS" signature="runModel()" name="runModel (Contraception Condom Pill 1: Check of CondomandPill Efficacy Among Unmarrieds [ContraCondPill1])" duration-ms="80042" started-at="2009-03-23T16:57:47Z" finished-at="2009-03-23T16:59:07Z">
        </test-method>
        <test-method status="PASS" signature="runModel()" name="runModel (Pregnancy Outcome Abortion Miscarriage 2m: Check Hypothesis that Miscarriages at .5 and Abortion at .5 Causes no births to occur and overall number of abortions and miscarriages to go up.[PregOut_AbortMis2m])" duration-ms="26529" started-at="2009-03-23T16:31:48Z" finished-at="2009-03-23T16:32:15Z">
        </test-method>
        <test-method status="PASS" signature="runModel()" name="runModel (Contraception Condom 1b: Check of Baseline Factor for High Condom Equation Among Unmarrieds [ContraCond1b])" duration-ms="1795" started-at="2009-03-23T16:31:54Z" finished-at="2009-03-23T16:31:56Z">
        </test-method>
        <test-method status="PASS" signature="runModel()" name="runModel (Contraception Condom 2: Spot Check of Covariates Medium Condom Equation Among Unmarrieds [ContraCond2])" duration-ms="956" started-at="2009-03-23T17:06:58Z" finished-at="2009-03-23T17:06:59Z">
        </test-method>
        <test-method status="PASS" signature="runModel()" name="runModel (Coital Frequency High Coit Threshold: Check of Unmarried Coital Frequency (High Threshold) [CoitalFrequencyHighCoitHighThresh])" duration-ms="6216" started-at="2009-03-23T16:46:28Z" finished-at="2009-03-23T16:46:34Z">
        </test-method>
        <test-method status="PASS" signature="runModel()" name="runModel (Contraception Sterilization 2: Spot Check of Covariates Sterilization Equations Among Unmarrieds [ContraSteril2])" duration-ms="970" started-at="2009-03-23T16:46:57Z" finished-at="2009-03-23T16:46:58Z">
        </test-method>
        <test-method status="PASS" signature="runModel()" name="runModel (Pregnancy Outcome Abortion 2: Second Check of Baseline Factor for Abortion among Unmarrieds[PregOut_Abort2])" duration-ms="117974" started-at="2009-03-23T16:25:49Z" finished-at="2009-03-23T16:27:47Z">
        </test-method>
        <test-method status="PASS" signature="runModel()" name="runModel (Contraception Sterilization 1: Check of Baseline Factor for Sterilization Equations Among Unmarrieds [ContraSteril1])" duration-ms="84751" started-at="2009-03-23T17:06:04Z" finished-at="2009-03-23T17:07:28Z">
        </test-method>
        <test-method status="PASS" signature="runModel()" name="runModel (Pregnancy Outcome Baseline 1m Check: Cross-check to abortion and married issue.[PregOut_CheckBasem])" duration-ms="31928" started-at="2009-03-23T16:29:46Z" finished-at="2009-03-23T16:30:18Z">
        </test-method>
        <test-method status="PASS" signature="runModel()" name="runModel (Contraception Sterilization Women Men 5m: Spot Check of Partner Sterilization Covariate for Male Sterilization Equation Among Marrieds [ContraSteril5WomenMenm])" duration-ms="9683" started-at="2009-03-23T16:58:56Z" finished-at="2009-03-23T16:59:06Z">
        </test-method>
        <test-method status="PASS" signature="runModel()" name="runModel (BaselineUnmarried[BaselineUnmarried])" duration-ms="98563" started-at="2009-03-23T16:53:19Z" finished-at="2009-03-23T16:54:58Z">
        </test-method>
        <test-method status="PASS" signature="runModel()" name="runModel (Coital Frequency Menstrual High Unmarried (high value) [CoitalFrequencyMenstrualHigh])" duration-ms="36196" started-at="2009-03-23T16:30:34Z" finished-at="2009-03-23T16:31:10Z">
        </test-method>
        <test-method status="FAIL" signature="runModel()" name="runModel (Coital Frequency Moderate Threshold: Check of Unmarried Moderate CoitFreq Thresholds [CoitalFrequencyModCoitDaily])" duration-ms="96920" started-at="2009-03-23T16:31:53Z" finished-at="2009-03-23T16:33:30Z">
          <exception class="java.lang.AssertionError">
            <message>
              <![CDATA[
Average Adult Sex Count in Lifetime 653.3003095975232 < 655]]>
            </message>
            <full-stacktrace>
              <![CDATA[java.lang.AssertionError: 
Average Adult Sex Count in Lifetime 653.3003095975232 &lt; 655
	at org.testng.Assert.fail(Assert.java:84)
	at com.metascape.escape.testng.runtime.ParameterTest.runModel(ParameterTest.java:274)
	at sun.reflect.GeneratedMethodAccessor2247.invoke(Unknown Source)
	at sun.reflect.DelegatingMethodAccessorImpl.invoke(DelegatingMethodAccessorImpl.java:25)
	at java.lang.reflect.Method.invoke(Method.java:597)
	at org.testng.internal.MethodHelper.invokeMethod(MethodHelper.java:580)
	at org.testng.internal.Invoker.invokeMethod(Invoker.java:478)
	at org.testng.internal.Invoker.invokeTestMethod(Invoker.java:617)
	at org.testng.internal.Invoker.invokeTestMethods(Invoker.java:885)
	at org.testng.internal.TestMethodWorker.invokeTestMethods(TestMethodWorker.java:126)
	at org.testng.internal.TestMethodWorker.run(TestMethodWorker.java:110)
	at org.testng.internal.thread.ThreadUtil$CountDownLatchedRunnable.run(ThreadUtil.java:132)
	at java.util.concurrent.ThreadPoolExecutor$Worker.runTask(ThreadPoolExecutor.java:885)
	at java.util.concurrent.ThreadPoolExecutor$Worker.run(ThreadPoolExecutor.java:907)
	at java.lang.Thread.run(Thread.java:637)
]]>
            </full-stacktrace>
          </exception>
        </test-method>
        <test-method status="PASS" signature="runModel()" name="runModel (Coital Frequency No Age Married: Spot Check of Covariates - Age (moderate married)[CoitalFrequencyNoAgem])" duration-ms="8051" started-at="2009-03-23T16:39:05Z" finished-at="2009-03-23T16:39:13Z">
        </test-method>
        <test-method status="PASS" signature="runModel()" name="runModel (Contraception Sterilization 4: Cross Check of Married Covariates for Sterilization Equations Among Unmarrieds [ContraSteril4])" duration-ms="898" started-at="2009-03-23T16:26:07Z" finished-at="2009-03-23T16:26:08Z">
        </test-method>
        <test-method status="PASS" signature="runModel()" name="runModel (Coital Frequency Low Coit Threshold None Married: Check of Married Low CoitFreq Thresholds [CoitalFrequencyLowCoitNonem])" duration-ms="20930" started-at="2009-03-23T16:36:27Z" finished-at="2009-03-23T16:36:47Z">
        </test-method>
        <test-method status="PASS" signature="runModel()" name="runModel (Rhythm Method No Pill: Sets all women to be pill users and no pill users to be rhythm method users, which should cause no women to be rhythm method users.[RhythmNoPill])" duration-ms="100780" started-at="2009-03-23T16:31:02Z" finished-at="2009-03-23T16:32:43Z">
        </test-method>
        <test-method status="PASS" signature="runModel()" name="runModel (Contraception All 1: Check of Contraceptive Efficacy of All Methods Among Unmarrieds [ContraAll1])" duration-ms="106878" started-at="2009-03-23T16:46:26Z" finished-at="2009-03-23T16:48:13Z">
        </test-method>
        <test-method status="PASS" signature="runModel()" name="runModel (Periods In Year 1: Check of Periods in Year Parameter for Unmarrieds [PdsinYr1])" duration-ms="103916" started-at="2009-03-23T16:35:05Z" finished-at="2009-03-23T16:36:49Z">
        </test-method>
        <test-method status="PASS" signature="runModel()" name="runModel (Contraception Pill 2: Spot Check of Covariates Pill Equation Among Unmarrieds [ContraPill2])" duration-ms="1033" started-at="2009-03-23T16:29:05Z" finished-at="2009-03-23T16:29:06Z">
        </test-method>
        <test-method status="PASS" signature="runModel()" name="runModel (Contraception Condom 1bm: Check of Baseline Factor for High Condom Equation Among Marrieds [ContraCond1bm])" duration-ms="3426" started-at="2009-03-23T16:45:49Z" finished-at="2009-03-23T16:45:52Z">
        </test-method>
        <test-method status="FAIL" signature="runModel()" name="runModel (Pregnancy Outcome Abortion Miscarriage 1m: Check Hypothesis that Miscariages at 1.0 and Abortion at 0.0 Causes all Miscarriages and overall number of pregnancies to go up.[PregOut_AbortMis1m])" duration-ms="37253" started-at="2009-03-23T16:56:11Z" finished-at="2009-03-23T16:56:48Z">
          <exception class="java.lang.AssertionError">
            <message>
              <![CDATA[
Sum Adult Miscarriages in Lifetime 1222.0 < 9800]]>
            </message>
            <full-stacktrace>
              <![CDATA[java.lang.AssertionError: 
Sum Adult Miscarriages in Lifetime 1222.0 &lt; 9800
	at org.testng.Assert.fail(Assert.java:84)
	at com.metascape.escape.testng.runtime.ParameterTest.runModel(ParameterTest.java:274)
	at sun.reflect.GeneratedMethodAccessor2247.invoke(Unknown Source)
	at sun.reflect.DelegatingMethodAccessorImpl.invoke(DelegatingMethodAccessorImpl.java:25)
	at java.lang.reflect.Method.invoke(Method.java:597)
	at org.testng.internal.MethodHelper.invokeMethod(MethodHelper.java:580)
	at org.testng.internal.Invoker.invokeMethod(Invoker.java:478)
	at org.testng.internal.Invoker.invokeTestMethod(Invoker.java:617)
	at org.testng.internal.Invoker.invokeTestMethods(Invoker.java:885)
	at org.testng.internal.TestMethodWorker.invokeTestMethods(TestMethodWorker.java:126)
	at org.testng.internal.TestMethodWorker.run(TestMethodWorker.java:110)
	at org.testng.internal.thread.ThreadUtil$CountDownLatchedRunnable.run(ThreadUtil.java:132)
	at java.util.concurrent.ThreadPoolExecutor$Worker.runTask(ThreadPoolExecutor.java:885)
	at java.util.concurrent.ThreadPoolExecutor$Worker.run(ThreadPoolExecutor.java:907)
	at java.lang.Thread.run(Thread.java:637)
]]>
            </full-stacktrace>
          </exception>
        </test-method>
        <test-method status="PASS" signature="runModel()" name="runModel (Contraception Cond 5: Cross Check of Married Covariates for Medium Condom Equation Among Unmarrieds [ContraCond5])" duration-ms="950" started-at="2009-03-23T16:27:32Z" finished-at="2009-03-23T16:27:33Z">
        </test-method>
        <test-method status="PASS" signature="runModel()" name="runModel (Coital Frequency Very Low: Functionality of Very Low Unmarried Sexual - Proclivity Baseline[CoitalFrequencyVeryLow])" duration-ms="1771" started-at="2009-03-23T16:46:18Z" finished-at="2009-03-23T16:46:20Z">
        </test-method>
        <test-method status="PASS" signature="runModel()" name="runModel (Pregnancy Outcome Abortion 2: Second Check of Baseline Factor for Abortion among Unmarrieds[PregOut_Abort2])" duration-ms="104059" started-at="2009-03-23T16:59:20Z" finished-at="2009-03-23T17:01:04Z">
        </test-method>
        <test-method status="PASS" signature="runModel()" name="runModel (Coital Frequency 6 Crosschect Married: Cross Check of Covariates - Married Parameters[CoitalFrequencyCrossUnmarried])" duration-ms="1899" started-at="2009-03-23T16:36:28Z" finished-at="2009-03-23T16:36:30Z">
        </test-method>
        <test-method status="PASS" signature="runModel()" name="runModel (Rhythm Method All Pill: All unmarrieds are pill users whom are all rhythm method users; this should reduce sex acts in lifetime by 10%.[RhythmAllPill])" duration-ms="95038" started-at="2009-03-23T16:32:40Z" finished-at="2009-03-23T16:34:15Z">
        </test-method>
        <test-method status="PASS" signature="runModel()" name="runModel (Pregnancy Outcome Poor Birth 1m: First Check of Baseline Factor for Poor Births among Marrieds[PregOut_PoorBirth1m])" duration-ms="49719" started-at="2009-03-23T16:26:11Z" finished-at="2009-03-23T16:27:01Z">
        </test-method>
        <test-method status="PASS" signature="runModel()" name="runModel (Contraception Condom Pill 1: Check of CondomandPill Efficacy Among Unmarrieds [ContraCondPill1])" duration-ms="77098" started-at="2009-03-23T16:43:47Z" finished-at="2009-03-23T16:45:05Z">
        </test-method>
        <test-method status="PASS" signature="runModel()" name="runModel (Coital Frequency No Edu: Spot Check of Covariates - Education (moderate unmarried)[CoitalFrequencyNoEdu])" duration-ms="940" started-at="2009-03-23T16:46:57Z" finished-at="2009-03-23T16:46:57Z">
        </test-method>
        <test-method status="PASS" signature="runModel()" name="runModel (Contraception Pill 5: Cross Check of Unmarried Covariates for Pill Equation Among Unmarrieds [ContraPill5])" duration-ms="869" started-at="2009-03-23T16:58:55Z" finished-at="2009-03-23T16:58:56Z">
        </test-method>
      </class>
    </test>
  </suite>
</testng-results>
