<?xml version="1.0" encoding="UTF-8"?>
<testsuite name="edu.brook.ccf.rpp.TestBaseline" failures="3" tests="3" time="0.238" errors="0">
  <properties/>
  <testcase name="married" time="0.186" classname="edu.brook.ccf.rpp.TestBaseline">
    <failure type="java.lang.NullPointerException">
      <![CDATA[java.lang.NullPointerException
	at java.io.File.<init>(File.java:194)
	at com.metascape.ecscape.test.DataTest.executeFileTest(DataTest.java:93)
	at edu.brook.ccf.rpp.TestBaseline.married(TestBaseline.java:39)
... Removed 22 stack frames]]>
    </failure>
  </testcase>
  <testcase name="baselineUnmarried" time="0.0050" classname="edu.brook.ccf.rpp.TestBaseline">
    <failure type="java.lang.NullPointerException">
      <![CDATA[java.lang.NullPointerException
	at java.io.File.<init>(File.java:194)
	at com.metascape.ecscape.test.DataTest.executeFileTest(DataTest.java:93)
	at edu.brook.ccf.rpp.TestBaseline.baselineUnmarried(TestBaseline.java:34)
... Removed 22 stack frames]]>
    </failure>
  </testcase>
  <testcase name="baselineMarried" time="0.0030" classname="edu.brook.ccf.rpp.TestBaseline">
    <failure type="java.lang.NullPointerException">
      <![CDATA[java.lang.NullPointerException
	at java.io.File.<init>(File.java:194)
	at com.metascape.ecscape.test.DataTest.executeFileTest(DataTest.java:93)
	at edu.brook.ccf.rpp.TestBaseline.baselineMarried(TestBaseline.java:29)
... Removed 22 stack frames]]>
    </failure>
  </testcase>
</testsuite>
